,number,value,datetime_start,datetime_complete,duration,params_Tu,params_Tv,system_attrs_fail_reason,state
1159,1159,575786.958350505,2022-01-14 12:20:43.501338,2022-01-14 12:20:46.383246,0 days 00:00:02.881908,11.931679736607771,35638.59311166472,,COMPLETE
1160,1160,81375880.29885197,2022-01-14 12:20:46.554892,2022-01-14 12:20:49.057636,0 days 00:00:02.502744,17.54618675487655,5048512.285454899,,COMPLETE
1161,1161,28005360.555131562,2022-01-14 12:20:49.226042,2022-01-14 12:20:51.839537,0 days 00:00:02.613495,11.78808462616974,1737429.8807778154,,COMPLETE
1162,1162,52460700.79958962,2022-01-14 12:20:52.014144,2022-01-14 12:20:54.240551,0 days 00:00:02.226407,14.939081826893304,3254617.2027658485,,COMPLETE
1163,1163,414817.8589844391,2022-01-14 12:20:54.495535,2022-01-14 12:20:59.144054,0 days 00:00:04.648519,10.556688918577576,25656.130989414974,,COMPLETE
1164,1164,1581315.8787984408,2022-01-14 12:20:59.312647,2022-01-14 12:21:02.429766,0 days 00:00:03.117119,13.015010630206929,97999.51979862568,,COMPLETE
1165,1165,29902082.101248108,2022-01-14 12:21:02.611384,2022-01-14 12:21:04.622951,0 days 00:00:02.011567,17.338167008460488,1854976.38219098,,COMPLETE
1166,1166,386149.53160674154,2022-01-14 12:21:04.802251,2022-01-14 12:21:08.847113,0 days 00:00:04.044862,9.970328305039349,23888.442077601325,,COMPLETE
1167,1167,73804134.77097888,2022-01-14 12:21:09.001722,2022-01-14 12:21:11.143143,0 days 00:00:02.141421,14.212725753367721,4578825.09597643,,COMPLETE
1168,1168,283309433.523342,2022-01-14 12:21:11.248327,2022-01-14 12:21:15.091777,0 days 00:00:03.843450,9.81940446407593,17577037.308581114,,COMPLETE
1169,1169,31089485.83332539,2022-01-14 12:21:15.236090,2022-01-14 12:21:19.261192,0 days 00:00:04.025102,11.498954550950986,1928781.8488177303,,COMPLETE
1170,1170,58765.385213165995,2022-01-14 12:21:19.427469,2022-01-14 12:21:23.653688,0 days 00:00:04.226219,12.416991864554637,3545.1069052920266,,COMPLETE
1171,1171,56656758.44819785,2022-01-14 12:21:23.788320,2022-01-14 12:21:26.546675,0 days 00:00:02.758355,16.07476671122582,3514922.2720312565,,COMPLETE
1172,1172,29564130.74884371,2022-01-14 12:21:26.734418,2022-01-14 12:21:29.547049,0 days 00:00:02.812631,15.939672427848807,1834042.8298413104,,COMPLETE
1173,1173,368490.9479065868,2022-01-14 12:21:29.722980,2022-01-14 12:21:32.243104,0 days 00:00:02.520124,13.731821904574895,22736.087923291838,,COMPLETE
1174,1174,103460516.11601725,2022-01-14 12:21:32.409096,2022-01-14 12:21:34.468870,0 days 00:00:02.059774,18.128417958580258,6418674.684687562,,COMPLETE
1175,1175,53012547.63210295,2022-01-14 12:21:34.637712,2022-01-14 12:21:37.110726,0 days 00:00:02.473014,13.141471321627439,3288896.8630425846,,COMPLETE
1176,1176,1405307.364675664,2022-01-14 12:21:37.275073,2022-01-14 12:21:39.528004,0 days 00:00:02.252931,14.945292463530128,87034.57572457881,,COMPLETE
1177,1177,904106.2768151776,2022-01-14 12:21:39.682130,2022-01-14 12:21:42.659941,0 days 00:00:02.977811,12.489203141263147,55995.82779839497,,COMPLETE
1178,1178,27626407.849763826,2022-01-14 12:21:42.838694,2022-01-14 12:21:44.948250,0 days 00:00:02.109556,16.79925542262587,1713801.8507559148,,COMPLETE
1179,1179,564291.2631152676,2022-01-14 12:21:45.131868,2022-01-14 12:21:48.385746,0 days 00:00:03.253878,11.830130147256941,34927.63782186724,,COMPLETE
1180,1180,78191906.7712992,2022-01-14 12:21:48.537088,2022-01-14 12:21:50.057612,0 days 00:00:01.520524,26.653652926978545,4850746.741313751,,COMPLETE
1181,1181,163561026.07244167,2022-01-14 12:21:50.225857,2022-01-14 12:21:52.582662,0 days 00:00:02.356805,14.641137996209483,10147518.287575468,,COMPLETE
1182,1182,239258.6989495657,2022-01-14 12:21:52.807271,2022-01-14 12:21:55.937571,0 days 00:00:03.130300,11.887012384854627,14759.847566607095,,COMPLETE
1183,1183,48920566.795083836,2022-01-14 12:21:56.127581,2022-01-14 12:21:58.253464,0 days 00:00:02.125883,18.198752249147734,3034901.674954396,,COMPLETE
1184,1184,30013413.197443906,2022-01-14 12:21:58.394852,2022-01-14 12:22:02.312240,0 days 00:00:03.917388,8.812403426577362,1862045.0051249135,,COMPLETE
1185,1185,356150.24688463745,2022-01-14 12:22:02.563721,2022-01-14 12:22:05.104153,0 days 00:00:02.540432,13.637643268134369,21972.582578105186,,COMPLETE
1186,1186,78030729.90984643,2022-01-14 12:22:05.204855,2022-01-14 12:22:06.322141,0 days 00:00:01.117286,32.059605117243464,4840609.939045911,,COMPLETE
1187,1187,1054643.4523554044,2022-01-14 12:22:06.495152,2022-01-14 12:22:09.095478,0 days 00:00:02.600326,16.21127893583333,65248.421294163185,,COMPLETE
1188,1188,987397.0102230774,2022-01-14 12:22:09.267708,2022-01-14 12:22:12.781464,0 days 00:00:03.513756,10.876859399336986,61174.241441731705,,COMPLETE
1189,1189,53952791.405447446,2022-01-14 12:22:12.926320,2022-01-14 12:22:16.384584,0 days 00:00:03.458264,8.115724438329053,3347306.8207808738,,COMPLETE
1190,1190,32676548.722213004,2022-01-14 12:22:16.550318,2022-01-14 12:22:21.722850,0 days 00:00:05.172532,4.456616641860862,2027339.1415999436,,COMPLETE
1191,1191,102279198.73305741,2022-01-14 12:22:21.940853,2022-01-14 12:22:25.178793,0 days 00:00:03.237940,12.862268795937165,6345508.185645848,,COMPLETE
1192,1192,34569847.15006274,2022-01-14 12:22:25.337633,2022-01-14 12:22:27.308458,0 days 00:00:01.970825,14.765327248379913,2144635.7379062856,,COMPLETE
1193,1193,31448822.513999674,2022-01-14 12:22:27.434980,2022-01-14 12:22:28.311546,0 days 00:00:00.876566,61.9271314908373,1949814.7961995052,,COMPLETE
1194,1194,66956942.97690575,2022-01-14 12:22:28.430621,2022-01-14 12:22:32.353919,0 days 00:00:03.923298,9.98532050530806,4154078.1261726846,,COMPLETE
1195,1195,28988542.744963694,2022-01-14 12:22:32.524073,2022-01-14 12:22:36.194439,0 days 00:00:03.670366,7.3441386131848345,1798485.9891754517,,COMPLETE
1196,1196,1594276.2341991598,2022-01-14 12:22:36.348737,2022-01-14 12:22:41.993617,0 days 00:00:05.644880,5.607352837988741,98915.13416468732,,COMPLETE
1197,1197,129401284.82971388,2022-01-14 12:22:42.147240,2022-01-14 12:22:44.486167,0 days 00:00:02.338927,13.651353491665768,8028200.356588495,,COMPLETE
1198,1198,58254047.48029286,2022-01-14 12:22:44.622239,2022-01-14 12:22:47.813661,0 days 00:00:03.191422,11.071101844521122,3614136.8016990726,,COMPLETE
1199,1199,34120321.72994501,2022-01-14 12:22:47.943796,2022-01-14 12:22:48.922520,0 days 00:00:00.978724,39.24048329309396,2116135.3081985647,,COMPLETE
1200,1200,716597.9232962354,2022-01-14 12:22:49.058311,2022-01-14 12:22:52.082824,0 days 00:00:03.024513,9.116359542087928,44405.02585537644,,COMPLETE
1201,1201,83483680.21780308,2022-01-14 12:22:52.223710,2022-01-14 12:22:56.207295,0 days 00:00:03.983585,4.062678568578645,5179523.8486130405,,COMPLETE
1202,1202,32064637.17276826,2022-01-14 12:22:56.348800,2022-01-14 12:22:58.502282,0 days 00:00:02.153482,18.232562951681697,1989124.1001162431,,COMPLETE
1203,1203,28131060.11280281,2022-01-14 12:22:58.669555,2022-01-14 12:23:01.143588,0 days 00:00:02.474033,12.085045304457743,1745221.8487988967,,COMPLETE
1204,1204,1174861645.7458239,2022-01-14 12:23:01.310411,2022-01-14 12:23:04.513809,0 days 00:00:03.203398,6.969906120023328,72890829.94385801,,COMPLETE
1205,1205,2113298.6932956656,2022-01-14 12:23:04.668604,2022-01-14 12:23:06.629704,0 days 00:00:01.961100,15.875261798188395,130937.8147380715,,COMPLETE
1206,1206,67574329.95690049,2022-01-14 12:23:06.741399,2022-01-14 12:23:09.672878,0 days 00:00:02.931479,8.373671564002368,4192410.847940575,,COMPLETE
1207,1207,454917.4353870272,2022-01-14 12:23:09.802031,2022-01-14 12:23:12.584962,0 days 00:00:02.782931,3.517554967320441,28253.321576587605,,COMPLETE
1208,1208,53297593.53661814,2022-01-14 12:23:12.726360,2022-01-14 12:23:31.327576,0 days 00:00:18.601216,10.607547642862487,3306612.1967861084,,COMPLETE
1209,1209,780809.25154243,2022-01-14 12:23:31.467543,2022-01-14 12:23:33.918389,0 days 00:00:02.450846,14.714730703579596,48294.68138721895,,COMPLETE
1210,1210,26330117.752605096,2022-01-14 12:23:34.052664,2022-01-14 12:23:37.309898,0 days 00:00:03.257234,12.8380851419486,1633470.6193350076,,COMPLETE
1211,1211,929223.1122683557,2022-01-14 12:23:37.457726,2022-01-14 12:23:38.836002,0 days 00:00:01.378276,33.94884494812805,57024.550038590394,,COMPLETE
1212,1212,95447248.68094927,2022-01-14 12:23:39.019210,2022-01-14 12:23:39.766624,0 days 00:00:00.747414,64.93336511883521,5920333.351398216,,COMPLETE
1213,1213,1487621.032615754,2022-01-14 12:23:39.894016,2022-01-14 12:23:45.811698,0 days 00:00:05.917682,6.122409759906047,92290.55303760317,,COMPLETE
1214,1214,48886610.916969284,2022-01-14 12:23:45.937550,2022-01-14 12:23:48.781470,0 days 00:00:02.843920,9.346197931374025,3032968.3324827617,,COMPLETE
1215,1215,503056.7896417537,2022-01-14 12:23:48.921920,2022-01-14 12:23:51.242637,0 days 00:00:02.320717,17.07652511774239,31005.63234918564,,COMPLETE
1216,1216,885502.9121951626,2022-01-14 12:23:51.382660,2022-01-14 12:23:54.560249,0 days 00:00:03.177589,11.672524414870942,54860.02666802317,,COMPLETE
1217,1217,54750041.19200565,2022-01-14 12:23:54.690145,2022-01-14 12:23:59.900426,0 days 00:00:05.210281,5.130999816133431,3396815.4053656477,,COMPLETE
1218,1218,1626451.954898532,2022-01-14 12:24:00.038694,2022-01-14 12:24:02.607176,0 days 00:00:02.568482,13.532936707522717,100787.91893371033,,COMPLETE
1219,1219,30044838.855767258,2022-01-14 12:24:02.748441,2022-01-14 12:24:05.799036,0 days 00:00:03.050595,8.078606964406418,1864008.6108689483,,COMPLETE
1220,1220,101596462.9776011,2022-01-14 12:24:05.940833,2022-01-14 12:24:06.939233,0 days 00:00:00.998400,36.434918633600525,6302565.846967322,,COMPLETE
1221,1221,864090.5702306799,2022-01-14 12:24:07.077368,2022-01-14 12:24:09.889106,0 days 00:00:02.811738,3.4652124589258344,53639.835326951914,,COMPLETE
1222,1222,75087705.49885516,2022-01-14 12:24:10.027846,2022-01-14 12:24:12.466829,0 days 00:00:02.438983,15.312550838465988,4658434.544630742,,COMPLETE
1223,1223,717820.6322248791,2022-01-14 12:24:12.653444,2022-01-14 12:24:15.124116,0 days 00:00:02.470672,18.283884242677935,44300.97155865969,,COMPLETE
1224,1224,29367485.88324652,2022-01-14 12:24:15.262248,2022-01-14 12:24:20.134488,0 days 00:00:04.872240,6.53193635736265,1822009.2865981702,,COMPLETE
1225,1225,583052.5314480047,2022-01-14 12:24:20.353457,2022-01-14 12:24:24.261897,0 days 00:00:03.908440,10.42778360835226,36096.26918214786,,COMPLETE
1226,1226,160639.3537106919,2022-01-14 12:24:24.396648,2022-01-14 12:24:27.430505,0 days 00:00:03.033857,12.351260329534384,9870.98018090999,,COMPLETE
1227,1227,53304734.71558791,2022-01-14 12:24:27.566642,2022-01-14 12:24:30.624722,0 days 00:00:03.058080,8.978919383997777,3307084.3146086205,,COMPLETE
1228,1228,31218046.35878974,2022-01-14 12:24:30.758270,2022-01-14 12:24:31.783409,0 days 00:00:01.025139,41.888127439031045,1936005.0131068425,,COMPLETE
1229,1229,781460228.4947709,2022-01-14 12:24:31.964349,2022-01-14 12:24:33.590300,0 days 00:00:01.625951,14.182160776466691,48483273.9022573,,COMPLETE
1230,1230,81065271.42752555,2022-01-14 12:24:33.794226,2022-01-14 12:24:34.742100,0 days 00:00:00.947874,59.86553050601411,5028174.21209291,,COMPLETE
1231,1231,836798.9352613998,2022-01-14 12:24:34.893320,2022-01-14 12:24:40.467942,0 days 00:00:05.574622,5.421475608734899,51922.27074674088,,COMPLETE
1232,1232,128010761.42749062,2022-01-14 12:24:40.594495,2022-01-14 12:24:44.578158,0 days 00:00:03.983663,10.548459534742797,7941972.817556773,,COMPLETE
1233,1233,51001275.91040778,2022-01-14 12:24:44.747892,2022-01-14 12:24:45.996441,0 days 00:00:01.248549,29.955933028259018,3163700.024178835,,COMPLETE
1234,1234,448406.18866607203,2022-01-14 12:24:46.126741,2022-01-14 12:24:49.858485,0 days 00:00:03.731744,7.52079208286189,27793.861332847835,,COMPLETE
1235,1235,27994302.701619223,2022-01-14 12:24:49.986419,2022-01-14 12:24:51.817147,0 days 00:00:01.830728,15.914973678570384,1736648.0559538072,,COMPLETE
1236,1236,16040.963741150672,2022-01-14 12:24:51.945645,2022-01-14 12:25:10.424815,0 days 00:00:18.479170,11.167058115256317,901.8857800993501,,COMPLETE
1237,1237,615961.285925425,2022-01-14 12:25:10.563041,2022-01-14 12:25:13.940881,0 days 00:00:03.377840,8.475860069742842,38173.26679930189,,COMPLETE
1238,1238,52958492.866080895,2022-01-14 12:25:14.074855,2022-01-14 12:25:17.618155,0 days 00:00:03.543300,2.996447992820747,3285688.9984032246,,COMPLETE
1239,1239,759460.7937247436,2022-01-14 12:25:17.795000,2022-01-14 12:25:21.899379,0 days 00:00:04.104379,10.468781217398405,47040.26554241092,,COMPLETE
1240,1240,29943385.067126162,2022-01-14 12:25:22.021508,2022-01-14 12:25:26.914912,0 days 00:00:04.893404,5.744531749601878,1857750.559903985,,COMPLETE
1241,1241,93479257.75716272,2022-01-14 12:25:27.049115,2022-01-14 12:25:30.283646,0 days 00:00:03.234531,7.513424241376013,5799620.602803931,,COMPLETE
1242,1242,29455630.525545407,2022-01-14 12:25:30.412833,2022-01-14 12:25:33.546096,0 days 00:00:03.133263,11.081154263783084,1827423.2087247781,,COMPLETE
1243,1243,70890500.65095975,2022-01-14 12:25:33.684630,2022-01-14 12:25:36.539037,0 days 00:00:02.854407,3.736123356063967,4398220.343830851,,COMPLETE
1244,1244,51249474.65444509,2022-01-14 12:25:36.700859,2022-01-14 12:25:39.769809,0 days 00:00:03.068950,9.686100085366336,3179559.803712623,,COMPLETE
1245,1245,25781806.845862918,2022-01-14 12:25:39.941546,2022-01-14 12:25:45.755893,0 days 00:00:05.814347,6.291714985807982,1599549.60385935,,COMPLETE
1246,1246,594129.1003243047,2022-01-14 12:25:45.916961,2022-01-14 12:25:46.910456,0 days 00:00:00.993495,55.69329726714213,35683.03727892824,,COMPLETE
1247,1247,354590.09030710574,2022-01-14 12:25:47.041449,2022-01-14 12:25:48.077392,0 days 00:00:01.035943,73.2143211592,20376.72569612439,,COMPLETE
1248,1248,56301816.50288815,2022-01-14 12:25:48.222881,2022-01-14 12:25:50.539926,0 days 00:00:02.317045,12.432460570136657,3492986.0204313397,,COMPLETE
1249,1249,25614955.24495686,2022-01-14 12:25:50.707299,2022-01-14 12:25:53.449800,0 days 00:00:02.742501,9.074426755446003,1589151.448311387,,COMPLETE
1250,1250,1102433.875297794,2022-01-14 12:25:53.597659,2022-01-14 12:25:54.497358,0 days 00:00:00.899699,68.33584826091484,66899.16805253626,,COMPLETE
1251,1251,891109.8319265364,2022-01-14 12:25:54.622978,2022-01-14 12:25:55.733157,0 days 00:00:01.110179,38.362697404774735,54547.99646138021,,COMPLETE
1252,1252,71100585.31876485,2022-01-14 12:25:55.859392,2022-01-14 12:26:00.011325,0 days 00:00:04.151933,2.052112069905116,4411269.130488548,,COMPLETE
1253,1253,29995031.184583124,2022-01-14 12:26:00.124579,2022-01-14 12:26:03.806142,0 days 00:00:03.681563,7.660911428856417,1860924.284274766,,COMPLETE
1254,1254,97412578.2250728,2022-01-14 12:26:03.951122,2022-01-14 12:26:06.402943,0 days 00:00:02.451821,12.320484557699912,6043585.273825249,,COMPLETE
1255,1255,31636780.398105945,2022-01-14 12:26:06.556989,2022-01-14 12:26:09.138890,0 days 00:00:02.581901,4.098621330505841,1962834.4866333443,,COMPLETE
1256,1256,629877.5072504914,2022-01-14 12:26:09.289117,2022-01-14 12:26:13.581869,0 days 00:00:04.292752,10.166237479689787,39006.26845999689,,COMPLETE
1257,1257,54591507.980502896,2022-01-14 12:26:13.721054,2022-01-14 12:26:15.312630,0 days 00:00:01.591576,25.98025118169946,3386546.2448846274,,COMPLETE
1258,1258,29076344.55565846,2022-01-14 12:26:15.481595,2022-01-14 12:26:21.767646,0 days 00:00:06.286051,6.083036446102738,1803952.6450943153,,COMPLETE
1259,1259,116596133.45319076,2022-01-14 12:26:21.932353,2022-01-14 12:26:25.028585,0 days 00:00:03.096232,8.538414646064124,7233822.114682006,,COMPLETE
1260,1260,592546153.0117456,2022-01-14 12:26:25.188994,2022-01-14 12:26:27.662783,0 days 00:00:02.473789,13.17708226259004,36762677.136194065,,COMPLETE
1261,1261,709552.5860820594,2022-01-14 12:26:27.832342,2022-01-14 12:26:32.588786,0 days 00:00:04.756444,11.112037328542154,43955.9304527178,,COMPLETE
1262,1262,191990746.56415954,2022-01-14 12:26:32.725373,2022-01-14 12:26:37.641629,0 days 00:00:04.916256,5.164740066299392,11911512.237353414,,COMPLETE
1263,1263,77199322.95813602,2022-01-14 12:26:37.804204,2022-01-14 12:26:39.413022,0 days 00:00:01.608818,14.301581290899712,4789467.510552438,,COMPLETE
1264,1264,30429965.662249915,2022-01-14 12:26:39.526107,2022-01-14 12:26:41.831899,0 days 00:00:02.305792,2.6249969730556404,1887975.7336560092,,COMPLETE
1265,1265,677625.4910308368,2022-01-14 12:26:41.981077,2022-01-14 12:26:45.003025,0 days 00:00:03.021948,7.120196571631073,42021.64927510317,,COMPLETE
1266,1266,1105409.968943952,2022-01-14 12:26:45.134473,2022-01-14 12:26:47.852887,0 days 00:00:02.718414,8.820440073866497,68532.90516491522,,COMPLETE
1267,1267,1251545679.3266563,2022-01-14 12:26:47.980177,2022-01-14 12:26:50.795432,0 days 00:00:02.815255,11.415358340303822,77648410.89630318,,COMPLETE
1268,1268,52402425.97993319,2022-01-14 12:26:50.927590,2022-01-14 12:26:53.174165,0 days 00:00:02.246575,15.290904514815168,3250993.3837255463,,COMPLETE
1269,1269,807074.1861664302,2022-01-14 12:26:53.309867,2022-01-14 12:26:56.254443,0 days 00:00:02.944576,4.195507635601274,50094.51268019702,,COMPLETE
1270,1270,29328675.60404052,2022-01-14 12:26:56.559493,2022-01-14 12:26:57.446705,0 days 00:00:00.887212,57.66423873382584,1818384.5713689106,,COMPLETE
1271,1271,155175.42872453333,2022-01-14 12:26:57.595293,2022-01-14 12:27:00.977473,0 days 00:00:03.382180,13.209875174176954,9512.336397776702,,COMPLETE
1272,1272,79880119.85470729,2022-01-14 12:27:01.140264,2022-01-14 12:27:04.584310,0 days 00:00:03.444046,10.022971226174324,4955858.061620571,,COMPLETE
1273,1273,53739337.2711739,2022-01-14 12:27:04.804485,2022-01-14 12:27:06.901035,0 days 00:00:02.096550,18.620923369087144,3333857.898965471,,COMPLETE
1274,1274,1155027.6381209465,2022-01-14 12:27:07.029650,2022-01-14 12:27:25.080802,0 days 00:00:18.051152,6.825975063786145,71645.38177738106,,COMPLETE
1275,1275,30897747.19382182,2022-01-14 12:27:25.257904,2022-01-14 12:27:26.302419,0 days 00:00:01.044515,40.35936678659767,1916171.7486218752,,COMPLETE
1276,1276,27831948.12277373,2022-01-14 12:27:26.487503,2022-01-14 12:27:27.599135,0 days 00:00:01.111632,32.55871565739371,1726160.998955133,,COMPLETE
1277,1277,68121998.8773253,2022-01-14 12:27:27.740994,2022-01-14 12:27:28.758351,0 days 00:00:01.017357,35.99213993601718,4225752.064239098,,COMPLETE
1278,1278,628235.8839024496,2022-01-14 12:27:28.951956,2022-01-14 12:27:42.213226,0 days 00:00:13.261270,1.7776497047828643,39016.93183226281,,COMPLETE
1279,1279,137833690.98551098,2022-01-14 12:27:42.359912,2022-01-14 12:27:44.975650,0 days 00:00:02.615738,16.70523692359637,8551291.98030598,,COMPLETE
1280,1280,54001095.083420515,2022-01-14 12:27:45.108477,2022-01-14 12:27:45.864737,0 days 00:00:00.756260,63.28523514479626,3348970.0177917373,,COMPLETE
1281,1281,530615845.5024788,2022-01-14 12:27:46.020411,2022-01-14 12:27:49.771670,0 days 00:00:03.751259,12.687728045559195,32920403.85608786,,COMPLETE
1282,1282,30643275.552751902,2022-01-14 12:27:49.900993,2022-01-14 12:27:52.952308,0 days 00:00:03.051315,8.228225106973218,1901134.3166005241,,COMPLETE
1283,1283,1054377705.0294046,2022-01-14 12:27:53.078766,2022-01-14 12:27:58.350030,0 days 00:00:05.271264,5.128713926000804,65415783.77457676,,COMPLETE
1284,1284,764082.692193787,2022-01-14 12:27:58.523509,2022-01-14 12:28:01.341916,0 days 00:00:02.818407,11.252572519105794,47336.149329556036,,COMPLETE
1285,1285,110022508.29042034,2022-01-14 12:28:01.519075,2022-01-14 12:28:03.389254,0 days 00:00:01.870179,14.0738470469605,6825891.13705479,,COMPLETE
1286,1286,27475581.33152432,2022-01-14 12:28:03.520811,2022-01-14 12:28:07.346112,0 days 00:00:03.825301,8.964723985267845,1704590.4485634626,,COMPLETE
1287,1287,853575.5170761612,2022-01-14 12:28:07.491717,2022-01-14 12:28:16.778971,0 days 00:00:09.287254,6.895807290848141,52941.54654490973,,COMPLETE
1288,1288,41754.03018247332,2022-01-14 12:28:16.944335,2022-01-14 12:28:19.942558,0 days 00:00:02.998223,3.353253637873025,2620.883848044196,,COMPLETE
1289,1289,74988982.64771809,2022-01-14 12:28:20.073325,2022-01-14 12:28:38.492082,0 days 00:00:18.418757,2.6925335297751376,4652508.769237915,,COMPLETE
1290,1290,1174057.327296624,2022-01-14 12:28:38.627138,2022-01-14 12:28:43.801351,0 days 00:00:05.174213,5.164325394966797,72850.04239913623,,COMPLETE
1291,1291,52877153.966602795,2022-01-14 12:28:44.231843,2022-01-14 12:29:01.959102,0 days 00:00:17.727259,0.2477702235240562,3280706.3649026062,,COMPLETE
1292,1292,44174.35102800743,2022-01-14 12:29:02.133538,2022-01-14 12:29:19.050365,0 days 00:00:16.916827,1.8499257656750379,2783.1703268151005,,COMPLETE
1293,1293,827965.8478370752,2022-01-14 12:29:19.186972,2022-01-14 12:29:37.743644,0 days 00:00:18.556672,4.400907507360493,51388.110415357405,,COMPLETE
1294,1294,97902509.65783298,2022-01-14 12:29:37.870237,2022-01-14 12:29:39.578351,0 days 00:00:01.708114,0.9445602942882321,6074121.869248989,,COMPLETE
1295,1295,27727522.40700872,2022-01-14 12:29:39.718492,2022-01-14 12:29:44.146236,0 days 00:00:04.427744,2.2063519130329867,1720313.5255967318,,COMPLETE
1296,1296,53339851.74918722,2022-01-14 12:29:44.285352,2022-01-14 12:29:46.575451,0 days 00:00:02.290099,2.203000221234919,3309355.4494856815,,COMPLETE
1297,1297,1057441.4743286406,2022-01-14 12:29:46.700102,2022-01-14 12:29:49.725342,0 days 00:00:03.025240,3.60125971312379,65634.29084541035,,COMPLETE
1298,1298,33179922.743449956,2022-01-14 12:29:49.868129,2022-01-14 12:29:52.597527,0 days 00:00:02.729398,0.9808178669460599,2058598.589499523,,COMPLETE
1299,1299,82432925.45854773,2022-01-14 12:29:52.726189,2022-01-14 12:29:55.934680,0 days 00:00:03.208491,0.29315362205899653,5114407.557212573,,COMPLETE
1300,1300,28368694.420522846,2022-01-14 12:29:56.055114,2022-01-14 12:30:14.706334,0 days 00:00:18.651220,1.561020262934785,1760093.395617847,,COMPLETE
1301,1301,56539234.269719556,2022-01-14 12:30:14.842471,2022-01-14 12:30:32.333879,0 days 00:00:17.491408,0.1911421761512675,3507909.4210592364,,COMPLETE
