,number,value,datetime_start,datetime_complete,duration,params_Tu,params_Tv,system_attrs_fail_reason,state
1445,1445,81981675.99571534,2022-01-14 12:44:11.172510,2022-01-14 12:44:14.585460,0 days 00:00:03.412950,8.586285905942567,5086268.731887085,,COMPLETE
1446,1446,167049.34442192753,2022-01-14 12:44:14.724454,2022-01-14 12:44:21.827617,0 days 00:00:07.103163,6.098506406242964,10359.681996519466,,COMPLETE
1447,1447,29996911.304344524,2022-01-14 12:44:21.983437,2022-01-14 12:44:24.596760,0 days 00:00:02.613323,3.1921743826751725,1861103.149453636,,COMPLETE
1448,1448,169450302.90198094,2022-01-14 12:44:24.764591,2022-01-14 12:44:27.313623,0 days 00:00:02.549032,13.979930373316487,10512916.652139166,,COMPLETE
1449,1449,113631743.13755178,2022-01-14 12:44:27.448237,2022-01-14 12:44:29.752776,0 days 00:00:02.304539,8.246390549993556,7049910.463556812,,COMPLETE
1450,1450,56109473.11167226,2022-01-14 12:44:29.879590,2022-01-14 12:44:35.375615,0 days 00:00:05.496025,11.039384962803663,3481058.77361521,,COMPLETE
1451,1451,932755.1296485296,2022-01-14 12:44:35.504707,2022-01-14 12:44:39.937585,0 days 00:00:04.432878,4.363015726056451,57889.9344510886,,COMPLETE
1452,1452,27914233.40345767,2022-01-14 12:44:40.092875,2022-01-14 12:44:43.836686,0 days 00:00:03.743811,6.864652262010164,1731841.2970415996,,COMPLETE
1453,1453,28002569.69481637,2022-01-14 12:44:44.013401,2022-01-14 12:44:46.365845,0 days 00:00:02.352444,13.55515953017657,1737216.5128569792,,COMPLETE
1454,1454,72733348.9147007,2022-01-14 12:44:46.538387,2022-01-14 12:44:50.629119,0 days 00:00:04.090732,10.554562597729767,4512447.669403671,,COMPLETE
1455,1455,27139129.1465612,2022-01-14 12:44:50.840562,2022-01-14 12:44:51.587163,0 days 00:00:00.746601,74.78521065701662,1682106.5113351762,,COMPLETE
1456,1456,1171974.127292429,2022-01-14 12:44:51.720274,2022-01-14 12:44:52.702148,0 days 00:00:00.981874,57.67046748342882,71484.01532400979,,COMPLETE
1457,1457,380318.0809721112,2022-01-14 12:44:52.834060,2022-01-14 12:45:11.586587,0 days 00:00:18.752527,1.636264968757077,23636.249337057357,,COMPLETE
1458,1458,69082130.63630655,2022-01-14 12:45:11.729694,2022-01-14 12:45:16.827403,0 days 00:00:05.097709,5.1717268666767,4286007.3307908075,,COMPLETE
1459,1459,170439.1058631763,2022-01-14 12:45:16.988227,2022-01-14 12:45:20.168875,0 days 00:00:03.180648,8.15440206966679,10536.407656201074,,COMPLETE
1460,1460,56627479.80672497,2022-01-14 12:45:20.309029,2022-01-14 12:45:38.530607,0 days 00:00:18.221578,13.189834600788966,3513173.6173189185,,COMPLETE
1461,1461,876224723.2667866,2022-01-14 12:45:38.664340,2022-01-14 12:45:42.818872,0 days 00:00:04.154532,10.57526944140792,54362714.44200569,,COMPLETE
1462,1462,28169468.130200528,2022-01-14 12:45:42.946400,2022-01-14 12:45:45.260276,0 days 00:00:02.313876,15.494178846876228,1747525.7010387562,,COMPLETE
1463,1463,99064454.74311255,2022-01-14 12:45:45.382310,2022-01-14 12:46:03.675219,0 days 00:00:18.292909,3.8285799967358605,6146189.736295903,,COMPLETE
1464,1464,864284.8477165886,2022-01-14 12:46:03.804891,2022-01-14 12:46:09.955663,0 days 00:00:06.150772,6.861470810119897,53606.52107110401,,COMPLETE
1465,1465,1606654.454715422,2022-01-14 12:46:10.105131,2022-01-14 12:46:12.658714,0 days 00:00:02.553583,11.722755780874026,99600.80806418127,,COMPLETE
1466,1466,51196808.59008206,2022-01-14 12:46:12.801931,2022-01-14 12:46:31.363260,0 days 00:00:18.561329,1.8052553433318628,3176395.6920459447,,COMPLETE
1467,1467,27818613.24978216,2022-01-14 12:46:31.578204,2022-01-14 12:46:34.067451,0 days 00:00:02.489247,8.721816317917362,1725878.1915891992,,COMPLETE
1468,1468,1684086.4485019543,2022-01-14 12:46:34.235780,2022-01-14 12:46:39.087849,0 days 00:00:04.852069,5.614808434903013,104487.04115738251,,COMPLETE
1469,1469,1253460.3274629111,2022-01-14 12:46:39.239303,2022-01-14 12:46:42.558238,0 days 00:00:03.318935,9.087538488891223,77713.62519023978,,COMPLETE
1470,1470,1575084.924792038,2022-01-14 12:46:42.678204,2022-01-14 12:46:45.224638,0 days 00:00:02.546434,12.41728107488343,97626.50963750722,,COMPLETE
1471,1471,143193480.98929,2022-01-14 12:46:45.376134,2022-01-14 12:46:47.700262,0 days 00:00:02.324128,3.4829651027274426,8884049.525588052,,COMPLETE
1472,1472,54151922.04866165,2022-01-14 12:46:47.830088,2022-01-14 12:46:50.020917,0 days 00:00:02.190829,15.376000065050434,3359533.716534148,,COMPLETE
1473,1473,302355910.83384526,2022-01-14 12:46:50.156862,2022-01-14 12:46:51.054391,0 days 00:00:00.897529,63.03477571327974,18757422.951084167,,COMPLETE
1474,1474,670980.3107083116,2022-01-14 12:46:51.181743,2022-01-14 12:46:52.033857,0 days 00:00:00.852114,66.49722260787841,40177.22458159075,,COMPLETE
1475,1475,92479868.9142716,2022-01-14 12:46:52.157191,2022-01-14 12:46:55.206529,0 days 00:00:03.049338,8.540020680212933,5737599.141968857,,COMPLETE
1476,1476,9.223372036854776e+18,2022-01-14 12:46:55.328869,2022-01-14 12:46:56.342469,0 days 00:00:01.013600,0.10203813135319195,1983366.431167253,,COMPLETE
1477,1477,9.223372036854776e+18,2022-01-14 12:46:56.469522,2022-01-14 12:46:56.710797,0 days 00:00:00.241275,0.05604256366579774,4640.298649947326,,COMPLETE
1478,1478,55694866.86243627,2022-01-14 12:46:56.850868,2022-01-14 12:47:04.258533,0 days 00:00:07.407665,6.188460619815742,3455419.2777807657,,COMPLETE
1479,1479,32823880.122425597,2022-01-14 12:47:04.391456,2022-01-14 12:47:09.811082,0 days 00:00:05.419626,11.017407261061058,2036372.8270931025,,COMPLETE
1480,1480,79431724.99063982,2022-01-14 12:47:09.969899,2022-01-14 12:47:14.496068,0 days 00:00:04.526169,4.71893022865532,4928123.627061255,,COMPLETE
1481,1481,29278766.362777583,2022-01-14 12:47:14.632707,2022-01-14 12:47:17.537032,0 days 00:00:02.904325,12.626737665608445,1816415.657780023,,COMPLETE
1482,1482,1964200.4195438782,2022-01-14 12:47:17.675259,2022-01-14 12:47:22.079881,0 days 00:00:04.404622,7.505534115449345,121837.21818549775,,COMPLETE
1483,1483,50968168.45923331,2022-01-14 12:47:22.197391,2022-01-14 12:47:24.154335,0 days 00:00:01.956944,23.967760747611003,3161797.786572725,,COMPLETE
1484,1484,122825184.51164295,2022-01-14 12:47:24.308028,2022-01-14 12:47:27.370511,0 days 00:00:03.062483,2.150306150791547,7620369.616829708,,COMPLETE
1485,1485,111581.16019390292,2022-01-14 12:47:27.555090,2022-01-14 12:47:31.537366,0 days 00:00:03.982276,10.976391257987729,6834.225849440914,,COMPLETE
1486,1486,1077854.1146732788,2022-01-14 12:47:31.692133,2022-01-14 12:47:34.647919,0 days 00:00:02.955786,9.197389145792979,66816.72276672063,,COMPLETE
1487,1487,51005564.126261204,2022-01-14 12:47:34.773447,2022-01-14 12:47:36.364285,0 days 00:00:01.590838,14.24825843387722,3164353.770904085,,COMPLETE
1488,1488,29295660.543078963,2022-01-14 12:47:36.498189,2022-01-14 12:47:42.590121,0 days 00:00:06.091932,6.239729288075092,1817557.1368547168,,COMPLETE
1489,1489,28871693.78890271,2022-01-14 12:47:42.715482,2022-01-14 12:47:43.592794,0 days 00:00:00.877312,53.77554748858184,1790131.063552285,,COMPLETE
1490,1490,82423107.36766574,2022-01-14 12:47:43.736729,2022-01-14 12:47:46.094827,0 days 00:00:02.358098,3.1978364571390467,5113732.762023999,,COMPLETE
1491,1491,1397765.2799427633,2022-01-14 12:47:46.225430,2022-01-14 12:47:48.569389,0 days 00:00:02.343959,17.10729638663587,86514.92824750551,,COMPLETE
1492,1492,1326680.469992155,2022-01-14 12:47:48.697236,2022-01-14 12:47:52.489279,0 days 00:00:03.792043,9.968208188542107,82241.11197919099,,COMPLETE
1493,1493,1905923.1009360335,2022-01-14 12:47:52.628269,2022-01-14 12:47:59.548440,0 days 00:00:06.920171,6.878949434515066,118231.66859210345,,COMPLETE
1494,1494,88010.10944642748,2022-01-14 12:47:59.684168,2022-01-14 12:48:04.345551,0 days 00:00:04.661383,0.12601078146082934,5554.695117105048,,COMPLETE
1495,1495,62249399.27934349,2022-01-14 12:48:04.481864,2022-01-14 12:48:06.184411,0 days 00:00:01.702547,19.820207709387518,3861813.826929175,,COMPLETE
1496,1496,955632.2378059672,2022-01-14 12:48:06.313269,2022-01-14 12:48:10.346430,0 days 00:00:04.033161,13.053407714519139,59179.77051460701,,COMPLETE
1497,1497,27754661.483477235,2022-01-14 12:48:10.473568,2022-01-14 12:48:15.144674,0 days 00:00:04.671106,4.677978427494927,1721972.2285370128,,COMPLETE
1498,1498,1528743235.364624,2022-01-14 12:48:15.287005,2022-01-14 12:48:18.711963,0 days 00:00:03.424958,8.383655344032547,94846352.4992773,,COMPLETE
1499,1499,9.223372036854776e+18,2022-01-14 12:48:18.879255,2022-01-14 12:48:19.112512,0 days 00:00:00.233257,0.020230430072078143,5763051.198637484,,COMPLETE
1500,1500,1160719.5008463257,2022-01-14 12:48:19.253412,2022-01-14 12:48:23.498252,0 days 00:00:04.244840,10.211645493896988,71940.01671161281,,COMPLETE
1501,1501,629778.698532457,2022-01-14 12:48:23.634204,2022-01-14 12:48:25.721097,0 days 00:00:02.086893,14.48078651462005,38929.83909198467,,COMPLETE
1502,1502,98127.59154816912,2022-01-14 12:48:25.898564,2022-01-14 12:48:44.157193,0 days 00:00:18.258629,1.9935772584305607,6129.906015352388,,COMPLETE
1503,1503,54999993.53335091,2022-01-14 12:48:44.293620,2022-01-14 12:48:47.003258,0 days 00:00:02.709638,11.57569082576315,3412237.506844247,,COMPLETE
1504,1504,31638527.56002742,2022-01-14 12:48:47.139811,2022-01-14 12:48:51.754680,0 days 00:00:04.614869,4.79768037361505,1962933.7483363522,,COMPLETE
1505,1505,56384963.69717544,2022-01-14 12:48:51.904150,2022-01-14 12:48:54.589590,0 days 00:00:02.685440,7.733459787761879,3498209.125879918,,COMPLETE
1506,1506,280343.2301437326,2022-01-14 12:48:54.720145,2022-01-14 12:48:57.998505,0 days 00:00:03.278360,12.51566545212983,17294.83807577528,,COMPLETE
1507,1507,1091710.5424424305,2022-01-14 12:48:58.123271,2022-01-14 12:48:58.984494,0 days 00:00:00.861223,77.29728020801878,66006.66594657279,,COMPLETE
1508,1508,467548696.9056318,2022-01-14 12:48:59.141935,2022-01-14 12:49:02.577379,0 days 00:00:03.435444,6.657110315715806,29007676.200632747,,COMPLETE
1509,1509,28999051.401913323,2022-01-14 12:49:02.710561,2022-01-14 12:49:04.798485,0 days 00:00:02.087924,15.146612348813433,1799003.0114213976,,COMPLETE
1510,1510,92510397.42427763,2022-01-14 12:49:04.950739,2022-01-14 12:49:05.831061,0 days 00:00:00.880322,56.48467896962606,5738339.222268304,,COMPLETE
1511,1511,55508066.48608893,2022-01-14 12:49:05.969051,2022-01-14 12:49:09.975710,0 days 00:00:04.006659,3.321167161355783,3443866.632309707,,COMPLETE
1512,1512,30020578.73025398,2022-01-14 12:49:10.107544,2022-01-14 12:49:13.681248,0 days 00:00:03.573704,9.601830916506863,1862476.7004536276,,COMPLETE
1513,1513,75716053.85728207,2022-01-14 12:49:13.824519,2022-01-14 12:49:14.692846,0 days 00:00:00.868327,60.62339219697195,4696278.472930189,,COMPLETE
1514,1514,179329.23409991342,2022-01-14 12:49:14.833859,2022-01-14 12:49:18.141862,0 days 00:00:03.308003,11.70032776085729,11045.420324016748,,COMPLETE
1515,1515,29844283.607720517,2022-01-14 12:49:18.267890,2022-01-14 12:49:21.946867,0 days 00:00:03.678977,7.671836078335438,1851571.4132653563,,COMPLETE
1516,1516,671620.8254958137,2022-01-14 12:49:22.081548,2022-01-14 12:49:27.083239,0 days 00:00:05.001691,4.957588600260862,41680.61994051,,COMPLETE
1517,1517,116432434.3438078,2022-01-14 12:49:27.209328,2022-01-14 12:49:45.889996,0 days 00:00:18.680668,1.788429751048343,7223748.957259808,,COMPLETE
1518,1518,374153890.28656405,2022-01-14 12:49:46.033258,2022-01-14 12:49:49.656696,0 days 00:00:03.623438,9.833916020577657,23213215.083244253,,COMPLETE
1519,1519,424761.1216443159,2022-01-14 12:49:49.789439,2022-01-14 12:49:50.789200,0 days 00:00:00.999761,71.918613312557,24763.38224245365,,COMPLETE
1520,1520,53853295.58281846,2022-01-14 12:49:50.924106,2022-01-14 12:49:53.222673,0 days 00:00:02.298567,16.1699050853017,3340987.3588264408,,COMPLETE
1521,1521,34035040.91422926,2022-01-14 12:49:53.349242,2022-01-14 12:49:58.246790,0 days 00:00:04.897548,5.264837420451139,2111612.101239693,,COMPLETE
1522,1522,774872.6152515891,2022-01-14 12:49:58.396701,2022-01-14 12:50:01.205718,0 days 00:00:02.809017,13.948448065390718,47944.2914249362,,COMPLETE
1523,1523,76545146.81465627,2022-01-14 12:50:01.348495,2022-01-14 12:50:04.066374,0 days 00:00:02.717879,8.761715148352813,4748971.324413412,,COMPLETE
1524,1524,29470498.440121695,2022-01-14 12:50:04.197740,2022-01-14 12:50:06.746989,0 days 00:00:02.549249,3.521205791066248,1828440.0186496205,,COMPLETE
1525,1525,51621074.29716401,2022-01-14 12:50:06.905007,2022-01-14 12:50:07.662475,0 days 00:00:00.757468,67.91363560320447,3201191.260440555,,COMPLETE
1526,1526,29061442.30937376,2022-01-14 12:50:07.793297,2022-01-14 12:50:09.248384,0 days 00:00:01.455087,26.5886311806332,1802592.7213211006,,COMPLETE
1527,1527,9.223372036854776e+18,2022-01-14 12:50:09.382906,2022-01-14 12:50:09.637016,0 days 00:00:00.254110,0.02927720980876991,1788186.3322584024,,COMPLETE
1528,1528,78714258.19393718,2022-01-14 12:50:09.783620,2022-01-14 12:50:12.110006,0 days 00:00:02.326386,11.626672522988821,4883518.41040761,,COMPLETE
1529,1529,27832849.049131334,2022-01-14 12:50:12.250734,2022-01-14 12:50:15.625616,0 days 00:00:03.374882,6.65495842614777,1726795.3283040088,,COMPLETE
1530,1530,1510753.030369175,2022-01-14 12:50:15.764063,2022-01-14 12:50:18.344025,0 days 00:00:02.579962,13.125662802261328,93619.12201680057,,COMPLETE
1531,1531,979820386.0669831,2022-01-14 12:50:18.516880,2022-01-14 12:50:21.839513,0 days 00:00:03.322633,9.115352196953516,60790029.76625498,,COMPLETE
1532,1532,114430286.16989097,2022-01-14 12:50:22.011856,2022-01-14 12:50:28.105213,0 days 00:00:06.093357,6.027659705828989,7099488.582864831,,COMPLETE
1533,1533,60021244.68074838,2022-01-14 12:50:28.231468,2022-01-14 12:50:30.682916,0 days 00:00:02.451448,17.544047370867407,3723626.562525868,,COMPLETE
1534,1534,757688.6333739177,2022-01-14 12:50:30.854892,2022-01-14 12:50:33.426838,0 days 00:00:02.571946,2.800114119162438,47044.779519780255,,COMPLETE
1535,1535,33189344.904268984,2022-01-14 12:50:33.559038,2022-01-14 12:50:35.882433,0 days 00:00:02.323395,11.233563237694627,2059067.347294475,,COMPLETE
1536,1536,37286.068251410594,2022-01-14 12:50:36.009169,2022-01-14 12:50:40.574279,0 days 00:00:04.565110,8.233781733886671,2272.2692029134205,,COMPLETE
1537,1537,55692801.44541747,2022-01-14 12:50:40.814388,2022-01-14 12:50:44.055289,0 days 00:00:03.240901,8.904770904829924,3455246.2018718827,,COMPLETE
1538,1538,90751046.5640807,2022-01-14 12:50:44.194138,2022-01-14 12:50:48.130322,0 days 00:00:03.936184,7.43106376951899,5630358.086673759,,COMPLETE
1539,1539,26360626.406767968,2022-01-14 12:50:48.294656,2022-01-14 12:50:50.931191,0 days 00:00:02.636535,7.85848728188257,1635435.0557526008,,COMPLETE
1540,1540,876662.9015173034,2022-01-14 12:50:51.105737,2022-01-14 12:50:54.906594,0 days 00:00:03.800857,10.378091406601316,54313.45406578245,,COMPLETE
1541,1541,29885564.044371508,2022-01-14 12:50:55.078097,2022-01-14 12:51:00.069341,0 days 00:00:04.991244,5.762945862256377,1854162.959688532,,COMPLETE
1542,1542,1143380.759267814,2022-01-14 12:51:00.222751,2022-01-14 12:51:03.431879,0 days 00:00:03.209128,8.067837148139542,70902.4892796621,,COMPLETE
1543,1543,1600670.0244739791,2022-01-14 12:51:03.564923,2022-01-14 12:51:07.425069,0 days 00:00:03.860146,10.321737125288227,99233.45274801395,,COMPLETE
1544,1544,63329045.772447996,2022-01-14 12:51:07.638436,2022-01-14 12:51:12.130094,0 days 00:00:04.491658,4.7636864100580905,3929079.508300193,,COMPLETE
1545,1545,28722731.24682752,2022-01-14 12:51:12.299611,2022-01-14 12:51:17.278884,0 days 00:00:04.979273,6.505082434274595,1782007.7880069937,,COMPLETE
1546,1546,444368.3964476815,2022-01-14 12:51:17.442586,2022-01-14 12:51:20.843423,0 days 00:00:03.400837,9.70459810281967,27505.392467402828,,COMPLETE
1547,1547,76464103.42431015,2022-01-14 12:51:21.015334,2022-01-14 12:51:23.385030,0 days 00:00:02.369696,13.005512398129685,4743883.033790637,,COMPLETE
1548,1548,77881.53568804098,2022-01-14 12:51:23.584557,2022-01-14 12:51:26.541023,0 days 00:00:02.956466,7.568259695637293,4803.248139327549,,COMPLETE
1549,1549,141532415.0313901,2022-01-14 12:51:26.667416,2022-01-14 12:51:32.012576,0 days 00:00:05.345160,10.935645522012752,8780876.817300035,,COMPLETE
1550,1550,53806780.0309117,2022-01-14 12:51:32.193091,2022-01-14 12:51:35.145053,0 days 00:00:02.951962,8.2081697654149,3338246.4014994237,,COMPLETE
1551,1551,28040696.22418,2022-01-14 12:51:35.282306,2022-01-14 12:51:38.600738,0 days 00:00:03.318432,7.633998950918936,1739673.7377676403,,COMPLETE
1552,1552,1666469.4138021101,2022-01-14 12:51:38.732837,2022-01-14 12:51:42.669994,0 days 00:00:03.937157,10.561345241688286,103311.27769858087,,COMPLETE
1553,1553,1630538.004254965,2022-01-14 12:51:42.799215,2022-01-14 12:51:46.012016,0 days 00:00:03.212801,9.385362740244949,101102.69510283646,,COMPLETE
1554,1554,101457034.51363929,2022-01-14 12:51:46.158953,2022-01-14 12:51:49.757089,0 days 00:00:03.598136,7.377732140803454,6294580.598965457,,COMPLETE
1555,1555,55760481.57884222,2022-01-14 12:51:49.918582,2022-01-14 12:51:52.648413,0 days 00:00:02.729831,11.972225823202557,3459410.868205337,,COMPLETE
1556,1556,33899017.211702,2022-01-14 12:51:52.836639,2022-01-14 12:51:55.685573,0 days 00:00:02.848934,9.078967143155921,2103111.7138503515,,COMPLETE
1557,1557,29062817.581223372,2022-01-14 12:51:55.817329,2022-01-14 12:52:00.653479,0 days 00:00:04.836150,6.877651063811639,1803101.631029743,,COMPLETE
1558,1558,2152214.915077476,2022-01-14 12:52:00.793898,2022-01-14 12:52:04.139673,0 days 00:00:03.345775,9.164052385585185,133472.9027521207,,COMPLETE
1559,1559,79774710.04972136,2022-01-14 12:52:04.264909,2022-01-14 12:52:06.578473,0 days 00:00:02.313564,12.249511386601048,4949297.026100113,,COMPLETE
1560,1560,49634629.97864068,2022-01-14 12:52:06.706503,2022-01-14 12:52:12.298778,0 days 00:00:05.592275,5.9075233633194,3079433.776567155,,COMPLETE
1561,1561,1894242.1177351011,2022-01-14 12:52:12.449318,2022-01-14 12:52:17.821628,0 days 00:00:05.372310,10.987993005059923,117434.61465962711,,COMPLETE
1562,1562,27854901.53711431,2022-01-14 12:52:17.990060,2022-01-14 12:52:21.197817,0 days 00:00:03.207757,7.9257216843799005,1728142.9469203365,,COMPLETE
1563,1563,1924495.2236888683,2022-01-14 12:52:21.374322,2022-01-14 12:52:23.488722,0 days 00:00:02.114400,14.743817136537208,119250.90182797232,,COMPLETE
1564,1564,597758.8534745274,2022-01-14 12:52:23.625315,2022-01-14 12:52:28.075680,0 days 00:00:04.450365,8.680316934490149,37039.1143577561,,COMPLETE
1565,1565,55972012.51455701,2022-01-14 12:52:28.298252,2022-01-14 12:52:30.604407,0 days 00:00:02.306155,12.41719491279888,3472524.6452134424,,COMPLETE
1566,1566,836218.8025626746,2022-01-14 12:52:30.770828,2022-01-14 12:52:37.189960,0 days 00:00:06.419132,6.303698272296589,51873.48468886843,,COMPLETE
1567,1567,105122725.7946998,2022-01-14 12:52:37.320597,2022-01-14 12:52:40.302190,0 days 00:00:02.981593,9.85182575792925,6521964.725869763,,COMPLETE
1568,1568,592657.7007057013,2022-01-14 12:52:40.437945,2022-01-14 12:52:43.060676,0 days 00:00:02.622731,13.726825555605682,36644.32278295262,,COMPLETE
1569,1569,506100.0931557921,2022-01-14 12:52:43.231735,2022-01-14 12:52:48.508690,0 days 00:00:05.276955,5.663422675221622,31401.582802728866,,COMPLETE
1570,1570,559988276.0621282,2022-01-14 12:52:48.661847,2022-01-14 12:52:52.621960,0 days 00:00:03.960113,10.473590701034812,34742752.930163816,,COMPLETE
1571,1571,52543790.06563704,2022-01-14 12:52:52.749044,2022-01-14 12:52:55.775085,0 days 00:00:03.026041,7.203094667706848,3259903.3180444203,,COMPLETE
1572,1572,79085993.42107733,2022-01-14 12:52:55.920353,2022-01-14 12:52:58.519567,0 days 00:00:02.599214,12.197853363912756,4906568.789681271,,COMPLETE
1573,1573,29688144.29994462,2022-01-14 12:52:58.684800,2022-01-14 12:53:00.467395,0 days 00:00:01.782595,15.624547421577999,1841744.4122592534,,COMPLETE
1574,1574,36530721.943882056,2022-01-14 12:53:00.605826,2022-01-14 12:53:04.181642,0 days 00:00:03.575816,9.659621980630266,2266378.417281692,,COMPLETE
1575,1575,199140275.2364883,2022-01-14 12:53:04.332530,2022-01-14 12:53:22.875418,0 days 00:00:18.542888,4.648396056613917,12355090.662033089,,COMPLETE
1576,1576,31496295.806683242,2022-01-14 12:53:23.002122,2022-01-14 12:53:26.176566,0 days 00:00:03.174444,8.094448934824989,1954059.7353738302,,COMPLETE
1577,1577,784508132.172566,2022-01-14 12:53:26.304155,2022-01-14 12:53:44.651239,0 days 00:00:18.347084,11.202473785245981,48672439.839533344,,COMPLETE
1578,1578,74131259.69166727,2022-01-14 12:53:44.787205,2022-01-14 12:53:47.978154,0 days 00:00:03.190949,6.6811981709798225,4599244.100175183,,COMPLETE
1579,1579,32109354.26548258,2022-01-14 12:53:48.142605,2022-01-14 12:53:49.709422,0 days 00:00:01.566817,14.11646371531799,1991996.9060101362,,COMPLETE
1580,1580,1831229.43400462,2022-01-14 12:53:49.841873,2022-01-14 12:53:53.573500,0 days 00:00:03.731627,8.702009113966142,113567.15574066502,,COMPLETE
1581,1581,28400058.521136615,2022-01-14 12:53:53.720547,2022-01-14 12:54:12.142712,0 days 00:00:18.422165,4.566023067876534,1762015.4466287564,,COMPLETE
1582,1582,401144.7038177907,2022-01-14 12:54:12.273714,2022-01-14 12:54:15.070140,0 days 00:00:02.796426,12.306566802227477,24794.693684962982,,COMPLETE
1583,1583,995641.1761374058,2022-01-14 12:54:15.216075,2022-01-14 12:54:19.151010,0 days 00:00:03.934935,10.236692616162378,61697.74003461782,,COMPLETE
1584,1584,1525048.9781782664,2022-01-14 12:54:19.277588,2022-01-14 12:54:27.619258,0 days 00:00:08.341670,6.302151621791602,94609.98214607334,,COMPLETE
1585,1585,128200368.89078414,2022-01-14 12:54:27.791212,2022-01-14 12:54:30.004657,0 days 00:00:02.213445,19.208911601985168,7953559.9762498755,,COMPLETE
1586,1586,60648866.80714114,2022-01-14 12:54:30.160910,2022-01-14 12:54:33.255005,0 days 00:00:03.094095,8.487842533244486,3762738.8211149,,COMPLETE
1587,1587,54523408.751578785,2022-01-14 12:54:33.414856,2022-01-14 12:54:36.293687,0 days 00:00:02.878831,16.067306146599744,3382565.0217096834,,COMPLETE
1588,1588,27889619.659427393,2022-01-14 12:54:36.435968,2022-01-14 12:54:40.870841,0 days 00:00:04.434873,4.7570690540925185,1730344.2797559411,,COMPLETE
