,number,value,datetime_start,datetime_complete,duration,params_Tu,params_Tv,system_attrs_fail_reason,state
724,724,473864355.00586575,2022-01-14 11:51:50.686038,2022-01-14 11:51:52.701549,0 days 00:00:02.015511,16.61370346890261,29399331.780004684,,COMPLETE
725,725,87534766.80412996,2022-01-14 11:51:52.839725,2022-01-14 11:51:55.985635,0 days 00:00:03.145910,9.286276443137359,5430780.936730811,,COMPLETE
726,726,30260840.153978072,2022-01-14 11:51:56.115218,2022-01-14 11:51:57.994840,0 days 00:00:01.879622,15.124795649115157,1877287.513760681,,COMPLETE
727,727,59956868.63567728,2022-01-14 11:51:58.120368,2022-01-14 11:52:00.870756,0 days 00:00:02.750388,22.577110081510195,3719510.5999906636,,COMPLETE
728,728,2099792.582417031,2022-01-14 11:52:00.988854,2022-01-14 11:52:04.500886,0 days 00:00:03.512032,12.890945502389625,130169.7680825767,,COMPLETE
729,729,28155486.372465834,2022-01-14 11:52:04.664538,2022-01-14 11:52:05.555376,0 days 00:00:00.890838,54.70192454943894,1745672.5869464613,,COMPLETE
730,730,60668464.25508141,2022-01-14 11:52:05.684725,2022-01-14 11:52:06.578822,0 days 00:00:00.894097,47.07482179116401,3763038.3771439763,,COMPLETE
731,731,32557522.955873873,2022-01-14 11:52:06.712287,2022-01-14 11:52:27.223651,0 days 00:00:20.511364,7.256845928117665,2019914.313980934,,COMPLETE
732,732,83310336.48592015,2022-01-14 11:52:27.345921,2022-01-14 11:52:28.273470,0 days 00:00:00.927549,60.162163340578076,5167455.1726490185,,COMPLETE
733,733,137434.47706213378,2022-01-14 11:52:28.429224,2022-01-14 11:52:29.458287,0 days 00:00:01.029063,96.39622115096456,6313.053640803775,,COMPLETE
734,734,1923444.3301908064,2022-01-14 11:52:29.732689,2022-01-14 11:52:30.668822,0 days 00:00:00.936133,95.02389587162605,117159.9195758961,,COMPLETE
735,735,356074726.8171094,2022-01-14 11:52:30.819112,2022-01-14 11:52:36.066034,0 days 00:00:05.246922,10.888049555089669,22091526.59656302,,COMPLETE
736,736,730167.498848392,2022-01-14 11:52:36.226835,2022-01-14 11:52:37.177187,0 days 00:00:00.950352,93.97269868624264,43152.78580059284,,COMPLETE
737,737,412632.97745938774,2022-01-14 11:52:37.315206,2022-01-14 11:52:38.325542,0 days 00:00:01.010336,92.93510330814539,23478.03375909484,,COMPLETE
738,738,54839758.701234914,2022-01-14 11:52:38.509293,2022-01-14 11:52:39.453077,0 days 00:00:00.943784,91.24403653031685,3400293.6063438905,,COMPLETE
739,739,117973948.91726917,2022-01-14 11:52:39.569306,2022-01-14 11:52:43.527588,0 days 00:00:03.958282,7.981769543263386,7319314.14717076,,COMPLETE
740,740,1643488.511000746,2022-01-14 11:52:43.667808,2022-01-14 11:52:44.705402,0 days 00:00:01.037594,65.56021250133652,100537.83144300371,,COMPLETE
741,741,30075366.096750617,2022-01-14 11:52:44.861995,2022-01-14 11:52:47.715497,0 days 00:00:02.853502,13.780457612473736,1865811.8722108866,,COMPLETE
742,742,459245.41060296807,2022-01-14 11:52:47.869513,2022-01-14 11:52:48.769566,0 days 00:00:00.900053,99.00621881203472,26216.173172188843,,COMPLETE
743,743,1319009.8954740434,2022-01-14 11:52:48.932308,2022-01-14 11:52:49.839945,0 days 00:00:00.907637,98.05416271816664,79582.61462528343,,COMPLETE
744,744,949353.8865431291,2022-01-14 11:52:50.059421,2022-01-14 11:52:50.991568,0 days 00:00:00.932147,98.15510809169459,56645.68534544959,,COMPLETE
745,745,46626.3598221958,2022-01-14 11:52:51.157582,2022-01-14 11:52:55.028976,0 days 00:00:03.871394,9.900894688407618,2822.755972722679,,COMPLETE
746,746,57174428.225253895,2022-01-14 11:52:55.214929,2022-01-14 11:52:58.435912,0 days 00:00:03.220983,9.720408085124397,3547155.5558173372,,COMPLETE
747,747,58097.15999309089,2022-01-14 11:52:58.564815,2022-01-14 11:53:03.605458,0 days 00:00:05.040643,10.951341851913147,3515.283965400973,,COMPLETE
748,748,31558969.3568798,2022-01-14 11:53:03.793401,2022-01-14 11:53:07.631390,0 days 00:00:03.837989,10.087021449094166,1957912.72959911,,COMPLETE
749,749,9.223372036854776e+18,2022-01-14 11:53:07.761383,2022-01-14 11:53:10.448628,0 days 00:00:02.687245,8.480260247789856,6554752.818486263,,COMPLETE
750,750,31885004.65294925,2022-01-14 11:53:10.823731,2022-01-14 11:53:14.027493,0 days 00:00:03.203762,11.85000562153798,1978129.637367174,,COMPLETE
751,751,,2022-01-14 11:53:14.197954,,,,,,RUNNING
752,752,75903529.68284371,2022-01-14 11:53:16.326303,2022-01-14 11:53:19.425068,0 days 00:00:03.098765,7.135151151754229,4709192.211579317,,COMPLETE
753,753,906285.5969047033,2022-01-14 11:53:19.590566,2022-01-14 11:53:22.390190,0 days 00:00:02.799624,11.718418859314456,56148.40299522887,,COMPLETE
754,754,29791323.295298263,2022-01-14 11:53:22.536323,2022-01-14 11:53:23.265179,0 days 00:00:00.728856,68.24236464892196,1846820.0051176737,,COMPLETE
755,755,55533760.64698741,2022-01-14 11:53:23.381054,2022-01-14 11:53:27.015244,0 days 00:00:03.634190,10.243878421439518,3445355.4528627037,,COMPLETE
756,756,924164.4447369566,2022-01-14 11:53:27.143628,2022-01-14 11:53:30.455435,0 days 00:00:03.311807,8.051296593002556,57302.122833816,,COMPLETE
757,757,31169129.988505907,2022-01-14 11:53:30.619415,2022-01-14 11:53:31.384942,0 days 00:00:00.765527,96.3664264476786,1931588.9561443953,,COMPLETE
758,758,83055931.12133355,2022-01-14 11:53:31.556040,2022-01-14 11:53:38.104209,0 days 00:00:06.548169,5.989766771763755,5152959.242638342,,COMPLETE
759,759,29374082.76639282,2022-01-14 11:53:38.247704,2022-01-14 11:53:56.988730,0 days 00:00:18.741026,9.84265917777016,1822362.3553278765,,COMPLETE
760,760,59625519.323213436,2022-01-14 11:53:57.121099,2022-01-14 11:53:57.870032,0 days 00:00:00.748933,72.8612222374316,3697678.1552065364,,COMPLETE
761,761,29374936.09674128,2022-01-14 11:53:58.009485,2022-01-14 11:54:01.351094,0 days 00:00:03.341609,12.872758643420688,1822376.6558431105,,COMPLETE
762,762,56534947.67668914,2022-01-14 11:54:01.516443,2022-01-14 11:54:03.993794,0 days 00:00:02.477351,8.259716019320203,3507506.9222329087,,COMPLETE
763,763,144325787.51791006,2022-01-14 11:54:04.138144,2022-01-14 11:54:06.691414,0 days 00:00:02.553270,11.911682172866092,8954187.050562099,,COMPLETE
764,764,27162601.10972884,2022-01-14 11:54:06.824361,2022-01-14 11:54:14.358342,0 days 00:00:07.533981,6.099683038905842,1685219.7967111154,,COMPLETE
765,765,395671.84683508205,2022-01-14 11:54:14.555386,2022-01-14 11:54:15.591478,0 days 00:00:01.036092,70.19831563994198,23002.148912537014,,COMPLETE
766,766,481329.8530760803,2022-01-14 11:54:15.756847,2022-01-14 11:54:20.614208,0 days 00:00:04.857361,10.763187640731838,29778.76960438706,,COMPLETE
767,767,100878246.7132144,2022-01-14 11:54:20.773537,2022-01-14 11:54:24.443531,0 days 00:00:03.669994,8.633193578847635,6258650.258812142,,COMPLETE
768,768,56652369.45556483,2022-01-14 11:54:24.606072,2022-01-14 11:54:44.477484,0 days 00:00:19.871412,4.403006702549207,3514849.6148776407,,COMPLETE
769,769,2045896.9927144637,2022-01-14 11:54:44.649430,2022-01-14 11:54:47.102246,0 days 00:00:02.452816,13.03898608525214,126822.61546279007,,COMPLETE
770,770,30696388.809819423,2022-01-14 11:54:47.244316,2022-01-14 11:54:51.505736,0 days 00:00:04.261420,10.647126777327069,1904385.942850473,,COMPLETE
771,771,709987.6181024775,2022-01-14 11:54:51.659707,2022-01-14 11:54:55.384537,0 days 00:00:03.724830,6.453133595174435,44039.71673123583,,COMPLETE
772,772,84431177.38516346,2022-01-14 11:54:55.517566,2022-01-14 11:54:59.110947,0 days 00:00:03.593381,9.031978540331465,5238232.291342017,,COMPLETE
773,773,541539371.5879191,2022-01-14 11:54:59.260471,2022-01-14 11:55:00.004133,0 days 00:00:00.743662,76.28667980566541,33596523.71550777,,COMPLETE
774,774,31638501.25530699,2022-01-14 11:55:00.170053,2022-01-14 11:55:02.576349,0 days 00:00:02.406296,13.222089848500623,1962804.9420950022,,COMPLETE
775,775,267199270.1287683,2022-01-14 11:55:02.739551,2022-01-14 11:55:05.413289,0 days 00:00:02.673738,11.713535067440429,16577516.5591195,,COMPLETE
776,776,56331480.48076592,2022-01-14 11:55:05.546857,2022-01-14 11:55:09.275348,0 days 00:00:03.728491,7.150377440739702,3494901.5428565564,,COMPLETE
777,777,1658547.8570059517,2022-01-14 11:55:09.404248,2022-01-14 11:55:10.433473,0 days 00:00:01.029225,43.536575684784026,102030.51201383426,,COMPLETE
778,778,614866.5889525639,2022-01-14 11:55:10.556836,2022-01-14 11:55:14.407362,0 days 00:00:03.850526,3.7022445198689797,38174.93698958799,,COMPLETE
779,779,30498792.58887197,2022-01-14 11:55:14.578529,2022-01-14 11:55:16.616039,0 days 00:00:02.037510,14.351390104691076,1892068.8058722331,,COMPLETE
780,780,63960034.20403948,2022-01-14 11:55:16.777643,2022-01-14 11:55:20.517563,0 days 00:00:03.739920,9.417448763845428,3968154.067578251,,COMPLETE
781,781,1593416.0396364906,2022-01-14 11:55:20.663508,2022-01-14 11:55:21.662961,0 days 00:00:00.999453,57.40905672682591,97637.87883938738,,COMPLETE
782,782,849691057.9925643,2022-01-14 11:55:21.813993,2022-01-14 11:55:26.842704,0 days 00:00:05.028711,5.330074337446504,52716597.96607657,,COMPLETE
783,783,101480796.26652466,2022-01-14 11:55:27.000444,2022-01-14 11:55:32.330582,0 days 00:00:05.330138,10.867573275214667,6295992.823313525,,COMPLETE
784,784,1139584284.2170248,2022-01-14 11:55:32.469471,2022-01-14 11:55:33.271140,0 days 00:00:00.801669,96.18807363416893,70699962.79802293,,COMPLETE
785,785,1639390.7413237875,2022-01-14 11:55:33.516470,2022-01-14 11:55:35.945784,0 days 00:00:02.429314,13.716099401465787,101586.42840242735,,COMPLETE
786,786,619875730.982626,2022-01-14 11:55:36.089621,2022-01-14 11:55:39.686644,0 days 00:00:03.597023,7.666122331851596,38458343.18713842,,COMPLETE
787,787,35639154.239372924,2022-01-14 11:55:39.819831,2022-01-14 11:55:40.780745,0 days 00:00:00.960914,36.10394510260082,2210446.3401948963,,COMPLETE
788,788,27025067.64800415,2022-01-14 11:55:40.925175,2022-01-14 11:55:41.681127,0 days 00:00:00.755952,99.94505999374277,1674392.0239780287,,COMPLETE
789,789,72852999.8625495,2022-01-14 11:55:41.848851,2022-01-14 11:55:44.600326,0 days 00:00:02.751475,11.565373975658574,4519875.186162201,,COMPLETE
790,790,2349854.973482742,2022-01-14 11:55:44.775052,2022-01-14 11:55:45.640221,0 days 00:00:00.865169,88.91348735520751,143770.28029654513,,COMPLETE
791,791,1076891.1842304075,2022-01-14 11:55:45.791826,2022-01-14 11:55:49.073891,0 days 00:00:03.282065,9.38166697838054,66753.34488508423,,COMPLETE
792,792,755103.9066941291,2022-01-14 11:55:49.235995,2022-01-14 11:55:53.423555,0 days 00:00:04.187560,4.215868287736899,46869.911587069386,,COMPLETE
793,793,50413313.09968066,2022-01-14 11:55:53.563727,2022-01-14 11:55:56.505894,0 days 00:00:02.942167,6.921178106350156,3127729.855332281,,COMPLETE
794,794,1596811.4880905033,2022-01-14 11:55:56.648722,2022-01-14 11:55:58.405201,0 days 00:00:01.756479,14.229839537089092,98932.75888908724,,COMPLETE
795,795,30197194.580502834,2022-01-14 11:55:58.559742,2022-01-14 11:56:01.058151,0 days 00:00:02.498409,11.220270015268998,1873428.4431531637,,COMPLETE
796,796,441389.1052998319,2022-01-14 11:56:01.224379,2022-01-14 11:56:04.811082,0 days 00:00:03.586703,9.088646094147467,27330.926922960505,,COMPLETE
797,797,76403319.55381194,2022-01-14 11:56:04.961591,2022-01-14 11:56:07.792823,0 days 00:00:02.831232,12.619832927194544,4740120.595409475,,COMPLETE
798,798,47076967.78520103,2022-01-14 11:56:07.928767,2022-01-14 11:56:08.693849,0 days 00:00:00.765082,80.86806439789203,2918937.057827594,,COMPLETE
799,799,26970327.662918933,2022-01-14 11:56:08.837903,2022-01-14 11:56:27.419030,0 days 00:00:18.581127,1.8446810272000373,1673334.4960628815,,COMPLETE
800,800,108305536.91723797,2022-01-14 11:56:27.566283,2022-01-14 11:56:32.732582,0 days 00:00:05.166299,5.674392762439859,6719501.583929444,,COMPLETE
801,801,233096.88969243117,2022-01-14 11:56:32.898572,2022-01-14 11:56:35.784814,0 days 00:00:02.886242,15.294844425940216,14298.64155035256,,COMPLETE
802,802,939913.2655533318,2022-01-14 11:56:35.928928,2022-01-14 11:56:37.410816,0 days 00:00:01.481888,30.62786760586002,57771.99210493688,,COMPLETE
803,803,51821643.07836442,2022-01-14 11:56:37.541506,2022-01-14 11:56:40.271173,0 days 00:00:02.729667,7.758506442258302,3215090.862950836,,COMPLETE
804,804,28494303.741352115,2022-01-14 11:56:40.452752,2022-01-14 11:56:58.911556,0 days 00:00:18.458804,3.3897899574923187,1767876.2183592855,,COMPLETE
805,805,182222.24765510243,2022-01-14 11:56:59.102303,2022-01-14 11:57:03.432946,0 days 00:00:04.330643,10.838754080550535,11219.819485996299,,COMPLETE
806,806,69463956.40801446,2022-01-14 11:57:03.595814,2022-01-14 11:57:06.072025,0 days 00:00:02.476211,11.239115831663902,4309619.171131445,,COMPLETE
807,807,26737884.564036936,2022-01-14 11:57:06.263035,2022-01-14 11:57:09.302026,0 days 00:00:03.038991,9.49712951599021,1658813.454131466,,COMPLETE
808,808,78232338.15982717,2022-01-14 11:57:09.438298,2022-01-14 11:57:12.664248,0 days 00:00:03.225950,12.932359286577283,4853589.608887807,,COMPLETE
809,809,1846377.2280978651,2022-01-14 11:57:12.830101,2022-01-14 11:57:16.639610,0 days 00:00:03.809509,10.35537158927233,114477.01405812375,,COMPLETE
810,810,30542628.630329005,2022-01-14 11:57:16.778859,2022-01-14 11:57:19.493554,0 days 00:00:02.714695,13.385768104753707,1894810.9539188428,,COMPLETE
811,811,56011960.205658264,2022-01-14 11:57:19.643569,2022-01-14 11:57:24.328505,0 days 00:00:04.684936,6.699635608748047,3475084.994184892,,COMPLETE
812,812,136598549.40239033,2022-01-14 11:57:24.483231,2022-01-14 11:57:27.065753,0 days 00:00:02.582522,11.781087554742431,8474776.145622263,,COMPLETE
813,813,29478493.953096353,2022-01-14 11:57:27.189872,2022-01-14 11:57:29.138156,0 days 00:00:01.948284,15.145127312965155,1828748.6545959003,,COMPLETE
814,814,1081026.3502319825,2022-01-14 11:57:29.289236,2022-01-14 11:57:32.048821,0 days 00:00:02.759585,8.802877141072976,67020.39999195027,,COMPLETE
815,815,99604814.811022,2022-01-14 11:57:32.218253,2022-01-14 11:57:35.282370,0 days 00:00:03.064117,9.80785440062685,6179622.920492482,,COMPLETE
816,816,2364504.791050211,2022-01-14 11:57:35.426975,2022-01-14 11:57:37.637293,0 days 00:00:02.210318,14.506663757454227,146555.64078560058,,COMPLETE
817,817,57245151.09745419,2022-01-14 11:57:37.805877,2022-01-14 11:57:40.980489,0 days 00:00:03.174612,7.098382437792902,3551588.392182456,,COMPLETE
818,818,426927670.8129722,2022-01-14 11:57:41.141331,2022-01-14 11:57:43.848454,0 days 00:00:02.707123,11.890518734122438,26487393.026056103,,COMPLETE
819,819,28235629.71811767,2022-01-14 11:57:43.989404,2022-01-14 11:57:47.456462,0 days 00:00:03.467058,8.61141261565447,1751752.391036972,,COMPLETE
820,820,1736231.8685687329,2022-01-14 11:57:47.573039,2022-01-14 11:57:51.359324,0 days 00:00:03.786285,12.760967805893884,107616.59299875172,,COMPLETE
821,821,1321102.9926510795,2022-01-14 11:57:51.527990,2022-01-14 11:57:56.849951,0 days 00:00:05.321961,5.181017022322205,81972.83504971267,,COMPLETE
822,822,52466683.58368791,2022-01-14 11:57:57.016001,2022-01-14 11:58:02.223207,0 days 00:00:05.207206,10.422657010623542,3255064.297420721,,COMPLETE
823,823,720479.5638174893,2022-01-14 11:58:02.420196,2022-01-14 11:58:04.339193,0 days 00:00:01.918997,14.117434800802005,44565.68457246599,,COMPLETE
824,824,1639066.582017489,2022-01-14 11:58:04.485655,2022-01-14 11:58:09.525149,0 days 00:00:05.039494,6.362052901793559,101682.98553521823,,COMPLETE
825,825,88118233.24552,2022-01-14 11:58:09.715837,2022-01-14 11:58:12.522388,0 days 00:00:02.806551,16.009046510457193,5466858.835971478,,COMPLETE
826,826,31726645.408213984,2022-01-14 11:58:12.672987,2022-01-14 11:58:17.972864,0 days 00:00:05.299877,11.007237439917189,1968298.3107857935,,COMPLETE
827,827,57451316.37083149,2022-01-14 11:58:18.126449,2022-01-14 11:58:23.369971,0 days 00:00:05.243522,4.690249070349579,3564413.976318551,,COMPLETE
828,828,28406188.701092694,2022-01-14 11:58:23.506227,2022-01-14 11:58:27.335530,0 days 00:00:03.829303,8.327631224246065,1762339.1227750843,,COMPLETE
829,829,78145.93844250572,2022-01-14 11:58:27.548941,2022-01-14 11:58:33.933477,0 days 00:00:06.384536,2.1937575561419704,4888.800624225267,,COMPLETE
830,830,29104468.720784448,2022-01-14 11:58:34.067942,2022-01-14 11:58:54.652282,0 days 00:00:20.584340,1.635080832935347,1805742.0259480793,,COMPLETE
831,831,186929396.14165813,2022-01-14 11:58:54.827996,2022-01-14 11:58:57.634402,0 days 00:00:02.806406,4.363635276827724,11597506.36737745,,COMPLETE
832,832,2130661.106665599,2022-01-14 11:58:57.811372,2022-01-14 11:59:01.424847,0 days 00:00:03.613475,3.6982440349790413,132218.0409956117,,COMPLETE
833,833,1435396403.991288,2022-01-14 11:59:01.568350,2022-01-14 11:59:04.840176,0 days 00:00:03.271826,0.20747731364504918,89055060.87373106,,COMPLETE
834,834,77345785.55549797,2022-01-14 11:59:05.001711,2022-01-14 11:59:25.841314,0 days 00:00:20.839603,1.4499033645854058,4798733.853341684,,COMPLETE
835,835,607906.2334135468,2022-01-14 11:59:26.019452,2022-01-14 11:59:45.797740,0 days 00:00:19.778288,0.2803735251343509,37813.404778611926,,COMPLETE
836,836,1074.7903135841188,2022-01-14 11:59:45.954317,2022-01-14 11:59:49.359727,0 days 00:00:03.405410,2.1720935029784343,58.545924840739644,,COMPLETE
837,837,1070952.5734696372,2022-01-14 11:59:49.543174,2022-01-14 11:59:53.541242,0 days 00:00:03.998068,2.3979692899349083,66483.46934200024,,COMPLETE
838,838,1569276239.036402,2022-01-14 11:59:53.706371,2022-01-14 11:59:57.229690,0 days 00:00:03.523319,3.167424784666598,97361177.40083708,,COMPLETE
839,839,49981842.325715706,2022-01-14 11:59:57.373806,2022-01-14 12:00:00.125508,0 days 00:00:02.751702,2.5886713177126506,3101014.9038173323,,COMPLETE
840,840,123705541.03888625,2022-01-14 12:00:00.289588,2022-01-14 12:00:03.316563,0 days 00:00:03.026975,4.327242994931416,7674968.055620132,,COMPLETE
841,841,240778.00210070316,2022-01-14 12:00:03.488842,2022-01-14 12:00:05.698986,0 days 00:00:02.210144,1.0141414860938245,14985.784974501717,,COMPLETE
842,842,31192152.772198644,2022-01-14 12:00:05.845474,2022-01-14 12:00:25.621594,0 days 00:00:19.776120,3.092378804235093,1935259.3280489647,,COMPLETE
843,843,79097074.93447883,2022-01-14 12:00:25.752197,2022-01-14 12:00:28.010432,0 days 00:00:02.258235,0.6504409624861376,4907394.226623236,,COMPLETE
844,844,936559286.753524,2022-01-14 12:00:28.170778,2022-01-14 12:00:31.682481,0 days 00:00:03.511703,0.7361102359902609,58106123.703730755,,COMPLETE
845,845,48477800.334909156,2022-01-14 12:00:31.891932,2022-01-14 12:00:34.210766,0 days 00:00:02.318834,2.6923200933939517,3007700.172441052,,COMPLETE
846,846,33150737.1249496,2022-01-14 12:00:34.385867,2022-01-14 12:00:39.001729,0 days 00:00:04.615862,4.609149762062407,2056756.818360499,,COMPLETE
847,847,625589.4189456614,2022-01-14 12:00:39.163741,2022-01-14 12:00:42.659430,0 days 00:00:03.495689,0.21227769364672988,38910.55052629346,,COMPLETE
848,848,1563776.158100915,2022-01-14 12:00:42.833573,2022-01-14 12:00:53.429867,0 days 00:00:10.596294,2.0521511582272387,97061.61569365203,,COMPLETE
849,849,94168860.26026973,2022-01-14 12:00:53.593362,2022-01-14 12:00:58.841902,0 days 00:00:05.248540,5.263591533402385,5842438.678764563,,COMPLETE
850,850,30989156.95234156,2022-01-14 12:00:58.995674,2022-01-14 12:01:03.637216,0 days 00:00:04.641542,0.18038516093301782,1922729.7615414895,,COMPLETE
851,851,99528.67274098656,2022-01-14 12:01:03.809658,2022-01-14 12:01:05.242760,0 days 00:00:01.433102,48.83950154449771,5165.981963097671,,COMPLETE
852,852,55558540.51383123,2022-01-14 12:01:05.420180,2022-01-14 12:01:12.257753,0 days 00:00:06.837573,6.261752282831319,3446960.216261033,,COMPLETE
853,853,161392.4242368021,2022-01-14 12:01:12.374273,2022-01-14 12:01:13.694609,0 days 00:00:01.320336,42.977473913616315,9155.198497769205,,COMPLETE
854,854,30920023.051880546,2022-01-14 12:01:13.843587,2022-01-14 12:01:14.848027,0 days 00:00:01.004440,53.34704925925826,1917224.5134443257,,COMPLETE
855,855,76021273.31967035,2022-01-14 12:01:15.018176,2022-01-14 12:01:34.569716,0 days 00:00:19.551540,4.093835008086183,4716540.310708211,,COMPLETE
856,856,72464.11850138666,2022-01-14 12:01:34.710833,2022-01-14 12:01:36.562702,0 days 00:00:01.851869,52.11749568549514,3400.8173218573556,,COMPLETE
857,857,27732446.398533862,2022-01-14 12:01:36.697498,2022-01-14 12:01:37.646819,0 days 00:00:00.949321,56.506288605664764,1719380.5656155709,,COMPLETE
858,858,1325725.8598488804,2022-01-14 12:01:37.867635,2022-01-14 12:01:38.986238,0 days 00:00:01.118603,44.13895726748217,81366.2029951615,,COMPLETE
859,859,366676.5415954094,2022-01-14 12:01:39.118960,2022-01-14 12:01:40.290154,0 days 00:00:01.171194,51.2600441951574,21683.284462199143,,COMPLETE
860,860,838538.432847994,2022-01-14 12:01:40.471688,2022-01-14 12:01:41.680203,0 days 00:00:01.208515,44.32928393590063,51135.052612441126,,COMPLETE
861,861,59697796.85513335,2022-01-14 12:01:41.861205,2022-01-14 12:01:43.095364,0 days 00:00:01.234159,49.044583218092114,3702766.224185321,,COMPLETE
862,862,1116929.654604649,2022-01-14 12:01:43.242183,2022-01-14 12:01:44.331669,0 days 00:00:01.089486,52.45847587782331,68201.06216700841,,COMPLETE
863,863,519369.55162924004,2022-01-14 12:01:44.487438,2022-01-14 12:01:45.655930,0 days 00:00:01.168492,49.66335158549963,31197.560841142255,,COMPLETE
864,864,235837.35335566063,2022-01-14 12:01:45.807376,2022-01-14 12:01:46.972985,0 days 00:00:01.165609,46.74442258970585,13679.45631161021,,COMPLETE
865,865,111356001.09501384,2022-01-14 12:01:47.134809,2022-01-14 12:01:48.038887,0 days 00:00:00.904078,46.55502860971933,6907811.209013797,,COMPLETE
866,866,48951887.2542766,2022-01-14 12:01:48.207963,2022-01-14 12:01:49.164075,0 days 00:00:00.956112,45.85876270729847,3036148.5290548126,,COMPLETE
867,867,30117614.716359735,2022-01-14 12:01:49.334167,2022-01-14 12:01:50.254249,0 days 00:00:00.920082,47.37330950996828,1867592.891550992,,COMPLETE
868,868,1608384327.0701082,2022-01-14 12:01:50.421991,2022-01-14 12:01:51.306090,0 days 00:00:00.884099,47.60208617872234,99786519.12748484,,COMPLETE
869,869,68506488.998087,2022-01-14 12:01:51.445058,2022-01-14 12:01:52.352025,0 days 00:00:00.906967,49.05315258149921,4249275.492278875,,COMPLETE
