,number,value,datetime_start,datetime_complete,duration,params_Tu,params_Tv,system_attrs_fail_reason,state
1015,1015,1184858.4083955495,2022-01-14 12:12:37.862123,2022-01-14 12:12:47.001215,0 days 00:00:09.139092,6.475163683916227,73501.24892797339,,COMPLETE
1016,1016,2072616.638182839,2022-01-14 12:12:47.169859,2022-01-14 12:12:50.826903,0 days 00:00:03.657044,12.754246084453435,128486.78453889863,,COMPLETE
1017,1017,1800884.0175003312,2022-01-14 12:12:50.969254,2022-01-14 12:12:51.978578,0 days 00:00:01.009324,48.61827159193677,110732.52828628328,,COMPLETE
1018,1018,385291.45243091125,2022-01-14 12:12:52.106244,2022-01-14 12:12:53.462340,0 days 00:00:01.356096,31.51869181252545,23338.786797831566,,COMPLETE
1019,1019,60480683.31343119,2022-01-14 12:12:53.611265,2022-01-14 12:12:56.664585,0 days 00:00:03.053320,8.991194788525917,3752294.7994704023,,COMPLETE
1020,1020,1381239.3505321948,2022-01-14 12:12:56.829789,2022-01-14 12:13:00.913200,0 days 00:00:04.083411,4.2774314209382505,85715.90652091289,,COMPLETE
1021,1021,54087405.24164011,2022-01-14 12:13:01.031074,2022-01-14 12:13:02.418272,0 days 00:00:01.387198,28.180870639566123,3355214.876022733,,COMPLETE
1022,1022,30627038.951654553,2022-01-14 12:13:02.583639,2022-01-14 12:13:03.527540,0 days 00:00:00.943901,89.42057693199374,1898132.6041091245,,COMPLETE
1023,1023,94723.30974054239,2022-01-14 12:13:03.697587,2022-01-14 12:13:06.179548,0 days 00:00:02.481961,14.166629200780735,5737.983324600395,,COMPLETE
1024,1024,1525252269.9597712,2022-01-14 12:13:06.326121,2022-01-14 12:13:09.155022,0 days 00:00:02.828901,11.928932726865707,94629722.55611967,,COMPLETE
1025,1025,78696382.00518374,2022-01-14 12:13:09.383893,2022-01-14 12:13:11.427644,0 days 00:00:02.043751,15.094890928234165,4882329.451098943,,COMPLETE
1026,1026,29492124.908647444,2022-01-14 12:13:11.591370,2022-01-14 12:13:13.880097,0 days 00:00:02.288727,15.265013571871645,1829591.516656659,,COMPLETE
1027,1027,53095043.50937564,2022-01-14 12:13:14.037760,2022-01-14 12:13:15.944083,0 days 00:00:01.906323,14.326571186694885,3293987.5568271778,,COMPLETE
1028,1028,28070693.39562925,2022-01-14 12:13:16.154965,2022-01-14 12:13:18.383723,0 days 00:00:02.228758,13.363575265159689,1741447.4959234847,,COMPLETE
1029,1029,1249783.2796449726,2022-01-14 12:13:18.554456,2022-01-14 12:13:21.028135,0 days 00:00:02.473679,14.699656622813453,77391.32643566895,,COMPLETE
1030,1030,727382.0094857833,2022-01-14 12:13:21.192503,2022-01-14 12:13:23.437038,0 days 00:00:02.244535,15.708394839315297,44956.32082735336,,COMPLETE
1031,1031,133181232.53707653,2022-01-14 12:13:23.570484,2022-01-14 12:13:25.823363,0 days 00:00:02.252879,12.247527555386515,8262748.217500608,,COMPLETE
1032,1032,116173.74552175864,2022-01-14 12:13:25.954469,2022-01-14 12:13:31.312376,0 days 00:00:05.357907,10.898695448900337,7120.571454116817,,COMPLETE
1033,1033,79066933.36057168,2022-01-14 12:13:31.470376,2022-01-14 12:13:34.528926,0 days 00:00:03.058550,8.485089464523615,4905433.821965523,,COMPLETE
1034,1034,2163307.1055965424,2022-01-14 12:13:34.686295,2022-01-14 12:13:38.740616,0 days 00:00:04.054321,10.54029323523055,134136.50627349538,,COMPLETE
1035,1035,50915262.3951891,2022-01-14 12:13:38.872150,2022-01-14 12:13:42.424210,0 days 00:00:03.552060,10.467484795290078,3158810.1022160375,,COMPLETE
1036,1036,643285.5748154182,2022-01-14 12:13:42.552056,2022-01-14 12:13:45.940139,0 days 00:00:03.388083,11.431930471166407,39837.57847150527,,COMPLETE
1037,1037,382741.8170121554,2022-01-14 12:13:46.083054,2022-01-14 12:13:50.138873,0 days 00:00:04.055819,10.201997791590252,23672.70434991213,,COMPLETE
1038,1038,99275508.51935992,2022-01-14 12:13:50.305589,2022-01-14 12:13:53.457369,0 days 00:00:03.151780,9.289531319778778,6159200.785277983,,COMPLETE
1039,1039,1715409.3391494106,2022-01-14 12:13:53.698025,2022-01-14 12:13:58.085650,0 days 00:00:04.387625,12.61127262857672,106328.13131499509,,COMPLETE
1040,1040,22918.141599700153,2022-01-14 12:13:58.271766,2022-01-14 12:14:17.898755,0 days 00:00:19.626989,9.354528481057072,1376.82430770168,,COMPLETE
1041,1041,52371310.79822764,2022-01-14 12:14:18.086481,2022-01-14 12:14:21.862686,0 days 00:00:03.776205,9.684553209224426,3249160.868151827,,COMPLETE
1042,1042,29536174.42522305,2022-01-14 12:14:22.010615,2022-01-14 12:14:24.517851,0 days 00:00:02.507236,11.633783131953976,1832408.1845062193,,COMPLETE
1043,1043,29917351.010321002,2022-01-14 12:14:24.656888,2022-01-14 12:14:27.783132,0 days 00:00:03.126244,8.532230640336955,1856091.231763902,,COMPLETE
1044,1044,77480306.60750905,2022-01-14 12:14:27.908656,2022-01-14 12:14:48.703445,0 days 00:00:20.794789,7.6511482497401655,4807009.171466841,,COMPLETE
1045,1045,28927101.35275302,2022-01-14 12:14:48.872280,2022-01-14 12:14:54.113454,0 days 00:00:05.241174,10.397684808402747,1794620.4110085706,,COMPLETE
1046,1046,53890097.11093097,2022-01-14 12:14:54.267993,2022-01-14 12:14:56.950313,0 days 00:00:02.682320,13.081625270988605,3343343.226865873,,COMPLETE
1047,1047,330304.28992097615,2022-01-14 12:14:57.089197,2022-01-14 12:15:17.217925,0 days 00:00:20.128728,7.887735391667249,20460.45032766326,,COMPLETE
1048,1048,1278581.3677858803,2022-01-14 12:15:17.362354,2022-01-14 12:15:20.848202,0 days 00:00:03.485848,11.430951511958108,79252.92393556389,,COMPLETE
1049,1049,2106323.4551690263,2022-01-14 12:15:20.995848,2022-01-14 12:15:41.263981,0 days 00:00:20.268133,9.633251359583209,130617.9628450092,,COMPLETE
1050,1050,86307328.47268182,2022-01-14 12:15:41.405612,2022-01-14 12:15:43.724063,0 days 00:00:02.318451,12.949863130975928,5354578.367668205,,COMPLETE
1051,1051,47130160.537974805,2022-01-14 12:15:43.904966,2022-01-14 12:15:47.211679,0 days 00:00:03.306713,9.512486644272947,2923992.1671210146,,COMPLETE
1052,1052,28424837.771443095,2022-01-14 12:15:47.372870,2022-01-14 12:16:08.296143,0 days 00:00:20.923273,7.003127337303561,1763518.0502108084,,COMPLETE
1053,1053,30424267.089314632,2022-01-14 12:16:08.464151,2022-01-14 12:16:11.543555,0 days 00:00:03.079404,11.842489932610683,1887502.625047391,,COMPLETE
1054,1054,773543.899007239,2022-01-14 12:16:11.706508,2022-01-14 12:16:15.067127,0 days 00:00:03.360619,6.917335148628717,47975.87453184932,,COMPLETE
1055,1055,899856.1298541159,2022-01-14 12:16:15.241383,2022-01-14 12:16:18.080887,0 days 00:00:02.839504,13.258990989793402,55714.58347917912,,COMPLETE
1056,1056,117932468.454165,2022-01-14 12:16:18.295996,2022-01-14 12:16:25.444442,0 days 00:00:07.148446,10.587797701254583,7316693.927503033,,COMPLETE
1057,1057,52445670.2723041,2022-01-14 12:16:25.581222,2022-01-14 12:16:28.503253,0 days 00:00:02.922031,7.736735200064715,3253807.15824721,,COMPLETE
1058,1058,2196191.3257941604,2022-01-14 12:16:28.710343,2022-01-14 12:16:31.819475,0 days 00:00:03.109132,9.11557437558942,136202.14265031842,,COMPLETE
1059,1059,78402095.21378687,2022-01-14 12:16:31.965533,2022-01-14 12:16:33.171456,0 days 00:00:01.205923,33.846978100305236,4863604.895786492,,COMPLETE
1060,1060,28582261.271359302,2022-01-14 12:16:33.388541,2022-01-14 12:16:36.029583,0 days 00:00:02.641042,13.746622090249204,1773177.3448449792,,COMPLETE
1061,1061,55913665.44368836,2022-01-14 12:16:36.198968,2022-01-14 12:16:37.216752,0 days 00:00:01.017784,42.83888526661063,3468148.214596094,,COMPLETE
1062,1062,227154.36359609288,2022-01-14 12:16:37.391242,2022-01-14 12:16:42.584180,0 days 00:00:05.192938,10.386533404212443,14016.132515256653,,COMPLETE
1063,1063,160084.49535081701,2022-01-14 12:16:42.778705,2022-01-14 12:16:44.293234,0 days 00:00:01.514529,46.962577127960515,8972.953806169833,,COMPLETE
1064,1064,30012063.419522356,2022-01-14 12:16:44.425792,2022-01-14 12:16:47.865853,0 days 00:00:03.440061,7.1172794023363135,1861990.9880120724,,COMPLETE
1065,1065,80211259.24666998,2022-01-14 12:16:48.036060,2022-01-14 12:16:50.825083,0 days 00:00:02.789023,12.057495830129348,4976385.776963214,,COMPLETE
1066,1066,746015.1460617412,2022-01-14 12:16:51.063915,2022-01-14 12:16:52.044622,0 days 00:00:00.980707,84.76629233029803,44369.43431298828,,COMPLETE
1067,1067,1794569.4490057877,2022-01-14 12:16:52.256260,2022-01-14 12:16:56.218143,0 days 00:00:03.961883,8.486814424643509,111296.4354937766,,COMPLETE
1068,1068,49492534.451740295,2022-01-14 12:16:56.387748,2022-01-14 12:16:57.311354,0 days 00:00:00.923606,50.134416277033154,3069582.9995466606,,COMPLETE
1069,1069,28173.147765510545,2022-01-14 12:16:57.487205,2022-01-14 12:16:59.354084,0 days 00:00:01.866879,63.07084818648909,294.80022321244087,,COMPLETE
1070,1070,272393.116794282,2022-01-14 12:16:59.525612,2022-01-14 12:17:00.582079,0 days 00:00:01.056467,79.2578456426513,15123.342652295865,,COMPLETE
1071,1071,1250082.9306906546,2022-01-14 12:17:00.754133,2022-01-14 12:17:01.829086,0 days 00:00:01.074953,51.50861616499572,76486.29431759499,,COMPLETE
1072,1072,31139545.454594463,2022-01-14 12:17:01.968552,2022-01-14 12:17:02.743077,0 days 00:00:00.774525,64.53046063894698,1930560.605438339,,COMPLETE
1073,1073,345246.6472146381,2022-01-14 12:17:02.910876,2022-01-14 12:17:03.928195,0 days 00:00:01.017319,70.89536083708603,19855.794464812534,,COMPLETE
1074,1074,112061184.15928651,2022-01-14 12:17:04.080957,2022-01-14 12:17:04.823245,0 days 00:00:00.742288,67.16209253155122,6951039.77606681,,COMPLETE
1075,1075,63627242.23891831,2022-01-14 12:17:05.000114,2022-01-14 12:17:05.901065,0 days 00:00:00.900951,56.77564609361995,3946361.140704044,,COMPLETE
1076,1076,411177.5025793058,2022-01-14 12:17:06.071834,2022-01-14 12:17:07.077588,0 days 00:00:01.005754,62.85643649528406,24150.349559357015,,COMPLETE
1077,1077,33629053.19503406,2022-01-14 12:17:07.241735,2022-01-14 12:17:08.140560,0 days 00:00:00.898825,59.53920726020165,2085141.360018837,,COMPLETE
1078,1078,75358461.79371339,2022-01-14 12:17:08.320693,2022-01-14 12:17:09.204474,0 days 00:00:00.883781,54.06421113674904,4674259.015859664,,COMPLETE
1079,1079,31141968.58454241,2022-01-14 12:17:09.386540,2022-01-14 12:17:10.160997,0 days 00:00:00.774457,63.212749368948415,1930744.3492673188,,COMPLETE
1080,1080,149651178.2373549,2022-01-14 12:17:10.334793,2022-01-14 12:17:11.236566,0 days 00:00:00.901773,59.10985339535165,9283404.925313735,,COMPLETE
1081,1081,1040841.2221012748,2022-01-14 12:17:11.414225,2022-01-14 12:17:12.515869,0 days 00:00:01.101644,53.62165881236942,63450.85672298281,,COMPLETE
1082,1082,51517762.861196004,2022-01-14 12:17:12.741132,2022-01-14 12:17:13.738954,0 days 00:00:00.997822,44.010315684227635,3195387.6240759436,,COMPLETE
1083,1083,29418016.95148506,2022-01-14 12:17:13.925485,2022-01-14 12:17:15.164966,0 days 00:00:01.239481,56.11138989401778,1823966.8626959557,,COMPLETE
1084,1084,102538438.5160775,2022-01-14 12:17:15.365022,2022-01-14 12:17:16.261517,0 days 00:00:00.896495,81.64421152988605,6359861.770792189,,COMPLETE
1085,1085,54242424.82608092,2022-01-14 12:17:16.431197,2022-01-14 12:17:17.356487,0 days 00:00:00.925290,46.963386976730305,3364356.420790793,,COMPLETE
1086,1086,30439458.284928195,2022-01-14 12:17:17.530623,2022-01-14 12:17:18.616191,0 days 00:00:01.085568,61.06674493034083,1887213.5640351984,,COMPLETE
1087,1087,288557.71455757105,2022-01-14 12:17:18.764179,2022-01-14 12:17:20.090246,0 days 00:00:01.326067,74.81665949839717,16238.955879887766,,COMPLETE
1088,1088,75656442.64357741,2022-01-14 12:17:20.261380,2022-01-14 12:17:21.081106,0 days 00:00:00.819726,66.69525133677558,4692426.130523715,,COMPLETE
1089,1089,502987.472171071,2022-01-14 12:17:21.243143,2022-01-14 12:17:23.109098,0 days 00:00:01.865955,40.21328714868983,30420.74574032456,,COMPLETE
1090,1090,35259066.7719109,2022-01-14 12:17:23.322860,2022-01-14 12:17:24.461986,0 days 00:00:01.139126,50.11868985083089,2186509.6128015677,,COMPLETE
1091,1091,1291929190.8935812,2022-01-14 12:17:24.632424,2022-01-14 12:17:25.548851,0 days 00:00:00.916427,58.217640732983895,80152718.64767961,,COMPLETE
1092,1092,298559.7457665336,2022-01-14 12:17:25.703459,2022-01-14 12:17:26.683289,0 days 00:00:00.979830,71.87534247082048,16934.146513596024,,COMPLETE
1093,1093,1182845.0363201217,2022-01-14 12:17:26.862837,2022-01-14 12:17:27.984649,0 days 00:00:01.121812,87.15084424075931,71411.05477125915,,COMPLETE
1094,1094,29341187.139057346,2022-01-14 12:17:28.152362,2022-01-14 12:17:29.327061,0 days 00:00:01.174699,65.22722924508119,1818969.068985458,,COMPLETE
1095,1095,75526618.77516024,2022-01-14 12:17:29.480935,2022-01-14 12:17:30.495670,0 days 00:00:01.014735,49.45843435756844,4684808.592753706,,COMPLETE
1096,1096,526838.436715096,2022-01-14 12:17:30.663189,2022-01-14 12:17:32.202296,0 days 00:00:01.539107,45.06135804198449,31777.63670185504,,COMPLETE
1097,1097,55299011.16537364,2022-01-14 12:17:32.373607,2022-01-14 12:17:33.193861,0 days 00:00:00.820254,75.82168677393908,3429177.581173774,,COMPLETE
1098,1098,33431462.10839841,2022-01-14 12:17:33.293214,2022-01-14 12:17:34.682221,0 days 00:00:01.389007,37.34942817620526,2073444.975569309,,COMPLETE
1099,1099,1382565.350094749,2022-01-14 12:17:34.867613,2022-01-14 12:17:36.008867,0 days 00:00:01.141254,43.29608833365678,84914.02651522447,,COMPLETE
1100,1100,96677475.31890433,2022-01-14 12:17:36.170139,2022-01-14 12:17:42.161582,0 days 00:00:05.991443,5.609602519770928,5998073.509040795,,COMPLETE
1101,1101,1702555.3614591134,2022-01-14 12:17:42.319063,2022-01-14 12:17:43.604235,0 days 00:00:01.285172,47.02593197308356,104672.3704341405,,COMPLETE
1102,1102,1487030.4722429179,2022-01-14 12:17:43.775623,2022-01-14 12:17:45.004519,0 days 00:00:01.228896,53.13180420192464,91145.91797756047,,COMPLETE
1103,1103,53843456.66829545,2022-01-14 12:17:45.178242,2022-01-14 12:17:46.134507,0 days 00:00:00.956265,83.295449819283,3338682.486845759,,COMPLETE
1104,1104,31209192.381439198,2022-01-14 12:17:46.308562,2022-01-14 12:17:47.201607,0 days 00:00:00.893045,90.73269707142079,1934217.3414671065,,COMPLETE
1105,1105,980912496.0378027,2022-01-14 12:17:47.387194,2022-01-14 12:18:11.112129,0 days 00:00:23.724935,6.566202377931544,60857829.78507918,,COMPLETE
1106,1106,51709.72668337821,2022-01-14 12:18:11.537573,2022-01-14 12:18:19.336907,0 days 00:00:07.799334,5.34483837443312,3214.0959760622272,,COMPLETE
1107,1107,30175804.98170953,2022-01-14 12:18:19.506229,2022-01-14 12:18:20.563971,0 days 00:00:01.057742,41.42961809419005,1871353.8258663395,,COMPLETE
1108,1108,1499064.248889515,2022-01-14 12:18:20.734751,2022-01-14 12:18:21.750633,0 days 00:00:01.015882,47.67366474453206,92030.90114330439,,COMPLETE
1109,1109,439116.0412832422,2022-01-14 12:18:21.895387,2022-01-14 12:18:23.236415,0 days 00:00:01.341028,38.01772368070371,26513.55433346603,,COMPLETE
1110,1110,79382980.79184607,2022-01-14 12:18:23.406948,2022-01-14 12:18:24.248017,0 days 00:00:00.841069,77.22699622751281,4923361.256595313,,COMPLETE
1111,1111,550306.0383147263,2022-01-14 12:18:24.430492,2022-01-14 12:18:31.545425,0 days 00:00:07.114933,6.038710724169807,34138.777968740775,,COMPLETE
1112,1112,128812549.45123647,2022-01-14 12:18:31.722945,2022-01-14 12:18:32.683901,0 days 00:00:00.960956,69.2164180940364,7990277.052105228,,COMPLETE
1113,1113,54958674.10959032,2022-01-14 12:18:32.850159,2022-01-14 12:18:34.129618,0 days 00:00:01.279459,61.04290947323851,3408437.051314216,,COMPLETE
1114,1114,1011794.929627724,2022-01-14 12:18:34.359023,2022-01-14 12:18:35.466476,0 days 00:00:01.107453,51.61010749331933,61699.75045842429,,COMPLETE
1115,1115,30423561.576006107,2022-01-14 12:18:35.625430,2022-01-14 12:18:38.124713,0 days 00:00:02.499283,14.77939963678774,1887391.2691113702,,COMPLETE
1116,1116,55139911.4043649,2022-01-14 12:18:38.263105,2022-01-14 12:18:42.390352,0 days 00:00:04.127247,9.0223708784682,3420942.4570750026,,COMPLETE
1117,1117,29371443.788994692,2022-01-14 12:18:42.620916,2022-01-14 12:18:48.818713,0 days 00:00:06.197797,5.415676630234204,1822270.7965342999,,COMPLETE
1118,1118,90492133.86484155,2022-01-14 12:18:49.048624,2022-01-14 12:18:49.970490,0 days 00:00:00.921866,88.06708585391189,5612321.269021,,COMPLETE
1119,1119,1096355092.3282466,2022-01-14 12:18:50.129424,2022-01-14 12:18:54.948383,0 days 00:00:04.818959,7.607770827204568,68020110.62135914,,COMPLETE
1120,1120,663339804.4046718,2022-01-14 12:18:55.212789,2022-01-14 12:18:56.167056,0 days 00:00:00.954267,48.70901954592169,41153973.727879725,,COMPLETE
1121,1121,449508494.26485467,2022-01-14 12:18:56.365892,2022-01-14 12:18:57.395314,0 days 00:00:01.029422,55.12798485296415,27887274.1235214,,COMPLETE
1122,1122,913493.4463079324,2022-01-14 12:18:57.578456,2022-01-14 12:18:58.949052,0 days 00:00:01.370596,35.211606551705394,56016.62529304497,,COMPLETE
1123,1123,1321051.5516531293,2022-01-14 12:18:59.122065,2022-01-14 12:19:00.001936,0 days 00:00:00.879871,80.48755228845243,80154.65085733928,,COMPLETE
1124,1124,935029.5417210049,2022-01-14 12:19:00.163912,2022-01-14 12:19:01.519660,0 days 00:00:01.355748,58.09754636791837,56772.55098523519,,COMPLETE
1125,1125,469375.54588119924,2022-01-14 12:19:01.854395,2022-01-14 12:19:05.452020,0 days 00:00:03.597625,9.443359248961883,29060.648822144663,,COMPLETE
1126,1126,56534471.09916554,2022-01-14 12:19:05.625602,2022-01-14 12:19:08.826594,0 days 00:00:03.200992,13.382175756745305,3507398.721678004,,COMPLETE
1127,1127,825521322.3124287,2022-01-14 12:19:09.000567,2022-01-14 12:19:11.062584,0 days 00:00:02.062017,15.749736604749186,51216878.25219278,,COMPLETE
1128,1128,31324374.623689353,2022-01-14 12:19:11.291688,2022-01-14 12:19:12.211931,0 days 00:00:00.920243,45.80296382776152,1942502.586221202,,COMPLETE
1129,1129,789984.4604994573,2022-01-14 12:19:12.358701,2022-01-14 12:19:13.857867,0 days 00:00:01.499166,29.83777197903685,48490.03464966353,,COMPLETE
1130,1130,100146104.13382816,2022-01-14 12:19:14.021264,2022-01-14 12:19:20.898611,0 days 00:00:06.877347,5.9379858690599026,6213269.690036729,,COMPLETE
1131,1131,59246467.26253004,2022-01-14 12:19:21.128795,2022-01-14 12:19:21.898893,0 days 00:00:00.770098,85.38817910852865,3673843.3860595343,,COMPLETE
1132,1132,31635269.151561417,2022-01-14 12:19:22.049298,2022-01-14 12:19:25.025543,0 days 00:00:02.976245,11.603635929234766,1962641.0397402977,,COMPLETE
1133,1133,30796137.67897043,2022-01-14 12:19:25.181595,2022-01-14 12:19:28.039904,0 days 00:00:02.858309,7.734358885550487,1910625.4049028251,,COMPLETE
1134,1134,75571770.6591219,2022-01-14 12:19:28.269264,2022-01-14 12:19:32.568022,0 days 00:00:04.298758,10.653041202045827,4688547.3623475665,,COMPLETE
1135,1135,33194380.482227143,2022-01-14 12:19:32.696794,2022-01-14 12:19:34.819688,0 days 00:00:02.122894,13.48891447179413,2059328.7343959115,,COMPLETE
1136,1136,27354201.328416172,2022-01-14 12:19:34.983070,2022-01-14 12:19:38.186094,0 days 00:00:03.203024,8.221107674385056,1697073.4682318075,,COMPLETE
1137,1137,64781676.11194978,2022-01-14 12:19:38.364652,2022-01-14 12:19:43.585658,0 days 00:00:05.221006,4.919399824306888,4019201.6450930033,,COMPLETE
1138,1138,26097884.325605504,2022-01-14 12:19:43.708887,2022-01-14 12:19:44.567987,0 days 00:00:00.859100,51.71505841751163,1618090.4235672853,,COMPLETE
1139,1139,320828.2718804104,2022-01-14 12:19:44.736767,2022-01-14 12:19:47.718562,0 days 00:00:02.981795,12.23783529040752,19813.03962135813,,COMPLETE
1140,1140,875648.3561798924,2022-01-14 12:19:47.864807,2022-01-14 12:19:50.483904,0 days 00:00:02.619097,16.497397847151962,54136.2468684496,,COMPLETE
1141,1141,223328074.1047122,2022-01-14 12:19:50.647209,2022-01-14 12:19:54.962936,0 days 00:00:04.315727,6.72753690698454,13855722.41321303,,COMPLETE
1142,1142,447428.1559646889,2022-01-14 12:19:55.153911,2022-01-14 12:19:59.864701,0 days 00:00:04.710790,9.807133909994196,27693.328467563588,,COMPLETE
1143,1143,91176.22878861871,2022-01-14 12:20:00.013699,2022-01-14 12:20:02.747702,0 days 00:00:02.734003,14.450769081441162,5511.091518819039,,COMPLETE
1144,1144,109808596.7197156,2022-01-14 12:20:03.014968,2022-01-14 12:20:04.997201,0 days 00:00:01.982233,16.405873728511132,6812564.346789894,,COMPLETE
1145,1145,59595248.059080616,2022-01-14 12:20:05.198840,2022-01-14 12:20:07.761207,0 days 00:00:02.562367,13.938163308677668,3697282.7545325435,,COMPLETE
1146,1146,53237527.99706958,2022-01-14 12:20:08.064950,2022-01-14 12:20:10.442844,0 days 00:00:02.377894,16.023234221206565,3302787.386716698,,COMPLETE
1147,1147,1591548.1043904976,2022-01-14 12:20:10.614353,2022-01-14 12:20:12.546739,0 days 00:00:01.932386,14.853690286146575,98591.53942078183,,COMPLETE
1148,1148,743417.8100443451,2022-01-14 12:20:12.729266,2022-01-14 12:20:15.326112,0 days 00:00:02.596846,16.830493631974754,45924.2988930617,,COMPLETE
1149,1149,32145277.02873252,2022-01-14 12:20:15.556608,2022-01-14 12:20:17.643217,0 days 00:00:02.086609,14.881627978336207,1994207.6425345563,,COMPLETE
1150,1150,23408.962453172953,2022-01-14 12:20:17.918169,2022-01-14 12:20:23.499938,0 days 00:00:05.581769,14.1909801753219,1299.0043333170956,,COMPLETE
1151,1151,72139411.55853753,2022-01-14 12:20:23.657058,2022-01-14 12:20:25.276332,0 days 00:00:01.619274,14.094481642375099,4475544.997504352,,COMPLETE
1152,1152,1334641.288462366,2022-01-14 12:20:25.444418,2022-01-14 12:20:27.951515,0 days 00:00:02.507097,16.715350713565105,82608.01851578846,,COMPLETE
1153,1153,30515148.96557086,2022-01-14 12:20:28.120595,2022-01-14 12:20:30.007234,0 days 00:00:01.886639,14.68706148468094,1893075.7260327588,,COMPLETE
1154,1154,96074744.10943633,2022-01-14 12:20:30.206051,2022-01-14 12:20:32.388508,0 days 00:00:02.182457,16.911117617741837,5960475.555710478,,COMPLETE
1155,1155,273780.0852462912,2022-01-14 12:20:32.557005,2022-01-14 12:20:35.369177,0 days 00:00:02.812172,13.651859174840487,16861.552750213472,,COMPLETE
1156,1156,51298838.434210554,2022-01-14 12:20:35.543258,2022-01-14 12:20:38.562336,0 days 00:00:03.019078,12.629368647485206,3182586.4301670734,,COMPLETE
1157,1157,27436620.217051785,2022-01-14 12:20:38.702992,2022-01-14 12:20:41.042991,0 days 00:00:02.339999,12.256851540264924,1702133.479519603,,COMPLETE
1158,1158,131536018.84199867,2022-01-14 12:20:41.212428,2022-01-14 12:20:43.322606,0 days 00:00:02.110178,14.732971168342905,8160618.415536473,,COMPLETE
