,number,value,datetime_start,datetime_complete,duration,params_Tu,params_Tv,system_attrs_fail_reason,state
1589,1589,101183714.88340198,2022-01-14 12:54:40.999365,2022-01-14 12:54:43.318887,0 days 00:00:02.319522,13.540158642995355,6277526.519311302,,COMPLETE
1590,1590,1772392.4275474264,2022-01-14 12:54:43.503130,2022-01-14 12:54:48.360336,0 days 00:00:04.857206,10.592623723465188,109882.35578290305,,COMPLETE
1591,1591,77362495.2285491,2022-01-14 12:54:48.499812,2022-01-14 12:55:07.198456,0 days 00:00:18.698644,7.316094314554314,4799706.53594722,,COMPLETE
1592,1592,1980506.1827993405,2022-01-14 12:55:07.377450,2022-01-14 12:55:10.280146,0 days 00:00:02.902696,11.749970760290694,122794.77135775235,,COMPLETE
1593,1593,846599.8951295307,2022-01-14 12:55:10.476309,2022-01-14 12:55:13.501982,0 days 00:00:03.025673,9.032200420586824,52472.103642727845,,COMPLETE
1594,1594,52296713.43023978,2022-01-14 12:55:13.617677,2022-01-14 12:55:18.469271,0 days 00:00:04.851594,5.760020800546608,3244597.0753282136,,COMPLETE
1595,1595,27980403.197190776,2022-01-14 12:55:18.602814,2022-01-14 12:55:23.544380,0 days 00:00:04.941566,4.494556836102715,1735980.0740566738,,COMPLETE
1596,1596,1704445.6322456237,2022-01-14 12:55:23.711730,2022-01-14 12:55:26.373191,0 days 00:00:02.661461,13.970214576584947,105616.65324335078,,COMPLETE
1597,1597,30351751.054904398,2022-01-14 12:55:26.518485,2022-01-14 12:55:45.088064,0 days 00:00:18.569579,7.260156515080858,1883063.6089675392,,COMPLETE
1598,1598,969243.2643125098,2022-01-14 12:55:45.227153,2022-01-14 12:55:49.800878,0 days 00:00:04.573725,10.541242608897306,60054.20278051465,,COMPLETE
1599,1599,76520071.13705298,2022-01-14 12:55:49.968588,2022-01-14 12:55:52.436700,0 days 00:00:02.468112,15.984489794191516,4747285.451104058,,COMPLETE
1600,1600,749345.0708911171,2022-01-14 12:55:52.646715,2022-01-14 12:55:55.756490,0 days 00:00:03.109775,9.166980713876486,46435.84722995789,,COMPLETE
1601,1601,52998717.0539405,2022-01-14 12:55:55.900530,2022-01-14 12:55:59.913464,0 days 00:00:04.012934,12.523071152721629,3288052.83603416,,COMPLETE
1602,1602,50836518.14212101,2022-01-14 12:56:00.051113,2022-01-14 12:56:05.571014,0 days 00:00:05.519901,6.438688345146492,3153993.5306236013,,COMPLETE
1603,1603,1484744.6452532152,2022-01-14 12:56:05.699107,2022-01-14 12:56:08.514526,0 days 00:00:02.815419,3.452620342978836,92146.64148000922,,COMPLETE
1604,1604,30549345.753660824,2022-01-14 12:56:08.655476,2022-01-14 12:56:11.770422,0 days 00:00:03.114946,8.49246367954465,1895302.1829130745,,COMPLETE
1605,1605,204410.23696853928,2022-01-14 12:56:11.957591,2022-01-14 12:56:16.333016,0 days 00:00:04.375425,11.011396885801524,12593.150343218553,,COMPLETE
1606,1606,105020409.1938127,2022-01-14 12:56:16.455304,2022-01-14 12:56:34.936138,0 days 00:00:18.480834,4.415620757185736,6515702.706149046,,COMPLETE
1607,1607,685246.9260980972,2022-01-14 12:56:35.083781,2022-01-14 12:56:37.786416,0 days 00:00:02.702635,13.510227668081127,42393.85462615552,,COMPLETE
1608,1608,1530760.079704712,2022-01-14 12:56:37.966947,2022-01-14 12:56:40.076239,0 days 00:00:02.109292,17.363240936676302,94760.0289478306,,COMPLETE
1609,1609,30420494.49586145,2022-01-14 12:56:40.223504,2022-01-14 12:56:43.767588,0 days 00:00:03.544084,7.382515386836245,1887326.614188306,,COMPLETE
1610,1610,64052670.012453884,2022-01-14 12:56:43.889741,2022-01-14 12:56:47.783298,0 days 00:00:03.893557,10.553223297955503,3973880.4164223024,,COMPLETE
1611,1611,31610086.603351317,2022-01-14 12:56:47.918161,2022-01-14 12:56:54.698570,0 days 00:00:06.780409,6.281656532352555,1961148.2922172456,,COMPLETE
1612,1612,1165502.2595073264,2022-01-14 12:56:55.159645,2022-01-14 12:56:57.126789,0 days 00:00:01.967144,21.617510847969754,71996.54953523756,,COMPLETE
1613,1613,82399367.237616,2022-01-14 12:56:57.279057,2022-01-14 12:56:59.601543,0 days 00:00:02.322486,15.202451426930256,5112067.780824413,,COMPLETE
1614,1614,1460772657.1378362,2022-01-14 12:56:59.743004,2022-01-14 12:57:03.175188,0 days 00:00:03.432184,9.114685760884209,90629303.69004893,,COMPLETE
1615,1615,336436.1496094107,2022-01-14 12:57:03.311613,2022-01-14 12:57:07.236978,0 days 00:00:03.925365,3.761039150280909,20899.859462553235,,COMPLETE
1616,1616,1448658.996344876,2022-01-14 12:57:07.385079,2022-01-14 12:57:09.926150,0 days 00:00:02.541071,12.420934363300248,89782.68189462154,,COMPLETE
1617,1617,52370851.00799147,2022-01-14 12:57:10.054314,2022-01-14 12:57:15.709692,0 days 00:00:05.655378,5.841819963973242,3249195.5463409154,,COMPLETE
1618,1618,543822.2820301801,2022-01-14 12:57:15.834636,2022-01-14 12:57:19.346463,0 days 00:00:03.511827,9.422192578575821,33679.87187506864,,COMPLETE
1619,1619,36906939.63486962,2022-01-14 12:57:19.487824,2022-01-14 12:57:21.958539,0 days 00:00:02.470715,12.025547010762722,2289696.917529261,,COMPLETE
1620,1620,1062055.665590432,2022-01-14 12:57:22.093981,2022-01-14 12:57:25.394652,0 days 00:00:03.300671,7.5395686508567294,65865.70711997314,,COMPLETE
1621,1621,84285388.59643821,2022-01-14 12:57:25.783989,2022-01-14 12:57:28.452262,0 days 00:00:02.668273,3.7993652780866,5229266.2163232025,,COMPLETE
1622,1622,481666.22857941536,2022-01-14 12:57:28.593060,2022-01-14 12:57:30.668138,0 days 00:00:02.075078,14.011020066424853,29751.422037683846,,COMPLETE
1623,1623,1090088.0394683392,2022-01-14 12:57:30.810803,2022-01-14 12:57:35.533254,0 days 00:00:04.722451,10.155200680737504,67558.94015438463,,COMPLETE
1624,1624,31558408.29044278,2022-01-14 12:57:35.775060,2022-01-14 12:57:38.966165,0 days 00:00:03.191105,7.546716439653899,1957922.4498286424,,COMPLETE
1625,1625,60167530.23086583,2022-01-14 12:57:39.133595,2022-01-14 12:57:41.619907,0 days 00:00:02.486312,19.297715794830598,3732659.7241578544,,COMPLETE
1626,1626,170177377.02719757,2022-01-14 12:57:41.788779,2022-01-14 12:57:46.826726,0 days 00:00:05.037947,5.339296936429611,10558163.263656365,,COMPLETE
1627,1627,129542139.53957321,2022-01-14 12:57:46.941267,2022-01-14 12:57:50.735948,0 days 00:00:03.794681,2.110025515625919,8037103.673299759,,COMPLETE
1628,1628,29056840.834652893,2022-01-14 12:57:50.861819,2022-01-14 12:57:52.822409,0 days 00:00:01.960590,15.638669376379866,1802576.7023062285,,COMPLETE
1629,1629,1338642.4588573342,2022-01-14 12:57:52.953851,2022-01-14 12:57:55.881430,0 days 00:00:02.927579,11.834442727878919,82970.23542986436,,COMPLETE
1630,1630,1140152.983241116,2022-01-14 12:57:56.023286,2022-01-14 12:58:00.195627,0 days 00:00:04.172341,9.018789525622228,70684.99349741185,,COMPLETE
1631,1631,53133914.308855355,2022-01-14 12:58:00.345304,2022-01-14 12:58:05.739792,0 days 00:00:05.394488,5.582058395040459,3296541.2891191053,,COMPLETE
1632,1632,90821053.16809686,2022-01-14 12:58:05.886357,2022-01-14 12:58:11.404611,0 days 00:00:05.518254,10.844989809566755,5634640.741629904,,COMPLETE
1633,1633,29357335.194582697,2022-01-14 12:58:11.578917,2022-01-14 12:58:13.932487,0 days 00:00:02.353570,3.101716228050031,1821423.3635364645,,COMPLETE
1634,1634,29647587.207988087,2022-01-14 12:58:14.069611,2022-01-14 12:58:16.557154,0 days 00:00:02.487543,13.78288232365403,1839271.5283553484,,COMPLETE
1635,1635,59808891.183066346,2022-01-14 12:58:16.691799,2022-01-14 12:58:20.445219,0 days 00:00:03.753420,7.639665105836229,3710638.1861774935,,COMPLETE
1636,1636,30847260.681977663,2022-01-14 12:58:20.574741,2022-01-14 12:58:38.955580,0 days 00:00:18.380839,9.494897280146834,1913767.6894281595,,COMPLETE
1637,1637,103198905.01809838,2022-01-14 12:58:39.074748,2022-01-14 12:58:41.180027,0 days 00:00:02.105279,17.433954571482673,6402460.603808139,,COMPLETE
1638,1638,28251253.92282739,2022-01-14 12:58:41.345958,2022-01-14 12:58:45.137861,0 days 00:00:03.791903,12.82254037137478,1752662.2389828092,,COMPLETE
1639,1639,74080741.61092292,2022-01-14 12:58:45.288210,2022-01-14 12:58:50.082867,0 days 00:00:04.794657,5.493907016821611,4596127.03441737,,COMPLETE
1640,1640,215495.88051914822,2022-01-14 12:58:50.231286,2022-01-14 12:58:53.524057,0 days 00:00:03.292771,7.192283748671294,13348.84387829631,,COMPLETE
1641,1641,53610290.06302688,2022-01-14 12:58:53.661396,2022-01-14 12:58:54.428469,0 days 00:00:00.767073,92.61587892355712,3323980.0480297124,,COMPLETE
1642,1642,28645053.859113306,2022-01-14 12:58:54.544124,2022-01-14 12:58:56.890489,0 days 00:00:02.346365,3.5005965962938124,1777227.9416211154,,COMPLETE
1643,1643,30395884.22486811,2022-01-14 12:58:57.061738,2022-01-14 12:59:02.290101,0 days 00:00:05.228363,10.889071245234929,1885737.41219215,,COMPLETE
1644,1644,74859210.59786613,2022-01-14 12:59:02.444432,2022-01-14 12:59:05.627622,0 days 00:00:03.183190,7.919437707124772,4644387.632452915,,COMPLETE
1645,1645,1094712.9895599848,2022-01-14 12:59:05.781061,2022-01-14 12:59:08.248272,0 days 00:00:02.467211,15.15763258843897,67759.57063891066,,COMPLETE
1646,1646,885130.7289282914,2022-01-14 12:59:08.410356,2022-01-14 12:59:11.966323,0 days 00:00:03.555967,2.1699401001949146,54956.23715678201,,COMPLETE
1647,1647,57371706.421035275,2022-01-14 12:59:12.149163,2022-01-14 12:59:14.729263,0 days 00:00:02.580100,11.707187754793882,3559380.548263935,,COMPLETE
1648,1648,32079852.38465275,2022-01-14 12:59:14.879513,2022-01-14 12:59:33.468500,0 days 00:00:18.588987,9.434939978070574,1990241.3153270422,,COMPLETE
1649,1649,1401349397.7644255,2022-01-14 12:59:33.598875,2022-01-14 12:59:38.569497,0 days 00:00:04.970622,5.867555478691042,86942615.04759976,,COMPLETE
1650,1650,648476.4328117623,2022-01-14 12:59:39.114249,2022-01-14 12:59:44.490518,0 days 00:00:05.376269,4.7122139309976045,40247.93252314076,,COMPLETE
1651,1651,134750.37956481817,2022-01-14 12:59:44.611241,2022-01-14 12:59:46.975118,0 days 00:00:02.363877,24.275000029039106,7975.9654020544485,,COMPLETE
1652,1652,124558166.48129734,2022-01-14 12:59:47.135233,2022-01-14 12:59:49.579573,0 days 00:00:02.444340,13.259024262235151,7727732.362728145,,COMPLETE
1653,1653,30814395.257805377,2022-01-14 12:59:49.719176,2022-01-14 12:59:52.802604,0 days 00:00:03.083428,8.179395310420533,1911751.7714306344,,COMPLETE
1654,1654,37949.09164586222,2022-01-14 12:59:52.935106,2022-01-14 12:59:54.663747,0 days 00:00:01.728641,79.02998020221143,532.2591390083605,,COMPLETE
1655,1655,81522876.08997081,2022-01-14 12:59:54.808423,2022-01-14 12:59:55.575035,0 days 00:00:00.766612,70.17070373484614,5056303.685825262,,COMPLETE
1656,1656,1163558.7525189403,2022-01-14 12:59:55.718187,2022-01-14 12:59:56.609278,0 days 00:00:00.891091,75.90210550695747,70499.6770999409,,COMPLETE
1657,1657,59627673.94624118,2022-01-14 12:59:56.742920,2022-01-14 12:59:57.510121,0 days 00:00:00.767201,77.2477624103844,3697700.6208392265,,COMPLETE
1658,1658,787400.6868509678,2022-01-14 12:59:57.677159,2022-01-14 12:59:59.925198,0 days 00:00:02.248039,17.23005743666847,48643.46701681739,,COMPLETE
1659,1659,1791682.7168546375,2022-01-14 13:00:00.103392,2022-01-14 13:00:01.018375,0 days 00:00:00.914983,82.77161925518931,109295.76995124509,,COMPLETE
1660,1660,1593352.650840629,2022-01-14 13:00:01.166050,2022-01-14 13:00:02.034278,0 days 00:00:00.868228,83.42812108301824,96974.28464119096,,COMPLETE
1661,1661,1041940.1522185629,2022-01-14 13:00:02.167257,2022-01-14 13:00:03.024576,0 days 00:00:00.857319,78.31061915219439,62893.095269363446,,COMPLETE
1662,1662,222880.53527821938,2022-01-14 13:00:03.167901,2022-01-14 13:00:04.166971,0 days 00:00:00.999070,81.86323547176148,11984.925580909443,,COMPLETE
1663,1663,48245563.71537943,2022-01-14 13:00:04.302399,2022-01-14 13:00:05.082047,0 days 00:00:00.779648,79.0222464478472,2991485.9641093793,,COMPLETE
1664,1664,104018687.76837598,2022-01-14 13:00:05.213130,2022-01-14 13:00:07.185732,0 days 00:00:01.972602,15.12708074242092,6453376.9273220105,,COMPLETE
1665,1665,32275877.17246764,2022-01-14 13:00:07.368204,2022-01-14 13:00:08.141844,0 days 00:00:00.773640,79.57097028328928,2000679.6556891429,,COMPLETE
1666,1666,55465973.40070769,2022-01-14 13:00:08.274328,2022-01-14 13:00:09.029973,0 days 00:00:00.755645,79.47821124118153,3439443.5600925945,,COMPLETE
1667,1667,29526311.078741807,2022-01-14 13:00:09.178121,2022-01-14 13:00:10.268281,0 days 00:00:01.090160,81.68574655865989,1830037.2696977472,,COMPLETE
1668,1668,30264277.84791616,2022-01-14 13:00:10.447914,2022-01-14 13:00:11.185563,0 days 00:00:00.737649,74.93900810207455,1875993.3047620647,,COMPLETE
1669,1669,381481.8362109249,2022-01-14 13:00:11.359887,2022-01-14 13:00:12.414838,0 days 00:00:01.054951,74.7377382899093,22006.626952205384,,COMPLETE
1670,1670,1017817.7955627851,2022-01-14 13:00:12.588744,2022-01-14 13:00:13.454731,0 days 00:00:00.865987,77.12374862822593,61426.57407351503,,COMPLETE
1671,1671,84547636.0707738,2022-01-14 13:00:13.633080,2022-01-14 13:00:14.375577,0 days 00:00:00.742497,81.51232635197587,5243678.509647022,,COMPLETE
1672,1672,52696677.00412946,2022-01-14 13:00:14.641192,2022-01-14 13:00:15.377737,0 days 00:00:00.736545,76.3821922592769,3267709.1751185763,,COMPLETE
1673,1673,1560271.470700869,2022-01-14 13:00:15.534846,2022-01-14 13:00:16.398319,0 days 00:00:00.863473,80.6592500114357,94992.05258791897,,COMPLETE
1674,1674,444616.55866681243,2022-01-14 13:00:16.563338,2022-01-14 13:00:17.603929,0 days 00:00:01.040591,76.79198497352529,25871.750250667545,,COMPLETE
1675,1675,63134.079818074606,2022-01-14 13:00:17.750706,2022-01-14 13:00:18.965902,0 days 00:00:01.215196,83.82434072270807,2012.194780157642,,COMPLETE
1676,1676,30202623.664229214,2022-01-14 13:00:19.122631,2022-01-14 13:00:19.856502,0 days 00:00:00.733871,85.26185125670136,1871906.4373034777,,COMPLETE
1677,1677,64367905.83968272,2022-01-14 13:00:19.997270,2022-01-14 13:00:21.127831,0 days 00:00:01.130561,20.734013973254335,3993227.2089400156,,COMPLETE
1678,1678,31572940.8593853,2022-01-14 13:00:21.323831,2022-01-14 13:00:22.092784,0 days 00:00:00.768953,86.21121149350162,1956899.6826652174,,COMPLETE
1679,1679,992640.7557981042,2022-01-14 13:00:22.256734,2022-01-14 13:00:23.125519,0 days 00:00:00.868785,84.05801585972961,59688.72080323552,,COMPLETE
1680,1680,93261453.51133688,2022-01-14 13:00:23.226612,2022-01-14 13:00:23.960512,0 days 00:00:00.733900,83.24586918709988,5784257.821304519,,COMPLETE
1681,1681,30046260.19667013,2022-01-14 13:00:24.115959,2022-01-14 13:00:24.883808,0 days 00:00:00.767849,78.46560644168406,1862377.6289262061,,COMPLETE
1682,1682,60381310.24268391,2022-01-14 13:00:25.038306,2022-01-14 13:00:25.807505,0 days 00:00:00.769199,77.1068897701662,3744461.347457117,,COMPLETE
1683,1683,1766971.4975545667,2022-01-14 13:00:25.987962,2022-01-14 13:00:26.894618,0 days 00:00:00.906656,87.3104852869466,107647.55719338385,,COMPLETE
1684,1684,1324582524.5177581,2022-01-14 13:00:27.033152,2022-01-14 13:00:27.800625,0 days 00:00:00.767473,80.06562291818382,82178045.11010179,,COMPLETE
1685,1685,29076230.050609063,2022-01-14 13:00:28.041262,2022-01-14 13:00:28.783190,0 days 00:00:00.741928,77.00601083423369,1802231.956332527,,COMPLETE
1686,1686,1164765.9143970823,2022-01-14 13:00:28.970185,2022-01-14 13:00:29.911826,0 days 00:00:00.941641,88.90530785732045,70244.90115633227,,COMPLETE
1687,1687,58688376.95892907,2022-01-14 13:00:30.066994,2022-01-14 13:00:30.830272,0 days 00:00:00.763278,83.10814714353997,3639276.114441002,,COMPLETE
1688,1688,119585163.22881633,2022-01-14 13:00:30.976756,2022-01-14 13:00:31.750752,0 days 00:00:00.773996,80.72387723810023,7417499.172788855,,COMPLETE
1689,1689,27414033.331176803,2022-01-14 13:00:31.885174,2022-01-14 13:00:32.657766,0 days 00:00:00.772592,80.22557490852003,1699024.2066846096,,COMPLETE
1690,1690,81284497.81652454,2022-01-14 13:00:32.832754,2022-01-14 13:00:33.597047,0 days 00:00:00.764293,82.50730857811399,5041201.435496331,,COMPLETE
1691,1691,28592664.705817007,2022-01-14 13:00:33.733942,2022-01-14 13:00:34.502861,0 days 00:00:00.768919,84.55830957639796,1772039.0887483766,,COMPLETE
1692,1692,56171248.47189867,2022-01-14 13:00:34.660869,2022-01-14 13:00:35.403955,0 days 00:00:00.743086,86.40199031823259,3483024.7466281126,,COMPLETE
1693,1693,743600.7078359231,2022-01-14 13:00:35.591951,2022-01-14 13:00:36.481274,0 days 00:00:00.889323,89.92713372995804,44088.79098013151,,COMPLETE
1694,1694,26938776.5473322,2022-01-14 13:00:36.653022,2022-01-14 13:00:37.409120,0 days 00:00:00.756098,88.93385845606062,1669317.511771089,,COMPLETE
1695,1695,82971667.59294152,2022-01-14 13:00:37.599776,2022-01-14 13:00:38.378774,0 days 00:00:00.778998,78.6562676586741,5145974.574201545,,COMPLETE
1696,1696,53081901.18915886,2022-01-14 13:00:38.539924,2022-01-14 13:00:39.299477,0 days 00:00:00.759553,85.2299828941207,3291384.96317416,,COMPLETE
1697,1697,31014698.218416113,2022-01-14 13:00:39.451379,2022-01-14 13:00:40.189358,0 days 00:00:00.737979,83.30173889317366,1922338.9176965319,,COMPLETE
1698,1698,28250278.106113292,2022-01-14 13:00:40.366029,2022-01-14 13:00:41.115067,0 days 00:00:00.749038,81.42124505746396,1750876.249340999,,COMPLETE
1699,1699,1539934.2571018287,2022-01-14 13:00:41.331993,2022-01-14 13:00:42.226031,0 days 00:00:00.894038,85.32334078072681,93612.0369462301,,COMPLETE
1700,1700,2040798.496061026,2022-01-14 13:00:42.390858,2022-01-14 13:00:43.254829,0 days 00:00:00.863971,79.76861864975385,124827.59589929822,,COMPLETE
1701,1701,102902460.21193318,2022-01-14 13:00:43.407969,2022-01-14 13:00:44.175669,0 days 00:00:00.767700,81.2231461574815,6382457.105163886,,COMPLETE
1702,1702,2023799.335120553,2022-01-14 13:00:44.329058,2022-01-14 13:00:45.198907,0 days 00:00:00.869849,75.47800414760269,123881.71067055002,,COMPLETE
1703,1703,56197731.35753162,2022-01-14 13:00:45.334605,2022-01-14 13:00:46.093312,0 days 00:00:00.758707,86.46064744766949,3484666.3125154376,,COMPLETE
1704,1704,150990220.08863184,2022-01-14 13:00:46.279061,2022-01-14 13:00:47.038277,0 days 00:00:00.759216,78.55608317696849,9365988.833250854,,COMPLETE
1705,1705,330369.3138723007,2022-01-14 13:00:47.227068,2022-01-14 13:00:48.221417,0 days 00:00:00.994349,71.90102756991263,18907.204468713342,,COMPLETE
1706,1706,559965.0038391546,2022-01-14 13:00:48.387721,2022-01-14 13:00:49.257933,0 days 00:00:00.870212,82.9903898712618,32871.29584909609,,COMPLETE
1707,1707,52174276.54090411,2022-01-14 13:00:49.451080,2022-01-14 13:00:50.214975,0 days 00:00:00.763895,73.29114038461535,3235376.736743084,,COMPLETE
1708,1708,943550.5850700029,2022-01-14 13:00:50.360545,2022-01-14 13:00:53.399271,0 days 00:00:03.038726,0.7884044568258277,58587.74979577404,,COMPLETE
1709,1709,30757002.416431945,2022-01-14 13:00:53.550498,2022-01-14 13:00:54.293528,0 days 00:00:00.743030,73.64459217401618,1906595.773842436,,COMPLETE
1710,1710,259826.4157775776,2022-01-14 13:00:54.475151,2022-01-14 13:00:55.495571,0 days 00:00:01.020420,80.16062656764457,14320.68343333299,,COMPLETE
1711,1711,47020.809916274,2022-01-14 13:00:55.629921,2022-01-14 13:00:57.110128,0 days 00:00:01.480207,84.43212672544479,981.9759128936829,,COMPLETE
1712,1712,77115936.57936779,2022-01-14 13:00:57.237461,2022-01-14 13:00:57.997990,0 days 00:00:00.760529,88.33053008781752,4782427.636200733,,COMPLETE
1713,1713,1292000.9779333284,2022-01-14 13:00:58.141775,2022-01-14 13:00:59.046457,0 days 00:00:00.904682,86.45622891523065,78200.96074712425,,COMPLETE
1714,1714,28840432.44864023,2022-01-14 13:00:59.192643,2022-01-14 13:00:59.951648,0 days 00:00:00.759005,81.36599599092978,1787492.0467504964,,COMPLETE
1715,1715,1549632.5722823695,2022-01-14 13:01:00.127774,2022-01-14 13:01:01.027870,0 days 00:00:00.900096,79.84987210430269,94352.51136749839,,COMPLETE
1716,1716,1005736.1116728355,2022-01-14 13:01:01.175489,2022-01-14 13:01:02.053363,0 days 00:00:00.877874,84.9633181920729,60478.23800271452,,COMPLETE
1717,1717,53657761.670426674,2022-01-14 13:01:02.194439,2022-01-14 13:01:02.948789,0 days 00:00:00.754350,84.13754500153912,3327140.23539346,,COMPLETE
1718,1718,699838589.5991234,2022-01-14 13:01:03.080714,2022-01-14 13:01:03.869746,0 days 00:00:00.789032,83.61554268782976,43417548.8892516,,COMPLETE
1719,1719,663666.5018001208,2022-01-14 13:01:04.036903,2022-01-14 13:01:04.959583,0 days 00:00:00.922680,85.56428694887813,39240.03770967215,,COMPLETE
1720,1720,96911944.71813369,2022-01-14 13:01:05.132948,2022-01-14 13:01:05.890572,0 days 00:00:00.757624,90.10214869770789,6010568.021471945,,COMPLETE
1721,1721,1111851.9233172985,2022-01-14 13:01:06.073163,2022-01-14 13:01:06.987831,0 days 00:00:00.914668,86.0280821263722,67034.93416367704,,COMPLETE
1722,1722,864492.1447104799,2022-01-14 13:01:07.174428,2022-01-14 13:01:08.072328,0 days 00:00:00.897900,87.44228060428122,51652.23977459933,,COMPLETE
1723,1723,53561152.78743928,2022-01-14 13:01:08.237986,2022-01-14 13:01:09.005479,0 days 00:00:00.767493,82.48792498554647,3321188.2431105175,,COMPLETE
1724,1724,29950316.444310736,2022-01-14 13:01:09.187954,2022-01-14 13:01:09.933474,0 days 00:00:00.745520,83.26671557998743,1856303.3578032306,,COMPLETE
1725,1725,77226961.64246356,2022-01-14 13:01:10.115801,2022-01-14 13:01:10.844261,0 days 00:00:00.728460,87.07208219910787,4789347.7661606,,COMPLETE
1726,1726,31668747.2137434,2022-01-14 13:01:11.100133,2022-01-14 13:01:11.823527,0 days 00:00:00.723394,84.13597075722969,1962896.3205780925,,COMPLETE
1727,1727,52775318.54981012,2022-01-14 13:01:11.955187,2022-01-14 13:01:12.713048,0 days 00:00:00.757861,82.20058532805497,3272440.7460133876,,COMPLETE
1728,1728,28723710.747952785,2022-01-14 13:01:12.890347,2022-01-14 13:01:13.648640,0 days 00:00:00.758293,88.61795947879968,1780066.5323641114,,COMPLETE
1729,1729,76549.92695864037,2022-01-14 13:01:13.815170,2022-01-14 13:01:15.054475,0 days 00:00:01.239305,86.5647655645521,2779.0568247014335,,COMPLETE
1730,1730,137899.54097343943,2022-01-14 13:01:15.233205,2022-01-14 13:01:16.341181,0 days 00:00:01.107976,84.78679567802557,6636.463668610491,,COMPLETE
1731,1731,120351338.26852913,2022-01-14 13:01:16.521062,2022-01-14 13:01:17.267898,0 days 00:00:00.746836,79.84351158821475,7465056.577221934,,COMPLETE
1732,1732,75068554.76046807,2022-01-14 13:01:17.441000,2022-01-14 13:01:18.189937,0 days 00:00:00.748937,84.41234537717318,4655503.169747822,,COMPLETE
