,number,value,datetime_start,datetime_complete,duration,params_Tu,params_Tv,system_attrs_fail_reason,state
289,289,351482.6410039817,2022-01-14 11:23:24.591823,2022-01-14 11:23:26.588165,0 days 00:00:01.996342,14.256667300277558,21668.56973855345,,COMPLETE
290,290,68295968.51942153,2022-01-14 11:23:26.719705,2022-01-14 11:23:29.056609,0 days 00:00:02.336904,17.69091252738088,4237003.994620612,,COMPLETE
291,291,28984565.303887267,2022-01-14 11:23:29.188946,2022-01-14 11:23:31.057067,0 days 00:00:01.868121,15.00706818366714,1798107.5708234187,,COMPLETE
292,292,3290930.6556120897,2022-01-14 11:23:31.210955,2022-01-14 11:23:34.278114,0 days 00:00:03.067159,13.352084372188237,204059.91850381385,,COMPLETE
293,293,675075.3198210944,2022-01-14 11:23:34.439319,2022-01-14 11:23:36.949366,0 days 00:00:02.510047,18.756377294302887,41637.41303646704,,COMPLETE
294,294,55829348.813673556,2022-01-14 11:23:37.105159,2022-01-14 11:23:40.327395,0 days 00:00:03.222236,22.23555309446413,3463439.389893983,,COMPLETE
295,295,314150.23883088026,2022-01-14 11:23:40.462956,2022-01-14 11:23:43.209081,0 days 00:00:02.746125,11.40880252997812,19417.315720187496,,COMPLETE
296,296,114461809.27784927,2022-01-14 11:23:43.372134,2022-01-14 11:23:46.224261,0 days 00:00:02.852127,11.571609713409739,7101371.666977938,,COMPLETE
297,297,1700455.8961199273,2022-01-14 11:23:46.371850,2022-01-14 11:23:51.263919,0 days 00:00:04.892069,11.178377631040027,105432.43408749039,,COMPLETE
298,298,33430732.51606304,2022-01-14 11:23:51.417821,2022-01-14 11:23:53.798791,0 days 00:00:02.380970,13.708560045604779,2073987.4184473136,,COMPLETE
299,299,63271467.55294273,2022-01-14 11:23:53.945459,2022-01-14 11:23:55.971677,0 days 00:00:02.026218,16.71512133194735,3925297.1398048033,,COMPLETE
300,300,29223954.015922792,2022-01-14 11:23:56.127085,2022-01-14 11:23:59.205647,0 days 00:00:03.078562,8.077709129393247,1813079.232259434,,COMPLETE
301,301,951156740.2771838,2022-01-14 11:23:59.351188,2022-01-14 11:24:03.236932,0 days 00:00:03.885744,11.454892998452776,59011658.77976657,,COMPLETE
302,302,2396343.7269640304,2022-01-14 11:24:03.400998,2022-01-14 11:24:05.174964,0 days 00:00:01.773966,19.847714866171493,148405.55079563687,,COMPLETE
303,303,85219980.01899745,2022-01-14 11:24:05.313726,2022-01-14 11:24:08.158358,0 days 00:00:02.844632,9.212007896340952,5287168.09694476,,COMPLETE
304,304,28547050.32854055,2022-01-14 11:24:08.339787,2022-01-14 11:24:10.308957,0 days 00:00:01.969170,14.559164142188841,1770973.832867673,,COMPLETE
305,305,1453190.6318507947,2022-01-14 11:24:10.458858,2022-01-14 11:24:12.364162,0 days 00:00:01.905304,25.412657130044913,89749.17975173026,,COMPLETE
306,306,1331121341.1830306,2022-01-14 11:24:12.527695,2022-01-14 11:24:15.565062,0 days 00:00:03.037367,3.2599948473902747,82585553.83758996,,COMPLETE
307,307,56901853.4504556,2022-01-14 11:24:15.722909,2022-01-14 11:24:17.753215,0 days 00:00:02.030306,17.1999504260858,3530101.407158631,,COMPLETE
308,308,1297637.299986482,2022-01-14 11:24:17.915988,2022-01-14 11:24:20.659985,0 days 00:00:02.743997,12.370458108364447,80414.10265369184,,COMPLETE
309,309,30610275.28908411,2022-01-14 11:24:20.829643,2022-01-14 11:24:22.836839,0 days 00:00:02.007196,21.538232038211525,1898813.5789489236,,COMPLETE
310,310,764649.7679737413,2022-01-14 11:24:23.006971,2022-01-14 11:24:28.847794,0 days 00:00:05.840823,5.771495348925706,47441.01900403572,,COMPLETE
311,311,90993664.3903911,2022-01-14 11:24:29.018598,2022-01-14 11:24:32.642012,0 days 00:00:03.623414,9.640894550737581,5645372.385480726,,COMPLETE
312,312,54831285.49256753,2022-01-14 11:24:32.764461,2022-01-14 11:24:33.746586,0 days 00:00:00.982125,39.51137523694521,3401079.4850115483,,COMPLETE
313,313,1776415.021145874,2022-01-14 11:24:33.918874,2022-01-14 11:24:36.279341,0 days 00:00:02.360467,23.40366748326634,109853.68179483918,,COMPLETE
314,314,27470983.481545392,2022-01-14 11:24:36.430175,2022-01-14 11:24:38.739024,0 days 00:00:02.308849,14.995116011174405,1704202.108420485,,COMPLETE
315,315,66031815.47978036,2022-01-14 11:24:38.872354,2022-01-14 11:24:39.943780,0 days 00:00:01.071426,19.692367335580624,4096485.9921032675,,COMPLETE
316,316,27614033.586223822,2022-01-14 11:24:40.087811,2022-01-14 11:24:42.477806,0 days 00:00:02.389995,12.945963228831967,1713125.0069192075,,COMPLETE
317,317,578731.4683972084,2022-01-14 11:24:42.629336,2022-01-14 11:24:44.854719,0 days 00:00:02.225383,17.208576450263593,35697.54495487054,,COMPLETE
318,318,501803240.2281543,2022-01-14 11:24:44.996891,2022-01-14 11:25:03.814763,0 days 00:00:18.817872,7.152775704363567,31132891.091146193,,COMPLETE
319,319,2077614.3215711762,2022-01-14 11:25:03.962128,2022-01-14 11:25:08.170927,0 days 00:00:04.208799,10.626159525827742,128818.32480336234,,COMPLETE
320,320,106234356.77294627,2022-01-14 11:25:08.327372,2022-01-14 11:25:10.576680,0 days 00:00:02.249308,13.615357114566207,6590877.046758806,,COMPLETE
321,321,48606357.870750315,2022-01-14 11:25:10.710984,2022-01-14 11:25:12.686555,0 days 00:00:01.975571,15.832594856797476,3015464.562291232,,COMPLETE
322,322,1794915.8709633036,2022-01-14 11:25:12.847601,2022-01-14 11:25:16.500159,0 days 00:00:03.652558,8.400464919437702,111319.41657680826,,COMPLETE
323,323,31863703.134285424,2022-01-14 11:25:16.623421,2022-01-14 11:25:18.711957,0 days 00:00:02.088536,18.759923003995524,1976644.8880025207,,COMPLETE
324,324,1487596681.5205598,2022-01-14 11:25:18.893797,2022-01-14 11:25:24.132234,0 days 00:00:05.238437,10.946167553510866,92293488.49424243,,COMPLETE
325,325,76301589.61943862,2022-01-14 11:25:24.303795,2022-01-14 11:25:25.676503,0 days 00:00:01.372708,20.931603980302203,4733612.6314760335,,COMPLETE
326,326,1084016406.8326626,2022-01-14 11:25:25.833412,2022-01-14 11:25:27.216448,0 days 00:00:01.383036,28.271726414190876,67254138.601159,,COMPLETE
327,327,2043492.2958214628,2022-01-14 11:25:27.359970,2022-01-14 11:25:33.646857,0 days 00:00:06.286887,6.308507039109899,126775.18851571859,,COMPLETE
328,328,33131590.323063295,2022-01-14 11:25:33.792989,2022-01-14 11:25:36.132674,0 days 00:00:02.339685,12.380874910308407,2055458.4200648246,,COMPLETE
329,329,1141292.6716896344,2022-01-14 11:25:36.289551,2022-01-14 11:25:38.651374,0 days 00:00:02.361823,2.654089867199968,70845.6096518973,,COMPLETE
330,330,55991002.53683877,2022-01-14 11:25:38.810734,2022-01-14 11:25:41.683793,0 days 00:00:02.873059,15.941514858015358,3473620.590313798,,COMPLETE
331,331,581960.9782580982,2022-01-14 11:25:41.785466,2022-01-14 11:25:44.522529,0 days 00:00:02.737063,17.92507343405856,35880.56393024874,,COMPLETE
332,332,131723034.44334304,2022-01-14 11:25:44.682905,2022-01-14 11:25:46.537814,0 days 00:00:01.854909,14.474385076525277,8172227.343759964,,COMPLETE
333,333,1037248.9538883939,2022-01-14 11:25:46.698851,2022-01-14 11:25:49.809428,0 days 00:00:03.110577,9.2831718324835,64295.968200682764,,COMPLETE
334,334,366078.30432615214,2022-01-14 11:25:49.970517,2022-01-14 11:25:54.680012,0 days 00:00:04.709495,4.783530623070998,22726.392934409814,,COMPLETE
335,335,32284070.44943123,2022-01-14 11:25:54.784253,2022-01-14 11:26:00.142119,0 days 00:00:05.357866,5.185748089130784,2002979.3551556978,,COMPLETE
336,336,90038421.91959041,2022-01-14 11:26:00.239860,2022-01-14 11:26:10.420180,0 days 00:00:10.180320,1.656176574822493,5586210.450647784,,COMPLETE
337,337,56462469.43477781,2022-01-14 11:26:10.541453,2022-01-14 11:26:13.856315,0 days 00:00:03.314862,3.9858495028174143,3503072.6555992705,,COMPLETE
338,338,32076435.23545118,2022-01-14 11:26:14.008207,2022-01-14 11:26:32.690428,0 days 00:00:18.682221,7.215179950243062,1990067.3097261295,,COMPLETE
339,339,30384382.76220634,2022-01-14 11:26:32.816777,2022-01-14 11:26:51.708504,0 days 00:00:18.891727,5.442884470211963,1885115.2454404414,,COMPLETE
340,340,1607798.2796919507,2022-01-14 11:26:51.866082,2022-01-14 11:26:56.100326,0 days 00:00:04.234244,10.67725440671785,99668.97993560195,,COMPLETE
341,341,72670138.6195756,2022-01-14 11:26:56.221143,2022-01-14 11:26:58.960873,0 days 00:00:02.739730,8.643876669912396,4508561.003192667,,COMPLETE
342,342,1033130.1752768822,2022-01-14 11:26:59.084577,2022-01-14 11:27:17.717520,0 days 00:00:18.632943,2.584132728782824,64135.54830726405,,COMPLETE
343,343,580615594.0431598,2022-01-14 11:27:17.875173,2022-01-14 11:27:20.578261,0 days 00:00:02.703088,11.894318898251,36022509.65335118,,COMPLETE
344,344,1050378.77737984,2022-01-14 11:27:20.745582,2022-01-14 11:27:39.357592,0 days 00:00:18.612010,6.390855728209566,65159.1267181827,,COMPLETE
345,345,54656145.704264864,2022-01-14 11:27:39.512191,2022-01-14 11:27:41.997466,0 days 00:00:02.485275,13.977948918837054,3390849.6981680826,,COMPLETE
346,346,31736254.71482188,2022-01-14 11:27:42.118286,2022-01-14 11:27:45.109884,0 days 00:00:02.991598,9.701342104232134,1968918.9911117202,,COMPLETE
347,347,1251778.4702176775,2022-01-14 11:27:45.268457,2022-01-14 11:27:48.671383,0 days 00:00:03.402926,3.963851545553089,77687.38951695888,,COMPLETE
348,348,101165972.54093626,2022-01-14 11:27:48.809134,2022-01-14 11:27:51.397453,0 days 00:00:02.588319,11.751289757768548,6276466.43911267,,COMPLETE
349,349,1351175.9714337557,2022-01-14 11:27:51.525290,2022-01-14 11:27:54.367250,0 days 00:00:02.841960,7.760674119810695,83798.59345733537,,COMPLETE
350,350,326910.9940883432,2022-01-14 11:27:54.520847,2022-01-14 11:27:56.739952,0 days 00:00:02.219105,16.192368424033027,20098.07076400189,,COMPLETE
351,351,51043343.05701229,2022-01-14 11:27:56.870140,2022-01-14 11:27:57.624037,0 days 00:00:00.753897,97.97482863179887,3164585.479636253,,COMPLETE
352,352,507277.62716271915,2022-01-14 11:27:57.752301,2022-01-14 11:28:00.700131,0 days 00:00:02.947830,13.538544320638485,31351.437473984686,,COMPLETE
353,353,31316533.521469034,2022-01-14 11:28:00.820261,2022-01-14 11:28:03.050912,0 days 00:00:02.230651,15.548961919348463,1942774.8457382526,,COMPLETE
354,354,80220800.77774628,2022-01-14 11:28:03.206100,2022-01-14 11:28:05.092376,0 days 00:00:01.886276,16.153518098978992,4976882.332881209,,COMPLETE
355,355,33355671.67864546,2022-01-14 11:28:05.219938,2022-01-14 11:28:07.597487,0 days 00:00:02.377549,12.29927040408816,2069362.719922966,,COMPLETE
356,356,1007636.6066900844,2022-01-14 11:28:07.728396,2022-01-14 11:28:11.464306,0 days 00:00:03.735910,9.975484861454408,62446.821103098075,,COMPLETE
357,357,62542993.632984765,2022-01-14 11:28:11.591831,2022-01-14 11:28:14.166058,0 days 00:00:02.574227,7.798115484587951,3880264.9816318084,,COMPLETE
358,358,29305778.972259156,2022-01-14 11:28:14.295411,2022-01-14 11:28:17.025269,0 days 00:00:02.729858,13.345633572898056,1818075.1698826784,,COMPLETE
359,359,135962476.73469004,2022-01-14 11:28:17.159293,2022-01-14 11:28:19.419807,0 days 00:00:02.260514,17.602294865832445,8435176.31242023,,COMPLETE
360,360,442373.9093095587,2022-01-14 11:28:19.592526,2022-01-14 11:28:25.518090,0 days 00:00:05.925564,11.08213239485762,27355.725980281866,,COMPLETE
361,361,29557130.279211316,2022-01-14 11:28:25.649357,2022-01-14 11:28:28.388845,0 days 00:00:02.739488,8.652194541066212,1833740.6265046627,,COMPLETE
362,362,79171199.52996929,2022-01-14 11:28:28.514019,2022-01-14 11:28:29.433076,0 days 00:00:00.919057,45.07237632349729,4911037.122457716,,COMPLETE
363,363,2125616.620978878,2022-01-14 11:28:29.563201,2022-01-14 11:28:33.257992,0 days 00:00:03.694791,10.113053606899989,131806.12963772242,,COMPLETE
364,364,321245.5643003303,2022-01-14 11:28:33.401912,2022-01-14 11:28:36.347868,0 days 00:00:02.945956,11.2590621168621,19860.86482893055,,COMPLETE
365,365,47399811.489632264,2022-01-14 11:28:36.483501,2022-01-14 11:28:38.342634,0 days 00:00:01.859133,14.362962321699412,2940642.716249451,,COMPLETE
366,366,225847.41036006174,2022-01-14 11:28:38.473746,2022-01-14 11:28:44.021893,0 days 00:00:05.548147,4.873037425989172,14024.943267307635,,COMPLETE
367,367,107326545.48838672,2022-01-14 11:28:44.148016,2022-01-14 11:28:46.691824,0 days 00:00:02.543808,11.770263307947499,6658680.705482703,,COMPLETE
368,368,604042.0383130078,2022-01-14 11:28:46.825138,2022-01-14 11:28:51.275978,0 days 00:00:04.450840,6.635878554788002,37464.03464089413,,COMPLETE
369,369,54726644.02106467,2022-01-14 11:28:51.375870,2022-01-14 11:28:53.734452,0 days 00:00:02.358582,13.3086331170321,3395239.0883151977,,COMPLETE
370,370,37391033.04102163,2022-01-14 11:28:53.868556,2022-01-14 11:29:12.942505,0 days 00:00:19.073949,8.91682243009518,2319766.4201562,,COMPLETE
371,371,72126360.28316492,2022-01-14 11:29:13.105807,2022-01-14 11:29:15.498433,0 days 00:00:02.392626,15.696676557921272,4474697.416737166,,COMPLETE
372,372,28263417.758229405,2022-01-14 11:29:15.775468,2022-01-14 11:29:29.238320,0 days 00:00:13.462852,1.5858404158996198,1753561.7097190546,,COMPLETE
373,373,2312949.64007986,2022-01-14 11:29:29.365522,2022-01-14 11:29:33.846890,0 days 00:00:04.481368,10.718238945141039,143417.26435103634,,COMPLETE
374,374,29325929.20126442,2022-01-14 11:29:33.982690,2022-01-14 11:29:36.903133,0 days 00:00:02.920443,12.515119811116332,1819344.2943886307,,COMPLETE
375,375,60349096.02146859,2022-01-14 11:29:36.998105,2022-01-14 11:29:55.913834,0 days 00:00:18.915729,6.359766754701921,3744174.735319809,,COMPLETE
376,376,1826292.714620978,2022-01-14 11:29:56.043708,2022-01-14 11:29:58.139731,0 days 00:00:02.096023,14.39252842190809,113166.44779823364,,COMPLETE
377,377,95166210.24465734,2022-01-14 11:29:58.269301,2022-01-14 11:30:01.374422,0 days 00:00:03.105121,8.772486858901331,5904261.563007383,,COMPLETE
378,378,793181277.2143304,2022-01-14 11:30:01.528867,2022-01-14 11:30:03.766372,0 days 00:00:02.237505,16.486253603211374,49210417.311167896,,COMPLETE
379,379,553650.0828143081,2022-01-14 11:30:03.889683,2022-01-14 11:30:06.716120,0 days 00:00:02.826437,11.180318823354058,34281.90723103836,,COMPLETE
380,380,29277552.100201074,2022-01-14 11:30:06.854495,2022-01-14 11:30:09.269651,0 days 00:00:02.415156,13.552845172955621,1816319.1134285273,,COMPLETE
381,381,28044389.790643096,2022-01-14 11:30:09.445679,2022-01-14 11:30:12.438822,0 days 00:00:02.993143,4.115228564370943,1739954.9398565048,,COMPLETE
382,382,662954.1352418617,2022-01-14 11:30:12.605599,2022-01-14 11:30:15.600824,0 days 00:00:02.995225,7.174550905068571,41109.304707950185,,COMPLETE
383,383,62356441.62555907,2022-01-14 11:30:15.746921,2022-01-14 11:30:19.990329,0 days 00:00:04.243408,10.514215991225335,3868643.633677923,,COMPLETE
384,384,1363158.9920200135,2022-01-14 11:30:20.160671,2022-01-14 11:30:22.156935,0 days 00:00:01.996264,15.01083689216073,84418.04490133372,,COMPLETE
385,385,531988.136795743,2022-01-14 11:30:22.609339,2022-01-14 11:30:31.161077,0 days 00:00:08.551738,0.16031918351659868,33103.22835966542,,COMPLETE
386,386,52113401.42912976,2022-01-14 11:30:31.305153,2022-01-14 11:30:33.564567,0 days 00:00:02.259414,17.706845379914554,3233003.6636699047,,COMPLETE
387,387,31827015.254761476,2022-01-14 11:30:33.696173,2022-01-14 11:30:36.158534,0 days 00:00:02.462361,12.372769403169514,1974520.067513156,,COMPLETE
388,388,95101322.62569988,2022-01-14 11:30:36.291163,2022-01-14 11:30:39.645467,0 days 00:00:03.354304,9.686679865815872,5900219.165553148,,COMPLETE
389,389,29491001.019115362,2022-01-14 11:30:39.781629,2022-01-14 11:30:40.655366,0 days 00:00:00.873737,52.710500650295444,1828581.1677443287,,COMPLETE
390,390,295450.0371453161,2022-01-14 11:30:40.780684,2022-01-14 11:30:46.772262,0 days 00:00:05.991578,4.845714464870357,18343.632831403203,,COMPLETE
391,391,68330220.1045909,2022-01-14 11:30:46.874745,2022-01-14 11:30:49.716406,0 days 00:00:02.841661,3.266180911704197,4239380.1087936275,,COMPLETE
392,392,2258832.8473859834,2022-01-14 11:30:49.861398,2022-01-14 11:30:52.323619,0 days 00:00:02.462221,15.242091458064381,139982.13453904775,,COMPLETE
393,393,578331.1861487629,2022-01-14 11:30:52.455219,2022-01-14 11:30:55.200570,0 days 00:00:02.745351,12.322075636282797,35787.63677781701,,COMPLETE
394,394,162967496.88332558,2022-01-14 11:30:55.359862,2022-01-14 11:31:14.198084,0 days 00:00:18.838222,7.411516305505835,10110816.388833923,,COMPLETE
395,395,31698738.684813753,2022-01-14 11:31:14.319914,2022-01-14 11:31:16.336170,0 days 00:00:02.016256,16.456985971603466,1966465.9211891566,,COMPLETE
396,396,904378700.3597454,2022-01-14 11:31:16.457929,2022-01-14 11:31:21.451609,0 days 00:00:04.993680,5.109669213136657,56109535.45929912,,COMPLETE
397,397,273068.9790957511,2022-01-14 11:31:21.595771,2022-01-14 11:31:23.841425,0 days 00:00:02.245654,13.969051905444715,16810.037850574656,,COMPLETE
398,398,118089841.16609195,2022-01-14 11:31:23.946335,2022-01-14 11:31:26.927170,0 days 00:00:02.980835,9.183728126233158,7326482.780926413,,COMPLETE
399,399,64417764.14401632,2022-01-14 11:31:27.064951,2022-01-14 11:31:29.163095,0 days 00:00:02.098144,18.28442635415792,3996377.7714994317,,COMPLETE
400,400,28206628.982936345,2022-01-14 11:31:29.372968,2022-01-14 11:31:32.373053,0 days 00:00:03.000085,11.36907601252083,1749926.3324989984,,COMPLETE
401,401,1749535.3949029474,2022-01-14 11:31:32.511736,2022-01-14 11:31:35.039022,0 days 00:00:02.527286,13.28325104266941,108430.0655154027,,COMPLETE
402,402,1452762.6405836856,2022-01-14 11:31:35.179703,2022-01-14 11:31:37.765982,0 days 00:00:02.586279,2.263914858943821,90172.65146641103,,COMPLETE
403,403,53895599.76413445,2022-01-14 11:31:37.851064,2022-01-14 11:31:41.392522,0 days 00:00:03.541458,8.316325937669593,3343755.11348116,,COMPLETE
404,404,335138911.87741303,2022-01-14 11:31:41.566962,2022-01-14 11:31:46.615602,0 days 00:00:05.048640,5.395611923911251,20792717.382525474,,COMPLETE
405,405,29812106.442977104,2022-01-14 11:31:46.751632,2022-01-14 11:31:51.105826,0 days 00:00:04.354194,10.687936302933005,1849522.4597358105,,COMPLETE
406,406,82554583.00029102,2022-01-14 11:31:51.206578,2022-01-14 11:31:53.100041,0 days 00:00:01.893463,16.147085203710645,5121675.1644797865,,COMPLETE
407,407,1560141.5692180404,2022-01-14 11:31:53.262531,2022-01-14 11:32:11.968965,0 days 00:00:18.706434,13.20076597378227,96681.56273680435,,COMPLETE
408,408,48849786.893841825,2022-01-14 11:32:12.087699,2022-01-14 11:32:16.663464,0 days 00:00:04.575765,0.11865651703038793,3030840.208924793,,COMPLETE
409,409,1886062.2267488018,2022-01-14 11:32:16.824786,2022-01-14 11:32:18.944380,0 days 00:00:02.119594,17.356253405532563,116803.92461887952,,COMPLETE
410,410,31891664.057450484,2022-01-14 11:32:19.080895,2022-01-14 11:32:21.565695,0 days 00:00:02.484800,19.316293553024902,1978366.025949975,,COMPLETE
411,411,1010686903.4553494,2022-01-14 11:32:21.681480,2022-01-14 11:32:24.340791,0 days 00:00:02.659311,22.752141097019805,62704764.44143496,,COMPLETE
412,412,86827210.29080366,2022-01-14 11:32:24.473669,2022-01-14 11:32:25.454931,0 days 00:00:00.981262,36.9851764900141,5386236.903607248,,COMPLETE
413,413,633216286.3270266,2022-01-14 11:32:25.582618,2022-01-14 11:32:28.846614,0 days 00:00:03.263996,7.542841572317632,39286022.003671505,,COMPLETE
414,414,35664425.378989026,2022-01-14 11:32:29.007416,2022-01-14 11:32:31.112041,0 days 00:00:02.104625,14.983128449893405,2212540.481374009,,COMPLETE
415,415,726516.1118502249,2022-01-14 11:32:31.289969,2022-01-14 11:32:34.267945,0 days 00:00:02.977976,11.719968064639634,44995.00596420029,,COMPLETE
416,416,1291140.4607013864,2022-01-14 11:32:34.425510,2022-01-14 11:32:36.903846,0 days 00:00:02.478336,13.2994843704221,79989.85074235803,,COMPLETE
417,417,59473039.188312754,2022-01-14 11:32:37.067134,2022-01-14 11:32:55.773173,0 days 00:00:18.706039,9.713097905301883,3689766.2697137212,,COMPLETE
418,418,698289.3142555009,2022-01-14 11:32:55.897367,2022-01-14 11:33:00.500562,0 days 00:00:04.603195,7.024775379326693,43305.20607606797,,COMPLETE
419,419,768802.8620771567,2022-01-14 11:33:00.621160,2022-01-14 11:33:19.405300,0 days 00:00:18.784140,4.1707917574896385,47720.38263682669,,COMPLETE
420,420,32031299.340573784,2022-01-14 11:33:19.527801,2022-01-14 11:33:22.634024,0 days 00:00:03.106223,9.703045155471589,1987224.1390705453,,COMPLETE
421,421,474516.2973391675,2022-01-14 11:33:22.759116,2022-01-14 11:33:25.339419,0 days 00:00:02.580303,15.30603502513561,29277.32607548389,,COMPLETE
422,422,82440766.95538247,2022-01-14 11:33:25.444334,2022-01-14 11:33:26.547173,0 days 00:00:01.102839,20.148440186992676,5114519.73566088,,COMPLETE
423,423,30900471.033630867,2022-01-14 11:33:26.672414,2022-01-14 11:33:29.294267,0 days 00:00:02.621853,11.990950573664016,1917043.9661571085,,COMPLETE
424,424,58134046.63728829,2022-01-14 11:33:29.476168,2022-01-14 11:33:31.631006,0 days 00:00:02.154838,17.079653061324205,3606552.130025389,,COMPLETE
425,425,449334720.7690079,2022-01-14 11:33:31.751614,2022-01-14 11:33:33.347570,0 days 00:00:01.595956,14.334971343942344,27877516.70036348,,COMPLETE
426,426,124297883.50670573,2022-01-14 11:33:33.467398,2022-01-14 11:33:52.161111,0 days 00:00:18.693713,5.928523016539247,7711696.186647316,,COMPLETE
427,427,25710400.05133647,2022-01-14 11:33:52.302748,2022-01-14 11:33:55.661464,0 days 00:00:03.358716,8.68160336372102,1595080.6953758355,,COMPLETE
428,428,127661.85779006172,2022-01-14 11:33:55.796201,2022-01-14 11:33:59.280028,0 days 00:00:03.483827,1.8938272104610991,7962.679317615494,,COMPLETE
429,429,730674475.6073635,2022-01-14 11:33:59.404041,2022-01-14 11:34:04.016197,0 days 00:00:04.612156,1.4246689489837965,45332597.511339985,,COMPLETE
430,430,51469414.79630592,2022-01-14 11:34:04.183573,2022-01-14 11:34:22.777794,0 days 00:00:18.594221,0.4406951092520468,3193316.92009061,,COMPLETE
431,431,1449237.2533741235,2022-01-14 11:34:22.900674,2022-01-14 11:34:26.149025,0 days 00:00:03.248351,0.6809455670693101,89961.69010217229,,COMPLETE
432,432,1446888.8904320772,2022-01-14 11:34:26.287721,2022-01-14 11:34:29.398358,0 days 00:00:03.110637,3.25098014108438,89800.1183566312,,COMPLETE
433,433,101094456.16540925,2022-01-14 11:34:29.513269,2022-01-14 11:34:32.267874,0 days 00:00:02.754605,2.5954284350912373,6272147.156092019,,COMPLETE
