,number,value,datetime_start,datetime_complete,duration,params_Tu,params_Tv,system_attrs_fail_reason,state
0,0,1495058190.3012757,2022-01-14 10:22:22.313821,2022-01-14 10:22:23.241464,0 days 00:00:00.927643,71.20495399268951,92754932.74669737,,COMPLETE
1,1,1244550837.261839,2022-01-14 10:22:23.391181,2022-01-14 10:22:24.352857,0 days 00:00:00.961676,40.10948843839285,77213726.6643103,,COMPLETE
2,2,941347864.0363277,2022-01-14 10:22:24.500482,2022-01-14 10:22:42.927973,0 days 00:00:18.427491,6.086503526930006,58403165.01165644,,COMPLETE
3,3,908548728.7494524,2022-01-14 10:22:43.098960,2022-01-14 10:22:43.811258,0 days 00:00:00.712298,95.55074385044114,56366055.11852471,,COMPLETE
4,4,137812032.49045885,2022-01-14 10:22:43.933356,2022-01-14 10:22:44.901245,0 days 00:00:00.967889,42.13113640354686,8549310.289483132,,COMPLETE
5,5,204983420.77319315,2022-01-14 10:22:45.021767,2022-01-14 10:22:45.905869,0 days 00:00:00.884102,55.45628174906838,12716424.35551894,,COMPLETE
6,6,24875014.73122336,2022-01-14 10:22:46.040508,2022-01-14 10:22:47.033064,0 days 00:00:00.992556,40.31449670729077,1542510.1005024514,,COMPLETE
7,7,700217672.4747436,2022-01-14 10:22:47.139285,2022-01-14 10:22:50.481772,0 days 00:00:03.342487,22.05089282495211,43442628.81760275,,COMPLETE
8,8,885911187.9394511,2022-01-14 10:22:50.598611,2022-01-14 10:22:53.462634,0 days 00:00:02.864023,12.564372754773522,54963664.76183998,,COMPLETE
9,9,1236951199.6644106,2022-01-14 10:22:53.581551,2022-01-14 10:22:54.408600,0 days 00:00:00.827049,49.514741909825126,76741990.97481528,,COMPLETE
10,10,471213926.9273912,2022-01-14 10:22:54.527259,2022-01-14 10:22:55.229631,0 days 00:00:00.702372,83.71153236382045,29233199.394549754,,COMPLETE
11,11,28950304.076996688,2022-01-14 10:22:55.325009,2022-01-14 10:22:56.377040,0 days 00:00:01.052031,32.29611900443655,1795552.7742814496,,COMPLETE
12,12,11951818.954436827,2022-01-14 10:22:56.502443,2022-01-14 10:22:58.036602,0 days 00:00:01.534159,25.7866890544621,741096.5998996021,,COMPLETE
13,13,353544969.5419857,2022-01-14 10:22:58.150982,2022-01-14 10:22:59.800057,0 days 00:00:01.649075,25.101617088827307,21934259.771072727,,COMPLETE
14,14,16515116.710163383,2022-01-14 10:22:59.923437,2022-01-14 10:23:00.748845,0 days 00:00:00.825408,62.23081471110588,1023289.0800172803,,COMPLETE
15,15,566018061.7098181,2022-01-14 10:23:00.870314,2022-01-14 10:23:01.590417,0 days 00:00:00.720103,63.41798247193871,35115558.552412555,,COMPLETE
16,16,285484439.67430025,2022-01-14 10:23:01.732844,2022-01-14 10:23:02.434231,0 days 00:00:00.701387,77.05005960747721,17710326.647369348,,COMPLETE
17,17,11032281.562196415,2022-01-14 10:23:02.568368,2022-01-14 10:23:03.404826,0 days 00:00:00.836458,61.72002832018615,683135.5802407096,,COMPLETE
18,18,426011845.94794536,2022-01-14 10:23:03.519112,2022-01-14 10:23:04.244869,0 days 00:00:00.725757,98.42236833225454,26428395.81162958,,COMPLETE
19,19,649340836.7346778,2022-01-14 10:23:04.403987,2022-01-14 10:23:22.382642,0 days 00:00:17.978655,0.5542074645040174,40286496.58355808,,COMPLETE
20,20,157075344.20123115,2022-01-14 10:23:22.506041,2022-01-14 10:23:24.343018,0 days 00:00:01.836977,24.450288720061664,9744894.261431243,,COMPLETE
21,21,17038411.41115305,2022-01-14 10:23:24.484332,2022-01-14 10:23:25.339717,0 days 00:00:00.855385,61.149295599375904,1055782.7864160687,,COMPLETE
22,22,34450030.04670591,2022-01-14 10:23:25.458297,2022-01-14 10:23:26.184584,0 days 00:00:00.726287,69.48418709796924,2135824.3283846797,,COMPLETE
23,23,255596465.41917613,2022-01-14 10:23:26.307296,2022-01-14 10:23:27.156980,0 days 00:00:00.849684,51.48285484352539,15856663.094219096,,COMPLETE
24,24,132422183.4199895,2022-01-14 10:23:27.319236,2022-01-14 10:23:28.075562,0 days 00:00:00.756326,87.70260869346352,8213757.532313153,,COMPLETE
25,25,13888922.100453043,2022-01-14 10:23:28.230723,2022-01-14 10:23:29.218063,0 days 00:00:00.987340,60.36240970947729,860401.8974493106,,COMPLETE
26,26,329653568.0740445,2022-01-14 10:23:29.383930,2022-01-14 10:23:30.522532,0 days 00:00:01.138602,44.78995073836523,20451488.640467003,,COMPLETE
27,27,477269431.0438839,2022-01-14 10:23:30.670420,2022-01-14 10:23:31.566358,0 days 00:00:00.895938,55.872550062001785,29609601.1974809,,COMPLETE
28,28,90966149.73779897,2022-01-14 10:23:31.748179,2022-01-14 10:23:32.631692,0 days 00:00:00.883513,70.45188231416934,5642176.791481066,,COMPLETE
29,29,1599859141.4986186,2022-01-14 10:23:32.796762,2022-01-14 10:23:34.067300,0 days 00:00:01.270538,31.922029849086954,99257996.51213959,,COMPLETE
30,30,1070026644.8192714,2022-01-14 10:23:34.482763,2022-01-14 10:23:35.785147,0 days 00:00:01.302384,76.35828434430883,66384965.68918481,,COMPLETE
31,31,868948.5825896447,2022-01-14 10:23:35.951384,2022-01-14 10:23:37.917368,0 days 00:00:01.965984,62.078228264111175,52571.78913513385,,COMPLETE
32,32,214351691.46436578,2022-01-14 10:23:38.285566,2022-01-14 10:23:39.791011,0 days 00:00:01.505445,67.60219636147791,13297343.316362426,,COMPLETE
33,33,99431831.68621352,2022-01-14 10:23:40.175532,2022-01-14 10:23:41.399997,0 days 00:00:01.224465,57.111438846942264,6167743.433398858,,COMPLETE
34,34,16685301.793671759,2022-01-14 10:23:41.876071,2022-01-14 10:23:42.927297,0 days 00:00:01.051226,77.80686895099683,1033452.816410893,,COMPLETE
35,35,363082676.48448205,2022-01-14 10:23:43.330893,2022-01-14 10:23:45.170877,0 days 00:00:01.839984,50.44542756184156,22525356.30318105,,COMPLETE
36,36,201305179.08837968,2022-01-14 10:23:45.775414,2022-01-14 10:23:47.457476,0 days 00:00:01.682062,47.072339810713096,12488431.18899608,,COMPLETE
37,37,105015978.57983369,2022-01-14 10:23:47.976039,2022-01-14 10:23:49.050318,0 days 00:00:01.074279,63.73469394820889,6514027.540789102,,COMPLETE
38,38,1420359769.5264208,2022-01-14 10:23:50.064497,2022-01-14 10:23:52.732164,0 days 00:00:02.667667,35.58962089110677,88121391.13488902,,COMPLETE
39,39,516660.0125376632,2022-01-14 10:23:53.315207,2022-01-14 10:24:00.167547,0 days 00:00:06.852340,9.0474294484637,32001.63484825194,,COMPLETE
40,40,257286420.50288668,2022-01-14 10:24:01.754604,2022-01-14 10:24:08.464298,0 days 00:00:06.709694,10.239574928054276,15962507.943644285,,COMPLETE
41,41,84417252.9224386,2022-01-14 10:24:08.838671,2022-01-14 10:24:11.470725,0 days 00:00:02.632054,13.552642888211594,5237300.2401672155,,COMPLETE
42,42,5902531.739179296,2022-01-14 10:24:11.925946,2022-01-14 10:24:20.703563,0 days 00:00:08.777617,0.8892957352331372,366253.03544576996,,COMPLETE
43,43,157831711.16837397,2022-01-14 10:24:20.879369,2022-01-14 10:24:23.730755,0 days 00:00:02.851386,15.922476459003619,9792029.3059064,,COMPLETE
44,44,10795129.734688167,2022-01-14 10:24:23.899887,2022-01-14 10:24:30.674191,0 days 00:00:06.774304,1.3127740457935584,669794.0208991321,,COMPLETE
45,45,,2022-01-14 10:24:30.808613,2022-01-14 10:24:31.152516,0 days 00:00:00.343903,0.010643644039226907,11798664.08660596,Trial 45 failed because of the following error: AssertionError(),FAIL
46,46,172268981.47414595,2022-01-14 10:30:31.746076,2022-01-14 10:30:35.017434,0 days 00:00:03.271358,2.066291858675814,10687965.638271017,,COMPLETE
47,47,787971180.4550433,2022-01-14 10:30:35.188097,2022-01-14 10:30:53.493278,0 days 00:00:18.305181,0.1804252737651506,48887460.59139799,,COMPLETE
48,48,65582715.6201998,2022-01-14 10:30:53.652522,2022-01-14 10:31:01.471073,0 days 00:00:07.818551,6.264047224944029,4068880.7441208586,,COMPLETE
49,49,218651547.70587304,2022-01-14 10:31:01.630437,2022-01-14 10:31:07.651449,0 days 00:00:06.021012,6.043868290431669,13565591.02798794,,COMPLETE
50,50,1054119874.4358886,2022-01-14 10:31:07.835689,2022-01-14 10:31:10.609660,0 days 00:00:02.773971,18.943966615484705,65399528.14610294,,COMPLETE
51,51,321264741.0200313,2022-01-14 10:31:10.762474,2022-01-14 10:31:16.117913,0 days 00:00:05.355439,5.062272582784435,19931939.69269116,,COMPLETE
52,52,4750219.398636138,2022-01-14 10:31:16.327491,2022-01-14 10:31:19.537682,0 days 00:00:03.210191,9.557505339416881,294652.1159516523,,COMPLETE
53,53,68258295.04725805,2022-01-14 10:31:19.707966,2022-01-14 10:31:23.890836,0 days 00:00:04.182870,10.173539690312024,4234813.202302186,,COMPLETE
54,54,933458.5283758966,2022-01-14 10:31:24.040752,2022-01-14 10:31:26.733143,0 days 00:00:02.692391,19.099968052447103,57659.79065075479,,COMPLETE
55,55,139993720.84633386,2022-01-14 10:31:26.894447,2022-01-14 10:31:29.685204,0 days 00:00:02.790757,18.996324728724385,8685249.107869318,,COMPLETE
56,56,2620280.6378361075,2022-01-14 10:31:29.810113,2022-01-14 10:31:34.595611,0 days 00:00:04.785498,9.955641616138832,162499.00619781317,,COMPLETE
57,57,72639097.83258165,2022-01-14 10:31:34.739336,2022-01-14 10:31:38.234799,0 days 00:00:03.495463,10.062710218089604,4506609.3400255935,,COMPLETE
58,58,10768310.081698302,2022-01-14 10:31:38.369785,2022-01-14 10:31:39.888197,0 days 00:00:01.518412,28.9450199008667,667589.1840024935,,COMPLETE
59,59,148269483.55689204,2022-01-14 10:31:40.048963,2022-01-14 10:31:42.782200,0 days 00:00:02.733237,15.997555268594791,9198767.125511754,,COMPLETE
60,60,415803690.2455844,2022-01-14 10:31:42.939645,2022-01-14 10:31:44.132519,0 days 00:00:01.192874,19.62687851837651,25797058.390715845,,COMPLETE
61,61,253355634.9712726,2022-01-14 10:31:44.265568,2022-01-14 10:31:49.071223,0 days 00:00:04.805655,5.215505238557738,15718716.174889704,,COMPLETE
62,62,1777991.9488290148,2022-01-14 10:31:49.265635,2022-01-14 10:31:52.217682,0 days 00:00:02.952047,22.415375697638904,109976.57390821693,,COMPLETE
63,63,8179585.825838794,2022-01-14 10:31:52.345705,2022-01-14 10:31:55.543500,0 days 00:00:03.197795,13.344474258588697,507362.4370329975,,COMPLETE
64,64,58085796.1736204,2022-01-14 10:31:55.669659,2022-01-14 10:31:58.265636,0 days 00:00:02.595977,23.118244058879934,3603411.673978316,,COMPLETE
65,65,124818425.8750303,2022-01-14 10:31:58.398547,2022-01-14 10:32:01.977337,0 days 00:00:03.578790,7.939214383227033,7743960.374156479,,COMPLETE
66,66,185008582.68302083,2022-01-14 10:32:02.137033,2022-01-14 10:32:04.219858,0 days 00:00:02.082825,16.894897541300622,11478115.284398722,,COMPLETE
67,67,5672012.928081487,2022-01-14 10:32:04.355187,2022-01-14 10:32:05.858904,0 days 00:00:01.503717,28.426282218799326,351417.4778625022,,COMPLETE
68,68,69795420.71537934,2022-01-14 10:32:05.992080,2022-01-14 10:32:07.381745,0 days 00:00:01.389665,28.323762125923437,4329769.032659793,,COMPLETE
69,69,64903.85650474989,2022-01-14 10:32:07.544071,2022-01-14 10:32:11.420191,0 days 00:00:03.876120,21.3913599474548,3711.4738088310987,,COMPLETE
70,70,114679378.42271355,2022-01-14 10:32:11.582905,2022-01-14 10:32:12.598979,0 days 00:00:01.016074,38.50541485621671,7114204.495144928,,COMPLETE
71,71,229423561.58272702,2022-01-14 10:32:12.741698,2022-01-14 10:32:16.383006,0 days 00:00:03.641308,22.04821807053554,14233588.2450636,,COMPLETE
72,72,6480783.100827692,2022-01-14 10:32:16.533112,2022-01-14 10:32:18.155530,0 days 00:00:01.622418,26.814772840424247,401636.11918059527,,COMPLETE
73,73,523472.36410114623,2022-01-14 10:32:18.297417,2022-01-14 10:32:20.612452,0 days 00:00:02.315035,21.53574912564407,32165.264003716668,,COMPLETE
74,74,43587197.844499506,2022-01-14 10:32:20.767987,2022-01-14 10:32:21.925388,0 days 00:00:01.157401,32.76522471573841,2703644.0572611075,,COMPLETE
75,75,110000945.0606538,2022-01-14 10:32:22.054952,2022-01-14 10:32:23.378004,0 days 00:00:01.323052,21.108422197424304,6824385.8822531905,,COMPLETE
76,76,96080.5141244995,2022-01-14 10:32:23.671433,2022-01-14 10:32:26.605044,0 days 00:00:02.933611,12.862145928151094,5852.5559305164315,,COMPLETE
77,77,54351626.105051324,2022-01-14 10:32:26.765106,2022-01-14 10:32:29.135105,0 days 00:00:02.369999,13.30894846328629,3371972.193623993,,COMPLETE
78,78,164966752.93682605,2022-01-14 10:32:29.290510,2022-01-14 10:32:31.057363,0 days 00:00:01.766853,24.991402039264525,10234479.866868187,,COMPLETE
79,79,118178413.53517535,2022-01-14 10:32:31.196216,2022-01-14 10:32:33.048152,0 days 00:00:01.851936,16.328804961239506,7331846.948328398,,COMPLETE
80,80,296784656.3432903,2022-01-14 10:32:33.213397,2022-01-14 10:32:36.089406,0 days 00:00:02.876009,12.312818661849077,18413041.62395262,,COMPLETE
81,81,52381674.31156612,2022-01-14 10:32:36.240905,2022-01-14 10:32:38.843597,0 days 00:00:02.602692,19.10689281871439,3249613.780173936,,COMPLETE
82,82,4455428.071649251,2022-01-14 10:32:38.996209,2022-01-14 10:32:42.247010,0 days 00:00:03.250801,8.07358339320465,276388.6987809739,,COMPLETE
83,83,873936.1853720149,2022-01-14 10:32:42.387064,2022-01-14 10:32:47.088668,0 days 00:00:04.701604,2.964874386755435,54255.601617159315,,COMPLETE
84,84,96905892.11791517,2022-01-14 10:32:47.269818,2022-01-14 10:32:49.820978,0 days 00:00:02.551160,3.3571467807112683,6012273.024201781,,COMPLETE
85,85,604744899.924752,2022-01-14 10:32:50.003954,2022-01-14 10:32:52.527119,0 days 00:00:02.523165,15.32220083449127,37519462.43945283,,COMPLETE
86,86,41317393.48854324,2022-01-14 10:32:52.656228,2022-01-14 10:32:55.582367,0 days 00:00:02.926139,11.73533512285572,2563337.1267235395,,COMPLETE
87,87,1429084.5875961555,2022-01-14 10:32:55.753081,2022-01-14 10:32:58.984165,0 days 00:00:03.231084,3.435075947972308,88693.55421638348,,COMPLETE
88,88,1241842188.251036,2022-01-14 10:32:59.148733,2022-01-14 10:33:01.453668,0 days 00:00:02.304935,2.823503129864097,77046494.53516336,,COMPLETE
89,89,197226670.6488539,2022-01-14 10:33:01.632915,2022-01-14 10:33:04.197401,0 days 00:00:02.564486,21.34101209067458,12236044.462406188,,COMPLETE
90,90,86110563.61360946,2022-01-14 10:33:04.353747,2022-01-14 10:33:05.519704,0 days 00:00:01.165957,31.021616124062668,5341925.85449192,,COMPLETE
91,91,155013222.92946097,2022-01-14 10:33:05.643427,2022-01-14 10:33:09.111164,0 days 00:00:03.467737,7.347859923789814,9617317.814156644,,COMPLETE
92,92,39866623.291502275,2022-01-14 10:33:09.254558,2022-01-14 10:33:27.888236,0 days 00:00:18.633678,3.8897882324991473,2473433.0962300734,,COMPLETE
93,93,37772700.262706205,2022-01-14 10:33:28.026456,2022-01-14 10:33:30.301731,0 days 00:00:02.275275,14.66798335028866,2343349.677063882,,COMPLETE
94,94,2183265.251928119,2022-01-14 10:33:30.443988,2022-01-14 10:33:32.818559,0 days 00:00:02.374571,17.69157551833871,135234.92283219117,,COMPLETE
95,95,98471055.97014008,2022-01-14 10:33:32.958853,2022-01-14 10:33:34.829781,0 days 00:00:01.870928,24.561493507905954,6108960.155372465,,COMPLETE
96,96,1301228670.985207,2022-01-14 10:33:34.953710,2022-01-14 10:33:35.723632,0 days 00:00:00.769922,73.19974918978068,80729297.79147859,,COMPLETE
97,97,134875382.66030124,2022-01-14 10:33:35.852422,2022-01-14 10:33:37.847351,0 days 00:00:01.994929,16.885388782717232,8367748.065911743,,COMPLETE
98,98,58624298.99819057,2022-01-14 10:33:37.974778,2022-01-14 10:33:38.907374,0 days 00:00:00.932596,53.191877039802186,3636059.050120094,,COMPLETE
99,99,2291207.6534451456,2022-01-14 10:33:39.054691,2022-01-14 10:33:41.526295,0 days 00:00:02.471604,23.284104502158037,141795.5719918517,,COMPLETE
100,100,202383.6703528887,2022-01-14 10:33:41.654886,2022-01-14 10:33:44.810257,0 days 00:00:03.155371,19.055339052954277,12301.940719841085,,COMPLETE
101,101,187901248.43404964,2022-01-14 10:33:44.953189,2022-01-14 10:33:46.441745,0 days 00:00:01.488556,20.833072053203182,11657488.847366167,,COMPLETE
102,102,38961424.74643028,2022-01-14 10:33:46.575406,2022-01-14 10:33:48.977939,0 days 00:00:02.402533,17.79171333598603,2417025.7582032704,,COMPLETE
103,103,87191606.67008151,2022-01-14 10:33:49.150406,2022-01-14 10:33:51.511104,0 days 00:00:02.360698,11.737852266313828,5409468.162982482,,COMPLETE
104,104,2053130.1868665963,2022-01-14 10:33:51.678281,2022-01-14 10:33:53.304144,0 days 00:00:01.625863,26.29196139809512,126948.47203001278,,COMPLETE
105,105,2282707.540458023,2022-01-14 10:33:53.430076,2022-01-14 10:33:54.899888,0 days 00:00:01.469812,26.890551825612384,141176.77288470312,,COMPLETE
106,106,77131004.27942641,2022-01-14 10:33:55.038167,2022-01-14 10:33:55.789446,0 days 00:00:00.751279,65.59723010726346,4783938.823215191,,COMPLETE
107,107,126961313.28957446,2022-01-14 10:33:55.918367,2022-01-14 10:33:58.526753,0 days 00:00:02.608386,22.736688583763986,7876600.926336253,,COMPLETE
108,108,37171585.46142384,2022-01-14 10:33:58.698528,2022-01-14 10:33:59.729126,0 days 00:00:01.030598,42.65202187553038,2305355.531415096,,COMPLETE
109,109,715251596.3155369,2022-01-14 10:33:59.868391,2022-01-14 10:34:01.091697,0 days 00:00:01.223306,30.239828738678607,44375156.94282786,,COMPLETE
110,110,31477960.961719487,2022-01-14 10:34:01.247739,2022-01-14 10:34:02.119942,0 days 00:00:00.872203,58.302346184111364,1951714.5046879607,,COMPLETE
111,111,971720444.3131603,2022-01-14 10:34:02.248124,2022-01-14 10:34:03.228346,0 days 00:00:00.980222,35.27017977829631,60286887.33278879,,COMPLETE
112,112,84383482.3763679,2022-01-14 10:34:03.359619,2022-01-14 10:34:04.846853,0 days 00:00:01.487234,26.61562171930771,5234885.865886201,,COMPLETE
113,113,2741069.350360833,2022-01-14 10:34:04.978792,2022-01-14 10:34:07.240104,0 days 00:00:02.261312,18.517135338951725,169822.21983687417,,COMPLETE
114,114,3696049.555771219,2022-01-14 10:34:07.398399,2022-01-14 10:34:09.528508,0 days 00:00:02.130109,14.649390695813299,229164.11996975497,,COMPLETE
115,115,,2022-01-14 10:34:09.688871,2022-01-14 10:34:10.195654,0 days 00:00:00.506783,0.09378856399030333,3527776.3372833966,Trial 115 failed because of the following error: AssertionError(),FAIL
116,116,59855266.087440096,2022-01-14 10:36:28.171770,2022-01-14 10:36:31.610869,0 days 00:00:03.439099,8.09392820161872,3713508.931589337,,COMPLETE
117,117,32345850.89182417,2022-01-14 10:36:31.775937,2022-01-14 10:36:34.904636,0 days 00:00:03.128699,11.456159464262846,2006730.290477933,,COMPLETE
118,118,113291283.07144862,2022-01-14 10:36:35.039133,2022-01-14 10:36:36.045553,0 days 00:00:01.006420,20.054448983063903,7028551.963756719,,COMPLETE
119,119,71755000.50752304,2022-01-14 10:36:36.204378,2022-01-14 10:36:38.212792,0 days 00:00:02.008414,14.140921028392395,4451694.252292143,,COMPLETE
120,120,1417550.0993251295,2022-01-14 10:36:38.336451,2022-01-14 10:36:40.530936,0 days 00:00:02.194485,24.367108886407664,87564.46697737959,,COMPLETE
121,121,155453611.34387055,2022-01-14 10:36:40.685589,2022-01-14 10:36:41.880194,0 days 00:00:01.194605,34.115544185134105,9644033.558020012,,COMPLETE
122,122,,2022-01-14 10:36:42.040160,2022-01-14 10:36:42.403045,0 days 00:00:00.362885,0.07342328657738273,1780139.8700155907,Trial 122 failed because of the following error: AssertionError(),FAIL
123,123,34118251.07661545,2022-01-14 10:38:29.392816,2022-01-14 10:38:31.353218,0 days 00:00:01.960402,24.765884576165206,2116373.8131349487,,COMPLETE
124,124,806011.0574387411,2022-01-14 10:38:31.473832,2022-01-14 10:38:34.966800,0 days 00:00:03.492968,0.2419304320758786,50104.422079240634,,COMPLETE
125,125,1778996.1398054024,2022-01-14 10:38:35.472324,2022-01-14 10:38:40.841670,0 days 00:00:05.369346,5.15700617379328,110381.80818753329,,COMPLETE
126,126,104921845.98130459,2022-01-14 10:38:41.000965,2022-01-14 10:38:43.398721,0 days 00:00:02.397756,0.8643901726900194,6509616.199727013,,COMPLETE
127,127,60520797.3989956,2022-01-14 10:38:43.567219,2022-01-14 10:39:00.731393,0 days 00:00:17.164174,0.13641290376614323,3754933.845589529,,COMPLETE
128,128,28267474.80672717,2022-01-14 10:39:00.888098,2022-01-14 10:39:19.228975,0 days 00:00:18.340877,4.8116244650935585,1753786.4776781728,,COMPLETE
129,129,354597.43568255636,2022-01-14 10:39:19.388753,2022-01-14 10:39:24.859144,0 days 00:00:05.470391,5.796284385278364,22000.106546483286,,COMPLETE
130,130,789066.4944181377,2022-01-14 10:39:25.028334,2022-01-14 10:39:28.435734,0 days 00:00:03.407400,8.018821689058942,48920.904050373945,,COMPLETE
131,131,132468840.49923368,2022-01-14 10:39:28.590938,2022-01-14 10:39:31.228398,0 days 00:00:02.637460,9.142380956578139,8218586.368793073,,COMPLETE
132,132,90274152.80840987,2022-01-14 10:39:31.401367,2022-01-14 10:39:33.671202,0 days 00:00:02.269835,2.8676926609878963,5600830.822786383,,COMPLETE
133,133,1891079.6012631096,2022-01-14 10:39:33.832615,2022-01-14 10:39:40.045475,0 days 00:00:06.212860,6.3240528509813245,117318.95457056811,,COMPLETE
134,134,36883.82063098315,2022-01-14 10:39:40.200331,2022-01-14 10:39:57.985525,0 days 00:00:17.785194,6.518013883452783,2304.093141037556,,COMPLETE
135,135,57219414.04487818,2022-01-14 10:39:58.157244,2022-01-14 10:40:16.518597,0 days 00:00:18.361353,6.939654538691162,3549994.1424062373,,COMPLETE
136,136,1583490753.538036,2022-01-14 10:40:16.687996,2022-01-14 10:40:35.014091,0 days 00:00:18.326095,2.2916484842638676,98243082.43602963,,COMPLETE
137,137,31929055.91346871,2022-01-14 10:40:35.144377,2022-01-14 10:40:35.884549,0 days 00:00:00.740172,89.14219340417455,1978919.4885464616,,COMPLETE
138,138,1037383.6715640116,2022-01-14 10:40:36.095423,2022-01-14 10:40:40.237181,0 days 00:00:04.141758,10.428493041875958,64283.93678122237,,COMPLETE
139,139,247507.53824128697,2022-01-14 10:40:40.366468,2022-01-14 10:40:44.526282,0 days 00:00:04.159814,10.313372890448933,15280.311653408007,,COMPLETE
140,140,71580329.20314743,2022-01-14 10:40:44.682442,2022-01-14 10:40:48.736248,0 days 00:00:04.053806,10.648596928638478,4440910.161100084,,COMPLETE
141,141,37868129.3600792,2022-01-14 10:40:48.869329,2022-01-14 10:40:51.608963,0 days 00:00:02.739634,13.35513820430901,2349300.885035348,,COMPLETE
142,142,106517848.31379972,2022-01-14 10:40:51.764005,2022-01-14 10:40:55.322072,0 days 00:00:03.558067,10.314606639753563,6608512.437142458,,COMPLETE
143,143,31087955.8448461,2022-01-14 10:40:55.469926,2022-01-14 10:40:58.600541,0 days 00:00:03.130615,8.186291855895542,1928723.9189013352,,COMPLETE
144,144,10548593.960262224,2022-01-14 10:40:58.916905,2022-01-14 10:41:04.946320,0 days 00:00:06.029415,5.981829813169483,654454.151641208,,COMPLETE
