,number,value,datetime_start,datetime_complete,duration,params_Tu,params_Tv,system_attrs_fail_reason,state
870,870,31501343.758721817,2022-01-14 12:01:52.520143,2022-01-14 12:01:53.409092,0 days 00:00:00.888949,50.99541401702534,1953350.473841942,,COMPLETE
871,871,88863771.27913456,2022-01-14 12:01:53.574858,2022-01-14 12:01:54.471175,0 days 00:00:00.896317,50.50815534317496,5512246.514017394,,COMPLETE
872,872,1296850.082151627,2022-01-14 12:01:54.639244,2022-01-14 12:01:55.792017,0 days 00:00:01.152773,61.84220719846492,79125.85101402653,,COMPLETE
873,873,471048.5777804271,2022-01-14 12:01:56.022809,2022-01-14 12:01:57.340751,0 days 00:00:01.317942,52.6588958786886,28123.580936260274,,COMPLETE
874,874,52434850.43502443,2022-01-14 12:01:57.505815,2022-01-14 12:02:02.417045,0 days 00:00:04.911230,2.3881230993774647,3253206.05197287,,COMPLETE
875,875,90587.62146803191,2022-01-14 12:02:02.791027,2022-01-14 12:02:04.472317,0 days 00:00:01.681290,39.84435714955913,4838.934300558534,,COMPLETE
876,876,29338887.735380627,2022-01-14 12:02:04.639629,2022-01-14 12:02:05.698136,0 days 00:00:01.058507,36.83788230043795,1819546.1618013985,,COMPLETE
877,877,864239.3333093638,2022-01-14 12:02:05.854776,2022-01-14 12:02:07.397015,0 days 00:00:01.542239,32.11643494124813,53039.240875188174,,COMPLETE
878,878,414368.82196334394,2022-01-14 12:02:07.582597,2022-01-14 12:02:08.859584,0 days 00:00:01.276987,47.909890048083625,24727.312013971245,,COMPLETE
879,879,177682.21317497818,2022-01-14 12:02:09.073849,2022-01-14 12:02:10.476984,0 days 00:00:01.403135,39.463558516841815,10255.27726025998,,COMPLETE
880,880,53436471.25129318,2022-01-14 12:02:10.643528,2022-01-14 12:02:11.803014,0 days 00:00:01.159486,38.13223512581092,3314577.28880065,,COMPLETE
881,881,153985687.69949797,2022-01-14 12:02:11.951214,2022-01-14 12:02:13.052023,0 days 00:00:01.100809,42.49386456851506,9552748.12355301,,COMPLETE
882,882,31065647.00642364,2022-01-14 12:02:13.293977,2022-01-14 12:02:14.351269,0 days 00:00:01.057292,41.13076068414633,1926569.0433652685,,COMPLETE
883,883,80026954.81159878,2022-01-14 12:02:14.501863,2022-01-14 12:02:15.542175,0 days 00:00:01.040312,54.586397237851195,4963888.742488472,,COMPLETE
884,884,152152.431499641,2022-01-14 12:02:15.721859,2022-01-14 12:02:17.348137,0 days 00:00:01.626278,34.30018547865643,8801.79781088734,,COMPLETE
885,885,51783124.53772052,2022-01-14 12:02:17.520534,2022-01-14 12:02:18.616423,0 days 00:00:01.095889,35.88347543509458,3212057.250449268,,COMPLETE
886,886,29169965.57227502,2022-01-14 12:02:18.829056,2022-01-14 12:02:19.841701,0 days 00:00:01.012645,45.68415544810381,1808841.6025801415,,COMPLETE
887,887,240734.69108819476,2022-01-14 12:02:20.005206,2022-01-14 12:02:21.209322,0 days 00:00:01.204116,49.65034080707155,13909.658711944505,,COMPLETE
888,888,97571839.53049703,2022-01-14 12:02:21.344909,2022-01-14 12:02:22.365180,0 days 00:00:01.020271,41.724495910112424,6052735.775720335,,COMPLETE
889,889,29331112.838760063,2022-01-14 12:02:22.500266,2022-01-14 12:02:23.821181,0 days 00:00:01.320915,29.97168711223746,1819237.8689113988,,COMPLETE
890,890,1221247946.4942584,2022-01-14 12:02:23.960072,2022-01-14 12:02:24.970343,0 days 00:00:01.010271,48.76763851254368,75767747.60180944,,COMPLETE
891,891,662391.2530357473,2022-01-14 12:02:25.116524,2022-01-14 12:02:26.545127,0 days 00:00:01.428603,34.813959684823025,40447.60936527338,,COMPLETE
892,892,317974905.0521131,2022-01-14 12:02:26.707029,2022-01-14 12:02:27.712550,0 days 00:00:01.005521,39.23653147370821,19727061.02048964,,COMPLETE
893,893,360010.8928306328,2022-01-14 12:02:27.888270,2022-01-14 12:02:29.545670,0 days 00:00:01.657400,28.60545893729366,21844.102852679534,,COMPLETE
894,894,68751793.08037677,2022-01-14 12:02:29.709567,2022-01-14 12:02:30.597552,0 days 00:00:00.887985,51.48638878047957,4264432.975440711,,COMPLETE
895,895,51704195.80507604,2022-01-14 12:02:30.768493,2022-01-14 12:02:35.934812,0 days 00:00:05.166319,6.615298436406552,3207823.6936660972,,COMPLETE
896,896,113004298.33242474,2022-01-14 12:02:36.109191,2022-01-14 12:02:37.014359,0 days 00:00:00.905168,54.52983635106481,7009872.795152163,,COMPLETE
897,897,31095243.527474295,2022-01-14 12:02:37.168577,2022-01-14 12:02:38.326353,0 days 00:00:01.157776,32.8072865631586,1928616.2968725483,,COMPLETE
898,898,26255369.21751986,2022-01-14 12:02:38.503103,2022-01-14 12:02:43.971007,0 days 00:00:05.467904,5.188010594414076,1628946.2270895008,,COMPLETE
899,899,198117.77264923937,2022-01-14 12:02:44.142552,2022-01-14 12:02:45.407847,0 days 00:00:01.265295,83.62169667353305,10403.644104029314,,COMPLETE
900,900,74157671.24905871,2022-01-14 12:02:45.578110,2022-01-14 12:02:46.572042,0 days 00:00:00.993932,46.54873539714543,4599950.025316554,,COMPLETE
901,901,1117301.4852186872,2022-01-14 12:02:46.763742,2022-01-14 12:02:47.834793,0 days 00:00:01.071051,45.46968011349333,68401.31885603773,,COMPLETE
902,902,52701428.110692665,2022-01-14 12:02:47.989978,2022-01-14 12:02:49.042017,0 days 00:00:01.052039,43.355851935710604,3268841.257730569,,COMPLETE
903,903,581059782.3547845,2022-01-14 12:02:49.516880,2022-01-14 12:02:53.028050,0 days 00:00:03.511170,3.648879799488979,36050178.982358485,,COMPLETE
904,904,30459148.167272944,2022-01-14 12:02:53.173014,2022-01-14 12:02:54.492410,0 days 00:00:01.319396,50.43385441632851,1888704.7398764645,,COMPLETE
905,905,28711182.70986474,2022-01-14 12:02:54.659181,2022-01-14 12:02:59.106774,0 days 00:00:04.447593,6.903605730000361,1781285.0645306818,,COMPLETE
906,906,9.223372036854776e+18,2022-01-14 12:02:59.357105,2022-01-14 12:02:59.812512,0 days 00:00:00.455407,0.09460671145294608,4887985.843861725,,COMPLETE
907,907,1806805.1767161943,2022-01-14 12:02:59.965721,2022-01-14 12:03:01.494404,0 days 00:00:01.528683,40.1711036513062,111314.05084542392,,COMPLETE
908,908,54156751.30720806,2022-01-14 12:03:01.738292,2022-01-14 12:03:23.357123,0 days 00:00:21.618831,1.7168703445591367,3360037.088650944,,COMPLETE
909,909,362970.5546061964,2022-01-14 12:03:23.487928,2022-01-14 12:03:29.335311,0 days 00:00:05.847383,4.988083960287147,22530.869303642517,,COMPLETE
910,910,27563842.248534676,2022-01-14 12:03:29.534503,2022-01-14 12:03:49.240670,0 days 00:00:19.706167,7.494343610876148,1710092.1681092163,,COMPLETE
911,911,115495780.4576274,2022-01-14 12:03:49.410405,2022-01-14 12:03:52.580874,0 days 00:00:03.170469,8.060598589722582,7165562.118553408,,COMPLETE
912,912,28206517.792164203,2022-01-14 12:03:52.775106,2022-01-14 12:03:55.606975,0 days 00:00:02.831869,2.6628538729488893,1750028.1189356658,,COMPLETE
913,913,59153791.62322955,2022-01-14 12:03:55.737843,2022-01-14 12:03:56.590418,0 days 00:00:00.852575,59.0080658324201,3668762.4107295624,,COMPLETE
914,914,1780931.7048447046,2022-01-14 12:03:56.721485,2022-01-14 12:04:00.675563,0 days 00:00:03.954078,0.22687397275403232,110590.80560478865,,COMPLETE
915,915,29860399.086330038,2022-01-14 12:04:00.816821,2022-01-14 12:04:01.698851,0 days 00:00:00.882030,44.63225698388173,1851704.1952408303,,COMPLETE
916,916,82946336.64818169,2022-01-14 12:04:01.826141,2022-01-14 12:04:02.809377,0 days 00:00:00.983236,37.51675096258041,5145445.996701476,,COMPLETE
917,917,32314152.966673758,2022-01-14 12:04:02.943828,2022-01-14 12:04:03.822108,0 days 00:00:00.878280,48.54346851965996,2003841.0030061717,,COMPLETE
918,918,1036042216.4412367,2022-01-14 12:04:03.962391,2022-01-14 12:04:09.137015,0 days 00:00:05.174624,5.69446402730431,64278204.23722898,,COMPLETE
919,919,9.223372036854776e+18,2022-01-14 12:04:09.313755,2022-01-14 12:04:09.549643,0 days 00:00:00.235888,0.07940225766300957,106671.66339365592,,COMPLETE
920,920,166935.7816812707,2022-01-14 12:04:09.646500,2022-01-14 12:04:12.459547,0 days 00:00:02.813047,3.5300294694985404,10386.106806532402,,COMPLETE
921,921,59586828.77079886,2022-01-14 12:04:12.605363,2022-01-14 12:04:15.701570,0 days 00:00:03.096207,8.184007774329213,3696852.9947369536,,COMPLETE
922,922,30869923.118767697,2022-01-14 12:04:15.870859,2022-01-14 12:04:16.784167,0 days 00:00:00.913308,52.260655165118536,1914143.7531777846,,COMPLETE
923,923,90940305.76151,2022-01-14 12:04:16.957190,2022-01-14 12:04:22.490785,0 days 00:00:05.533595,5.491735397419514,5642129.304719171,,COMPLETE
924,924,1519853.9799879906,2022-01-14 12:04:22.617991,2022-01-14 12:04:26.474670,0 days 00:00:03.856679,7.535337344957011,94268.54713843773,,COMPLETE
925,925,882984.8488310119,2022-01-14 12:04:26.654822,2022-01-14 12:04:30.528517,0 days 00:00:03.873695,9.454508308107997,54722.07149534536,,COMPLETE
926,926,56660164.879484944,2022-01-14 12:04:30.675785,2022-01-14 12:04:35.872870,0 days 00:00:05.197085,5.417896401777792,3515319.478573566,,COMPLETE
927,927,1456572.634319507,2022-01-14 12:04:36.061919,2022-01-14 12:04:36.963303,0 days 00:00:00.901384,86.17357537268025,88418.53540926604,,COMPLETE
928,928,1669841.2952519627,2022-01-14 12:04:37.123665,2022-01-14 12:04:40.325706,0 days 00:00:03.202041,3.4083226397248247,103630.87090080965,,COMPLETE
929,929,29579827.13550485,2022-01-14 12:04:40.489152,2022-01-14 12:04:44.330311,0 days 00:00:03.841159,2.3170763613967558,1835233.6485373215,,COMPLETE
930,930,53446701.93338923,2022-01-14 12:04:44.514368,2022-01-14 12:04:47.891191,0 days 00:00:03.376823,9.33356049864611,3315886.0363148716,,COMPLETE
931,931,136286635.71685,2022-01-14 12:04:48.051798,2022-01-14 12:04:50.932037,0 days 00:00:02.880239,7.274838359172428,8455482.779890781,,COMPLETE
932,932,216263.27552510268,2022-01-14 12:04:51.112938,2022-01-14 12:04:52.355055,0 days 00:00:01.242117,47.929671847131594,12434.779275991023,,COMPLETE
933,933,258942.57871266594,2022-01-14 12:04:52.488637,2022-01-14 12:04:54.026627,0 days 00:00:01.537990,33.23831963206327,15455.613531910973,,COMPLETE
934,934,88337913.1796126,2022-01-14 12:04:54.155964,2022-01-14 12:04:55.056544,0 days 00:00:00.900580,55.7973996576245,5479487.091812218,,COMPLETE
935,935,755072665.3279967,2022-01-14 12:04:55.215687,2022-01-14 12:04:56.207210,0 days 00:00:00.991523,41.34149048519972,46845456.98882552,,COMPLETE
936,936,31845496.84164784,2022-01-14 12:04:56.362199,2022-01-14 12:05:00.703934,0 days 00:00:04.341735,10.303236255422604,1975685.4768092246,,COMPLETE
937,937,216642.1700594458,2022-01-14 12:05:00.832900,2022-01-14 12:05:02.493283,0 days 00:00:01.660383,31.06994302109605,12885.81083968234,,COMPLETE
938,938,9.223372036854776e+18,2022-01-14 12:05:02.669658,2022-01-14 12:05:02.963728,0 days 00:00:00.294070,0.03697072361637743,3243200.8157474026,,COMPLETE
939,939,32175123.687403157,2022-01-14 12:05:03.163330,2022-01-14 12:05:08.920699,0 days 00:00:05.757369,5.197803066223969,1996219.9077018227,,COMPLETE
940,940,496533.38812546857,2022-01-14 12:05:09.105756,2022-01-14 12:05:12.104570,0 days 00:00:02.998814,11.93515713400143,30721.365842344952,,COMPLETE
941,941,76534421.92745136,2022-01-14 12:05:12.266528,2022-01-14 12:05:15.725230,0 days 00:00:03.458702,2.084347323274815,4748395.385520428,,COMPLETE
942,942,393465.15896482527,2022-01-14 12:05:15.892217,2022-01-14 12:05:20.329600,0 days 00:00:04.437383,9.018876999245911,24358.828278524095,,COMPLETE
943,943,30087225.533025526,2022-01-14 12:05:20.746200,2022-01-14 12:05:29.931296,0 days 00:00:09.185096,6.74598056191841,1866660.0911240666,,COMPLETE
944,944,111194248.84765851,2022-01-14 12:05:30.348633,2022-01-14 12:05:36.221246,0 days 00:00:05.872613,3.6354514625001957,6898749.342419939,,COMPLETE
945,945,55409525.69713197,2022-01-14 12:05:36.830964,2022-01-14 12:05:38.173084,0 days 00:00:01.342120,44.9575381596377,3436816.627656922,,COMPLETE
946,946,972566.82087074,2022-01-14 12:05:39.527922,2022-01-14 12:05:46.580873,0 days 00:00:07.052951,10.364785861026276,60263.79052322441,,COMPLETE
947,947,9.223372036854776e+18,2022-01-14 12:05:46.722859,2022-01-14 12:05:46.988873,0 days 00:00:00.266014,0.06109962320327256,1914092.4765106125,,COMPLETE
948,948,1018567.5839865162,2022-01-14 12:05:47.176591,2022-01-14 12:05:50.534450,0 days 00:00:03.357859,12.38618388978092,63099.612227797035,,COMPLETE
949,949,70293417.04056977,2022-01-14 12:05:50.794583,2022-01-14 12:05:51.827941,0 days 00:00:01.033358,50.09252523982836,4360113.85395805,,COMPLETE
950,950,174991.02703220898,2022-01-14 12:05:52.040241,2022-01-14 12:05:56.288889,0 days 00:00:04.248648,9.05081621725476,10803.465393032664,,COMPLETE
951,951,27687254.73134653,2022-01-14 12:05:56.450757,2022-01-14 12:05:58.051645,0 days 00:00:01.600888,27.648145501158186,1717308.4185111017,,COMPLETE
952,952,51732839.179719575,2022-01-14 12:05:58.228740,2022-01-14 12:06:05.788847,0 days 00:00:07.560107,6.496703535769496,3209602.2611096185,,COMPLETE
953,953,21934.952826216937,2022-01-14 12:06:05.994738,2022-01-14 12:06:26.048697,0 days 00:00:20.053959,4.408843895952947,1403.8692299441345,,COMPLETE
954,954,29181029.176008377,2022-01-14 12:06:26.303730,2022-01-14 12:06:34.999435,0 days 00:00:08.695705,1.5939145373270152,1810492.184642308,,COMPLETE
955,955,1509324.0457204846,2022-01-14 12:06:35.215773,2022-01-14 12:06:56.186131,0 days 00:00:20.970358,3.3526308290027167,93672.60810584738,,COMPLETE
956,956,181835.23256565252,2022-01-14 12:06:56.368339,2022-01-14 12:07:02.465542,0 days 00:00:06.097203,5.569035328473798,11284.726917984102,,COMPLETE
957,957,99674187.6082928,2022-01-14 12:07:02.648331,2022-01-14 12:07:07.407806,0 days 00:00:04.759475,4.013634512828968,6184016.984884074,,COMPLETE
958,958,59834416.95008728,2022-01-14 12:07:07.670778,2022-01-14 12:07:10.592761,0 days 00:00:02.921983,2.5478824526241737,3712289.3367264783,,COMPLETE
959,959,29137618.78254805,2022-01-14 12:07:10.758127,2022-01-14 12:07:14.760958,0 days 00:00:04.002831,4.286531440799021,1807779.0187462189,,COMPLETE
960,960,76997995.16232684,2022-01-14 12:07:14.972858,2022-01-14 12:07:20.452777,0 days 00:00:05.479919,4.948784700811411,4777126.960438375,,COMPLETE
961,961,28616115.068315096,2022-01-14 12:07:20.596652,2022-01-14 12:07:34.136212,0 days 00:00:13.539560,1.8722958801787302,1775442.411275648,,COMPLETE
962,962,2002343.4875732001,2022-01-14 12:07:34.309308,2022-01-14 12:07:55.688705,0 days 00:00:21.379397,1.6054288074283236,124270.24426730715,,COMPLETE
963,963,850236.3126458486,2022-01-14 12:07:55.870175,2022-01-14 12:08:19.316709,0 days 00:00:23.446534,6.567096576632725,52739.528393945206,,COMPLETE
964,964,1116916.269718429,2022-01-14 12:08:19.556134,2022-01-14 12:08:25.101972,0 days 00:00:05.545838,4.649368671857434,69311.7492110484,,COMPLETE
965,965,574777.1807405864,2022-01-14 12:08:25.288800,2022-01-14 12:08:29.478825,0 days 00:00:04.190025,7.461920591917682,35635.17258691953,,COMPLETE
966,966,691523087.0845914,2022-01-14 12:08:29.648811,2022-01-14 12:08:30.541556,0 days 00:00:00.892745,53.92764909980451,42902390.58470494,,COMPLETE
967,967,53098709.78368011,2022-01-14 12:08:30.682117,2022-01-14 12:08:35.894944,0 days 00:00:05.212827,0.37129201584178273,3294452.070194146,,COMPLETE
968,968,1376895033.882571,2022-01-14 12:08:36.089001,2022-01-14 12:08:38.660433,0 days 00:00:02.571432,3.4733773309888645,85425446.30222028,,COMPLETE
969,969,31018207.70967587,2022-01-14 12:08:38.828193,2022-01-14 12:08:44.285972,0 days 00:00:05.457779,6.395850232966058,1924425.1975412332,,COMPLETE
970,970,414214.569125491,2022-01-14 12:08:44.455325,2022-01-14 12:08:45.746144,0 days 00:00:01.290819,37.130833831990955,24991.03448471978,,COMPLETE
971,971,81807024.58448249,2022-01-14 12:08:45.911292,2022-01-14 12:08:49.451770,0 days 00:00:03.540478,2.0235779952476696,5075518.958588791,,COMPLETE
972,972,53299097.62057131,2022-01-14 12:08:49.638452,2022-01-14 12:08:52.548135,0 days 00:00:02.909683,7.71386206991333,3306755.931389241,,COMPLETE
973,973,30959403.179399054,2022-01-14 12:08:52.679494,2022-01-14 12:09:10.503177,0 days 00:00:17.823683,0.19366234826631867,1920883.7740497817,,COMPLETE
974,974,925092.6826963311,2022-01-14 12:09:10.684663,2022-01-14 12:09:11.889650,0 days 00:00:01.204987,40.18997293213144,56610.05533133543,,COMPLETE
975,975,592036.3109267745,2022-01-14 12:09:12.049216,2022-01-14 12:09:13.214304,0 days 00:00:01.165088,48.24589333721282,35742.01101808499,,COMPLETE
976,976,129076897.89374217,2022-01-14 12:09:13.366918,2022-01-14 12:09:18.795621,0 days 00:00:05.428703,4.962442893048408,8008209.646472578,,COMPLETE
977,977,885275095.1583503,2022-01-14 12:09:18.959189,2022-01-14 12:09:19.792082,0 days 00:00:00.832893,83.81701882095099,54922408.22535052,,COMPLETE
978,978,649497.3798125336,2022-01-14 12:09:19.949025,2022-01-14 12:09:21.075423,0 days 00:00:01.126398,50.902766096040224,39239.7269796684,,COMPLETE
979,979,56566848.21003574,2022-01-14 12:09:21.224101,2022-01-14 12:09:40.517132,0 days 00:00:19.293031,3.3488880500611895,3509555.3667216985,,COMPLETE
980,980,101032677.24245533,2022-01-14 12:09:40.670761,2022-01-14 12:09:43.480832,0 days 00:00:02.810071,8.402866911058302,6268235.686137064,,COMPLETE
981,981,31417989.444172457,2022-01-14 12:09:43.631958,2022-01-14 12:09:48.457225,0 days 00:00:04.825267,0.13069484691343014,1949335.4252786224,,COMPLETE
982,982,237913.1368489585,2022-01-14 12:09:48.611836,2022-01-14 12:10:08.047038,0 days 00:00:19.435202,6.0371855414099365,14757.198682361413,,COMPLETE
983,983,53239754.16476039,2022-01-14 12:10:08.202722,2022-01-14 12:10:08.979803,0 days 00:00:00.777081,86.87710357585527,3301136.7290419885,,COMPLETE
984,984,182955.75860728588,2022-01-14 12:10:09.147960,2022-01-14 12:10:10.564959,0 days 00:00:01.416999,42.360099969429044,10509.091249964762,,COMPLETE
985,985,28695258.06868011,2022-01-14 12:10:10.738750,2022-01-14 12:10:14.250076,0 days 00:00:03.511326,8.425080231396475,1780271.9088984411,,COMPLETE
986,986,79204988.05334957,2022-01-14 12:10:14.844974,2022-01-14 12:10:15.718514,0 days 00:00:00.873540,46.177764377346556,4913105.4075547075,,COMPLETE
987,987,30734607.92929752,2022-01-14 12:10:15.861328,2022-01-14 12:10:19.440091,0 days 00:00:03.578763,3.698741565436146,1906866.0870615493,,COMPLETE
988,988,190162.88237695862,2022-01-14 12:10:19.642177,2022-01-14 12:10:27.011696,0 days 00:00:07.369519,11.148744604206053,11729.836071931326,,COMPLETE
989,989,810392.0682840926,2022-01-14 12:10:27.178754,2022-01-14 12:10:46.118980,0 days 00:00:18.940226,6.910275335511136,50262.123012287615,,COMPLETE
990,990,52218244.00977252,2022-01-14 12:10:46.283145,2022-01-14 12:10:52.484811,0 days 00:00:06.201666,5.515552299942283,3239732.1485604276,,COMPLETE
991,991,79054373.42660627,2022-01-14 12:10:52.662453,2022-01-14 12:11:12.369311,0 days 00:00:19.706858,0.11979557386300588,4904795.2502597105,,COMPLETE
992,992,165662282.0904801,2022-01-14 12:11:12.533904,2022-01-14 12:11:13.721620,0 days 00:00:01.187716,35.237774053336864,10277372.159704786,,COMPLETE
993,993,30447342.099534776,2022-01-14 12:11:13.868152,2022-01-14 12:11:18.542146,0 days 00:00:04.673994,1.8475418324319164,1889055.6521072085,,COMPLETE
994,994,28974637.699148156,2022-01-14 12:11:18.708612,2022-01-14 12:11:21.198108,0 days 00:00:02.489496,13.468180879562743,1797527.641413856,,COMPLETE
995,995,53771377.2973749,2022-01-14 12:11:21.720768,2022-01-14 12:11:26.344311,0 days 00:00:04.623543,9.897832918919985,3336019.967388546,,COMPLETE
996,996,383739230.9345188,2022-01-14 12:11:26.737606,2022-01-14 12:11:27.701809,0 days 00:00:00.964203,52.20980419442867,23806886.9444172,,COMPLETE
997,997,107110116.07555777,2022-01-14 12:11:27.852770,2022-01-14 12:11:32.198060,0 days 00:00:04.345290,4.2547903786322125,6645354.459275815,,COMPLETE
998,998,29783163.003795683,2022-01-14 12:11:32.376188,2022-01-14 12:11:35.953312,0 days 00:00:03.577124,8.117784544408691,1847773.035720133,,COMPLETE
999,999,71538851.82896234,2022-01-14 12:11:36.122176,2022-01-14 12:11:39.078218,0 days 00:00:02.956042,11.364846933025069,4438347.186449098,,COMPLETE
1000,1000,26037475.157278825,2022-01-14 12:11:39.241490,2022-01-14 12:11:46.145851,0 days 00:00:06.904361,6.137372504722425,1615414.0980221028,,COMPLETE
1001,1001,26093998.369608246,2022-01-14 12:11:46.323456,2022-01-14 12:12:07.677204,0 days 00:00:21.353748,1.919137977422618,1618964.843205473,,COMPLETE
1002,1002,373058.86333877436,2022-01-14 12:12:07.821252,2022-01-14 12:12:08.987391,0 days 00:00:01.166139,56.8946693675393,21936.41806885719,,COMPLETE
1003,1003,505372958.37737757,2022-01-14 12:12:09.155234,2022-01-14 12:12:11.518697,0 days 00:00:02.363463,13.212195635070367,31354270.9785733,,COMPLETE
1004,1004,67273443.82387681,2022-01-14 12:12:11.664652,2022-01-14 12:12:15.212430,0 days 00:00:03.547778,9.517623231390719,4173723.0406585624,,COMPLETE
1005,1005,32383931.20907297,2022-01-14 12:12:15.387376,2022-01-14 12:12:16.395087,0 days 00:00:01.007711,39.06717846507671,2008410.4410134219,,COMPLETE
1006,1006,232108.68144425846,2022-01-14 12:12:16.553880,2022-01-14 12:12:17.558959,0 days 00:00:01.005079,78.61699765347315,12639.885336624204,,COMPLETE
1007,1007,50665774.30540672,2022-01-14 12:12:17.699769,2022-01-14 12:12:18.525906,0 days 00:00:00.826137,81.72888997978066,3141572.2152671665,,COMPLETE
1008,1008,91804105.63148193,2022-01-14 12:12:18.693718,2022-01-14 12:12:23.388258,0 days 00:00:04.694540,4.58282841478497,5695733.48552898,,COMPLETE
1009,1009,9.223372036854776e+18,2022-01-14 12:12:23.593915,2022-01-14 12:12:23.855872,0 days 00:00:00.261957,0.0676426733567923,1698754.1490915138,,COMPLETE
1010,1010,26455311.600599747,2022-01-14 12:12:24.042541,2022-01-14 12:12:27.255667,0 days 00:00:03.213126,8.369370185886977,1641301.9527277844,,COMPLETE
1011,1011,57679787.53183507,2022-01-14 12:12:27.400268,2022-01-14 12:12:33.556139,0 days 00:00:06.155871,11.035582852729192,3578484.402692259,,COMPLETE
1012,1012,9.223372036854776e+18,2022-01-14 12:12:33.702808,2022-01-14 12:12:33.958664,0 days 00:00:00.255856,0.013281388948064077,1577594.4014485483,,COMPLETE
1013,1013,108318365.7122376,2022-01-14 12:12:34.099584,2022-01-14 12:12:36.302623,0 days 00:00:02.203039,3.017624950886618,6720329.851400849,,COMPLETE
1014,1014,412176.7668706264,2022-01-14 12:12:36.468508,2022-01-14 12:12:37.664752,0 days 00:00:01.196244,44.68407923924235,24673.09350162646,,COMPLETE
