,number,value,datetime_start,datetime_complete,duration,params_Tu,params_Tv,system_attrs_fail_reason,state
1733,1733,235700.90454570894,2022-01-14 13:01:18.356674,2022-01-14 13:01:19.349516,0 days 00:00:00.992842,81.22026187186346,12796.7819184281,,COMPLETE
1734,1734,1170919550.2257252,2022-01-14 13:01:19.516250,2022-01-14 13:01:20.282923,0 days 00:00:00.766673,92.51305671719672,72644160.70142676,,COMPLETE
1735,1735,840896.9854907837,2022-01-14 13:01:20.448774,2022-01-14 13:01:21.323426,0 days 00:00:00.874652,91.0793448362222,50096.11972457988,,COMPLETE
1736,1736,32911546.31417591,2022-01-14 13:01:21.467736,2022-01-14 13:01:22.215802,0 days 00:00:00.748066,88.27510852180984,2039897.209203456,,COMPLETE
1737,1737,54094171.90237369,2022-01-14 13:01:22.384891,2022-01-14 13:01:23.152671,0 days 00:00:00.767780,87.38563425670799,3354133.6805341174,,COMPLETE
1738,1738,264536.52895510144,2022-01-14 13:01:23.306509,2022-01-14 13:01:24.312287,0 days 00:00:01.005778,77.99407385512919,14667.88475831732,,COMPLETE
1739,1739,33950209.757143594,2022-01-14 13:01:24.563941,2022-01-14 13:01:25.297130,0 days 00:00:00.733189,84.71826826038355,2104428.214796419,,COMPLETE
1740,1740,225988.53823335565,2022-01-14 13:01:25.451536,2022-01-14 13:01:26.442834,0 days 00:00:00.991298,79.77012410150047,12230.867467715025,,COMPLETE
1741,1741,92031475.7969655,2022-01-14 13:01:26.620722,2022-01-14 13:01:27.386281,0 days 00:00:00.765559,94.26600338594503,5707668.066496262,,COMPLETE
1742,1742,108199.43085102046,2022-01-14 13:01:27.559280,2022-01-14 13:01:28.711388,0 days 00:00:01.152108,79.58131866769482,4924.263269020841,,COMPLETE
1743,1743,55886825.08362415,2022-01-14 13:01:28.894021,2022-01-14 13:01:29.687771,0 days 00:00:00.793750,85.02562682703513,3465413.4259990035,,COMPLETE
1744,1744,28677997.35214932,2022-01-14 13:01:29.853305,2022-01-14 13:01:30.585861,0 days 00:00:00.732556,81.44420401827328,1777412.2544175275,,COMPLETE
1745,1745,29407331.1103352,2022-01-14 13:01:30.767071,2022-01-14 13:01:31.525491,0 days 00:00:00.758420,88.51180211888399,1822482.4457261339,,COMPLETE
1746,1746,491339.3097679426,2022-01-14 13:01:31.687419,2022-01-14 13:01:32.565772,0 days 00:00:00.878353,84.42880917884877,28577.015961280147,,COMPLETE
1747,1747,79395337.30927697,2022-01-14 13:01:32.736089,2022-01-14 13:01:33.497780,0 days 00:00:00.761691,78.49814839271582,4924095.653070664,,COMPLETE
1748,1748,50958108.49484933,2022-01-14 13:01:33.683966,2022-01-14 13:01:34.437321,0 days 00:00:00.753355,82.00020252039968,3159702.3546584556,,COMPLETE
1749,1749,421895877.1939565,2022-01-14 13:01:34.628553,2022-01-14 13:01:35.391386,0 days 00:00:00.762833,82.25289650053496,26173442.53834825,,COMPLETE
1750,1750,31114431.370905638,2022-01-14 13:01:35.561311,2022-01-14 13:01:36.322095,0 days 00:00:00.760784,91.52679360377266,1928318.0396067868,,COMPLETE
1751,1751,501949.43098487053,2022-01-14 13:01:36.457974,2022-01-14 13:01:37.380845,0 days 00:00:00.922871,87.19125590903919,29165.274046607185,,COMPLETE
