,number,value,datetime_start,datetime_complete,duration,params_Tu,params_Tv,system_attrs_fail_reason,state
1302,1302,29726481.240846563,2022-01-14 12:30:32.473939,2022-01-14 12:30:36.126388,0 days 00:00:03.652449,0.13311957755670467,1844390.7558004356,,COMPLETE
1303,1303,58204772.40776637,2022-01-14 12:30:36.292789,2022-01-14 12:30:55.069721,0 days 00:00:18.776932,2.99455504926339,3611179.0523189716,,COMPLETE
1304,1304,28955856.973312728,2022-01-14 12:30:55.232640,2022-01-14 12:30:58.051306,0 days 00:00:02.818666,3.337682205247132,1796512.4581664642,,COMPLETE
1305,1305,95082152.17772208,2022-01-14 12:30:58.209258,2022-01-14 12:31:02.171054,0 days 00:00:03.961796,3.881006539265697,5899118.841382424,,COMPLETE
1306,1306,26080211.455376875,2022-01-14 12:31:02.561586,2022-01-14 12:31:21.045465,0 days 00:00:18.483879,1.2200205982563972,1618112.399233396,,COMPLETE
1307,1307,1716107.580264273,2022-01-14 12:31:21.185657,2022-01-14 12:31:25.937913,0 days 00:00:04.752256,3.966388988864651,106495.30614214425,,COMPLETE
1308,1308,55773862.010702044,2022-01-14 12:31:26.084503,2022-01-14 12:31:31.111010,0 days 00:00:05.026507,5.120803674929457,3460335.505773944,,COMPLETE
1309,1309,9.223372036854776e+18,2022-01-14 12:31:31.260471,2022-01-14 12:31:31.496794,0 days 00:00:00.236323,0.05228075356396111,1857072.8386367816,,COMPLETE
1310,1310,1467983.8462657449,2022-01-14 12:31:31.633817,2022-01-14 12:31:50.063050,0 days 00:00:18.429233,1.475670665697475,91117.94794984563,,COMPLETE
1311,1311,340576551.87353885,2022-01-14 12:31:50.219554,2022-01-14 12:31:52.938416,0 days 00:00:02.718862,3.380057510712814,21130104.64002206,,COMPLETE
1312,1312,2079762.8791933684,2022-01-14 12:31:53.088414,2022-01-14 12:31:58.466765,0 days 00:00:05.378351,5.563386123280093,129036.35771939332,,COMPLETE
1313,1313,70455643.75442238,2022-01-14 12:31:58.614989,2022-01-14 12:32:17.097757,0 days 00:00:18.482768,2.759826802940093,4371250.478294836,,COMPLETE
1314,1314,33752969.263452396,2022-01-14 12:32:17.271449,2022-01-14 12:32:23.727057,0 days 00:00:06.455608,6.007945238986368,2094101.2217326486,,COMPLETE
1315,1315,2180053.7266264115,2022-01-14 12:32:23.849753,2022-01-14 12:32:42.249674,0 days 00:00:18.399921,5.165255337851347,135264.14205958942,,COMPLETE
1316,1316,116853100.20692764,2022-01-14 12:32:42.389911,2022-01-14 12:32:44.804031,0 days 00:00:02.414120,0.12766010313029597,7249906.458994615,,COMPLETE
1317,1317,2298084.7833055207,2022-01-14 12:32:44.972454,2022-01-14 12:33:03.556095,0 days 00:00:18.583641,3.915070537732655,142602.95258837895,,COMPLETE
1318,1318,74113543.91547608,2022-01-14 12:33:03.705889,2022-01-14 12:33:22.018657,0 days 00:00:18.312768,2.3426642368431274,4598197.379843616,,COMPLETE
1319,1319,768670.8870099013,2022-01-14 12:33:22.148744,2022-01-14 12:33:27.721924,0 days 00:00:05.573180,6.930425612250635,47673.33124295108,,COMPLETE
1320,1320,30050869.56250146,2022-01-14 12:33:27.891931,2022-01-14 12:33:33.030641,0 days 00:00:05.138710,5.534447555134199,1864422.1103255951,,COMPLETE
1321,1321,53174912.51973956,2022-01-14 12:33:33.201589,2022-01-14 12:33:36.483251,0 days 00:00:03.281662,0.15728846843826982,3299179.946941025,,COMPLETE
1322,1322,33767682.4071705,2022-01-14 12:33:36.634018,2022-01-14 12:33:55.279314,0 days 00:00:18.645296,1.7666487551940246,2095056.8344168325,,COMPLETE
1323,1323,82946081.48893811,2022-01-14 12:33:55.432889,2022-01-14 12:34:01.336017,0 days 00:00:05.903128,6.111541232510877,5146142.153927649,,COMPLETE
1324,1324,649079.5391804421,2022-01-14 12:34:01.452979,2022-01-14 12:34:19.797533,0 days 00:00:18.344554,3.9237330791741014,40295.12744919245,,COMPLETE
1325,1325,1906062.844603513,2022-01-14 12:34:19.977073,2022-01-14 12:34:28.053795,0 days 00:00:08.076722,6.593215392095722,118244.815870175,,COMPLETE
1326,1326,153138392.9217823,2022-01-14 12:34:28.211316,2022-01-14 12:34:29.009202,0 days 00:00:00.797886,66.4601986732093,9499572.586173356,,COMPLETE
1327,1327,2212337.8641185355,2022-01-14 12:34:29.195204,2022-01-14 12:34:31.823696,0 days 00:00:02.628492,7.869898055429196,137225.06463245413,,COMPLETE
1328,1328,1347344247.8308363,2022-01-14 12:34:32.010621,2022-01-14 12:34:35.141351,0 days 00:00:03.130730,2.548815778658927,83592062.89370942,,COMPLETE
1329,1329,1427022729.7547228,2022-01-14 12:34:35.281476,2022-01-14 12:34:40.545762,0 days 00:00:05.264286,4.890722928006185,88535455.26142335,,COMPLETE
1330,1330,55969033.81539683,2022-01-14 12:34:40.688862,2022-01-14 12:34:43.252877,0 days 00:00:02.564015,7.776903243714055,3472403.2625653325,,COMPLETE
1331,1331,490861.9160150545,2022-01-14 12:34:43.400328,2022-01-14 12:35:01.956784,0 days 00:00:18.556456,2.236468053602575,30494.50532758165,,COMPLETE
1332,1332,29200132.792078495,2022-01-14 12:35:02.107541,2022-01-14 12:35:04.653556,0 days 00:00:02.546015,4.243170851811421,1811658.0559355125,,COMPLETE
1333,1333,53225613.142979585,2022-01-14 12:35:04.821122,2022-01-14 12:35:05.721856,0 days 00:00:00.900734,43.25902324662972,3301365.2365652947,,COMPLETE
1334,1334,9.223372036854776e+18,2022-01-14 12:35:05.871681,2022-01-14 12:35:06.122337,0 days 00:00:00.250656,0.05341880124024412,106358.52341607818,,COMPLETE
1335,1335,1646959.1319133088,2022-01-14 12:35:06.272731,2022-01-14 12:35:07.764294,0 days 00:00:01.491563,29.054102950223072,101678.69499494563,,COMPLETE
1336,1336,88562359.73213984,2022-01-14 12:35:07.894456,2022-01-14 12:35:11.967324,0 days 00:00:04.072868,6.886475479440237,5494576.181764255,,COMPLETE
1337,1337,29188247.559799008,2022-01-14 12:35:12.108263,2022-01-14 12:35:16.425783,0 days 00:00:04.317520,7.64984347308962,1810869.9395900643,,COMPLETE
1338,1338,33190058.189664908,2022-01-14 12:35:16.581716,2022-01-14 12:35:17.347671,0 days 00:00:00.765955,70.74006751941991,2057621.2269340022,,COMPLETE
1339,1339,1643263.3319763148,2022-01-14 12:35:17.482455,2022-01-14 12:35:35.922146,0 days 00:00:18.439691,4.239344398803116,101972.8925162435,,COMPLETE
1340,1340,60336297.34123735,2022-01-14 12:35:36.044900,2022-01-14 12:35:36.924941,0 days 00:00:00.880041,61.422333956923325,3742066.303298755,,COMPLETE
1341,1341,872841.2283810392,2022-01-14 12:35:37.067310,2022-01-14 12:35:40.168392,0 days 00:00:03.101082,8.859229846508562,54103.17368303127,,COMPLETE
1342,1342,1528561.079897674,2022-01-14 12:35:40.346175,2022-01-14 12:35:58.947046,0 days 00:00:18.600871,6.6043393160833554,94823.64978703327,,COMPLETE
1343,1343,977671.0570897761,2022-01-14 12:35:59.091896,2022-01-14 12:36:06.220096,0 days 00:00:07.128200,2.881373697106503,60692.24458562229,,COMPLETE
1344,1344,110014374.84838007,2022-01-14 12:36:06.368382,2022-01-14 12:36:07.375278,0 days 00:00:01.006896,40.20861318131129,6824734.841054479,,COMPLETE
1345,1345,575298.3709420786,2022-01-14 12:36:07.539629,2022-01-14 12:36:12.620024,0 days 00:00:05.080395,5.607619655473918,35695.59262258082,,COMPLETE
1346,1346,9.223372036854776e+18,2022-01-14 12:36:12.767422,2022-01-14 12:36:13.012043,0 days 00:00:00.244621,0.05221586930922406,3205492.330537122,,COMPLETE
1347,1347,29445423.936873794,2022-01-14 12:36:13.159934,2022-01-14 12:36:16.364445,0 days 00:00:03.204511,8.692318141445886,1826809.1179863769,,COMPLETE
1348,1348,85166422.87309262,2022-01-14 12:36:16.531769,2022-01-14 12:36:17.399532,0 days 00:00:00.867763,55.26194820530526,5282734.846940039,,COMPLETE
1349,1349,1307199.1688474226,2022-01-14 12:36:17.527731,2022-01-14 12:36:22.449346,0 days 00:00:04.921615,5.0976055470480075,81111.34845969135,,COMPLETE
1350,1350,677453.3694437081,2022-01-14 12:36:22.617219,2022-01-14 12:36:23.976640,0 days 00:00:01.359421,34.19336794059297,41397.84435922502,,COMPLETE
1351,1351,29752313.604900382,2022-01-14 12:36:24.120992,2022-01-14 12:36:26.375071,0 days 00:00:02.254079,2.7303375034346042,1845931.9197804339,,COMPLETE
1352,1352,9.223372036854776e+18,2022-01-14 12:36:26.549286,2022-01-14 12:36:26.911655,0 days 00:00:00.362369,0.09169049482211644,39498007.89583318,,COMPLETE
1353,1353,57995532.18159419,2022-01-14 12:36:27.064069,2022-01-14 12:36:28.790002,0 days 00:00:01.725933,24.887924976485674,3597766.642769121,,COMPLETE
1354,1354,29603090.516138647,2022-01-14 12:36:28.988567,2022-01-14 12:36:31.831034,0 days 00:00:02.842467,9.306848308127453,1836579.5251204718,,COMPLETE
1355,1355,1774332.0428376019,2022-01-14 12:36:31.995665,2022-01-14 12:36:35.560711,0 days 00:00:03.565046,7.04197472785526,110064.89287715941,,COMPLETE
1356,1356,1403002.5567490186,2022-01-14 12:36:35.735674,2022-01-14 12:36:54.263388,0 days 00:00:18.527714,1.769222254316058,87085.11568080603,,COMPLETE
1357,1357,72109978.06631938,2022-01-14 12:36:54.393638,2022-01-14 12:36:55.412506,0 days 00:00:01.018868,42.31757312123978,4473014.175975491,,COMPLETE
1358,1358,174209.99361120095,2022-01-14 12:36:55.583296,2022-01-14 12:36:59.664073,0 days 00:00:04.080777,9.713432851025793,10743.748144610789,,COMPLETE
1359,1359,918783.7982687439,2022-01-14 12:36:59.827165,2022-01-14 12:37:04.067218,0 days 00:00:04.240053,4.348289685907037,57023.309380637496,,COMPLETE
1360,1360,197947.3956696186,2022-01-14 12:37:04.234041,2022-01-14 12:37:05.710204,0 days 00:00:01.476163,31.01923341561365,11727.012578359863,,COMPLETE
1361,1361,50545677.846781224,2022-01-14 12:37:05.856021,2022-01-14 12:37:09.771229,0 days 00:00:03.915208,7.654321827578249,3135929.0274950424,,COMPLETE
1362,1362,95519.8708563768,2022-01-14 12:37:09.905893,2022-01-14 12:37:11.398018,0 days 00:00:01.492125,37.70818391264281,5199.515014395254,,COMPLETE
1363,1363,33509248.864704005,2022-01-14 12:37:11.556621,2022-01-14 12:37:12.471209,0 days 00:00:00.914588,58.85809355783727,2077725.719680843,,COMPLETE
1364,1364,107735652.3533533,2022-01-14 12:37:12.602537,2022-01-14 12:37:19.136294,0 days 00:00:06.533757,5.9862730140709735,6684140.257623299,,COMPLETE
1365,1365,69913.16955464118,2022-01-14 12:37:19.281819,2022-01-14 12:37:22.763230,0 days 00:00:03.481411,9.753962431669017,4271.496653552723,,COMPLETE
1366,1366,78202325.71826588,2022-01-14 12:37:22.892015,2022-01-14 12:37:41.419689,0 days 00:00:18.527674,9.66848830440207,4851770.767192923,,COMPLETE
1367,1367,48014394.159162804,2022-01-14 12:37:41.578574,2022-01-14 12:38:00.098269,0 days 00:00:18.519695,10.610412278878993,2978831.522772666,,COMPLETE
1368,1368,468343.9456578607,2022-01-14 12:38:00.266171,2022-01-14 12:38:03.247473,0 days 00:00:02.981302,8.84395788202671,29007.525159902394,,COMPLETE
1369,1369,27269268.270951945,2022-01-14 12:38:03.382487,2022-01-14 12:38:07.350322,0 days 00:00:03.967835,10.444409986319156,1691764.1093731083,,COMPLETE
1370,1370,914293783.7579908,2022-01-14 12:38:07.490178,2022-01-14 12:38:10.780732,0 days 00:00:03.290554,8.680736583110928,56724632.177956276,,COMPLETE
1371,1371,30727789.602447703,2022-01-14 12:38:10.913836,2022-01-14 12:38:14.027929,0 days 00:00:03.114093,7.1531457383298225,1906395.5454989388,,COMPLETE
1372,1372,1025418.1426216977,2022-01-14 12:38:14.182053,2022-01-14 12:38:17.390881,0 days 00:00:03.208828,9.256172939340733,63562.4350994024,,COMPLETE
1373,1373,82454725.96874927,2022-01-14 12:38:17.547601,2022-01-14 12:38:23.368501,0 days 00:00:05.820900,11.041699491991386,5115572.7155147465,,COMPLETE
1374,1374,54735122.168539144,2022-01-14 12:38:23.504178,2022-01-14 12:38:29.776103,0 days 00:00:06.271925,5.946727536724905,3395878.292929265,,COMPLETE
1375,1375,130428906.77906348,2022-01-14 12:38:29.938200,2022-01-14 12:38:33.821191,0 days 00:00:03.882991,10.380874508522023,8092002.7338314615,,COMPLETE
1376,1376,29241994.676215302,2022-01-14 12:38:33.963627,2022-01-14 12:38:52.612154,0 days 00:00:18.648527,7.833297673889996,1814201.5162060387,,COMPLETE
1377,1377,28666454.937978655,2022-01-14 12:38:52.753369,2022-01-14 12:38:55.106720,0 days 00:00:02.353351,4.318076987469781,1778546.6458430383,,COMPLETE
1378,1378,253009.72151040862,2022-01-14 12:38:55.264324,2022-01-14 12:38:58.370737,0 days 00:00:03.106413,11.158702197547065,15629.309894585818,,COMPLETE
1379,1379,413336176.36674166,2022-01-14 12:38:58.538213,2022-01-14 12:39:01.437248,0 days 00:00:02.899035,7.193246237599999,25644210.77249597,,COMPLETE
1380,1380,56331186.42399453,2022-01-14 12:39:01.566615,2022-01-14 12:39:06.204794,0 days 00:00:04.638179,5.345910502353448,3494909.976294591,,COMPLETE
1381,1381,82186699.10754475,2022-01-14 12:39:06.335583,2022-01-14 12:39:07.106525,0 days 00:00:00.770942,73.31363508120853,5097408.956718696,,COMPLETE
1382,1382,30020286.985222064,2022-01-14 12:39:07.261072,2022-01-14 12:39:08.046258,0 days 00:00:00.785186,63.88404372764796,1861135.882430647,,COMPLETE
1383,1383,1316669.0497389098,2022-01-14 12:39:08.234165,2022-01-14 12:39:26.956992,0 days 00:00:18.722827,1.786054013321654,81728.72083193719,,COMPLETE
1384,1384,250448673.66535833,2022-01-14 12:39:27.105433,2022-01-14 12:39:29.667497,0 days 00:00:02.562064,11.309121489765348,15538283.912129244,,COMPLETE
1385,1385,55685626.613395676,2022-01-14 12:39:29.820243,2022-01-14 12:39:32.617175,0 days 00:00:02.796932,9.40403017314896,3454792.3109471616,,COMPLETE
1386,1386,36204710.23881064,2022-01-14 12:39:32.747410,2022-01-14 12:39:35.792270,0 days 00:00:03.044860,3.797729364157381,2246241.4771912205,,COMPLETE
1387,1387,9.223372036854776e+18,2022-01-14 12:39:35.930698,2022-01-14 12:39:36.183095,0 days 00:00:00.252397,0.03909366828055294,6291271.983875856,,COMPLETE
1388,1388,1061406.9634310054,2022-01-14 12:39:36.325732,2022-01-14 12:39:41.748584,0 days 00:00:05.422852,7.34681098774448,65828.61633412207,,COMPLETE
1389,1389,29044853.154097464,2022-01-14 12:39:41.879011,2022-01-14 12:39:44.945558,0 days 00:00:03.066547,8.518951245888719,1801959.8893419201,,COMPLETE
1390,1390,362345.4862808957,2022-01-14 12:39:45.130014,2022-01-14 12:39:51.147215,0 days 00:00:06.017201,5.929278682100075,22478.88109396968,,COMPLETE
1391,1391,575636.9226592993,2022-01-14 12:39:51.327413,2022-01-14 12:39:54.080583,0 days 00:00:02.753170,11.57320070824317,35637.3098632916,,COMPLETE
1392,1392,64580331.50510339,2022-01-14 12:39:54.245761,2022-01-14 12:39:57.686354,0 days 00:00:03.440593,2.994636094786446,4006731.8985314765,,COMPLETE
1393,1393,28075756.45111255,2022-01-14 12:39:57.831528,2022-01-14 12:40:01.019988,0 days 00:00:03.188460,9.128887573421984,1741823.6955267088,,COMPLETE
1394,1394,57456074.93228711,2022-01-14 12:40:01.163074,2022-01-14 12:40:01.897996,0 days 00:00:00.734922,68.66119066317682,3563187.819750909,,COMPLETE
1395,1395,982109.8275000367,2022-01-14 12:40:02.041225,2022-01-14 12:40:05.113553,0 days 00:00:03.072328,11.817232884547337,60850.50857968311,,COMPLETE
1396,1396,32294993.78333786,2022-01-14 12:40:05.239426,2022-01-14 12:40:10.723420,0 days 00:00:05.483994,5.057588730374296,2003658.8033342753,,COMPLETE
1397,1397,94942125.55828795,2022-01-14 12:40:10.863684,2022-01-14 12:40:14.054962,0 days 00:00:03.191278,7.165513247532586,5890385.59911441,,COMPLETE
1398,1398,28955814.051120985,2022-01-14 12:40:14.199591,2022-01-14 12:40:32.855470,0 days 00:00:18.655879,2.021094668124783,1796520.5330829285,,COMPLETE
1399,1399,9.223372036854776e+18,2022-01-14 12:40:32.996102,2022-01-14 12:40:33.237259,0 days 00:00:00.241157,0.042682260976364184,111871.82297343726,,COMPLETE
1400,1400,207333.97371189855,2022-01-14 12:40:33.374366,2022-01-14 12:40:37.447040,0 days 00:00:04.072674,9.847737466358636,12796.43200142627,,COMPLETE
1401,1401,60050904.348398834,2022-01-14 12:40:37.597027,2022-01-14 12:40:40.180954,0 days 00:00:02.583927,4.140303832640185,3725705.0172764286,,COMPLETE
1402,1402,80327751.54323475,2022-01-14 12:40:40.324755,2022-01-14 12:40:43.516307,0 days 00:00:03.191552,7.082368818690723,4983680.935149569,,COMPLETE
1403,1403,29805428.788010325,2022-01-14 12:40:43.669024,2022-01-14 12:40:46.622010,0 days 00:00:02.952986,11.392873261835605,1849118.652326946,,COMPLETE
1404,1404,29481873.13984955,2022-01-14 12:40:46.778681,2022-01-14 12:40:49.619978,0 days 00:00:02.841297,9.325574534327684,1829058.6182558108,,COMPLETE
1405,1405,138281007.34190983,2022-01-14 12:40:49.801019,2022-01-14 12:40:52.168549,0 days 00:00:02.367530,12.25423731600873,8579148.644585228,,COMPLETE
1406,1406,53316799.37357425,2022-01-14 12:40:52.321408,2022-01-14 12:40:57.976227,0 days 00:00:05.654819,6.464265805473516,3307874.9217338273,,COMPLETE
1407,1407,30061325.24977479,2022-01-14 12:40:58.177870,2022-01-14 12:41:01.261158,0 days 00:00:03.083288,3.373600142872818,1865097.64033338,,COMPLETE
1408,1408,27261766.36265868,2022-01-14 12:41:01.429334,2022-01-14 12:41:04.505005,0 days 00:00:03.075671,8.272367093257818,1691337.7382925935,,COMPLETE
1409,1409,74467009.51200135,2022-01-14 12:41:04.656114,2022-01-14 12:41:05.424393,0 days 00:00:00.768279,65.46218161794158,4618662.500115285,,COMPLETE
1410,1410,106583656.28030115,2022-01-14 12:41:05.615250,2022-01-14 12:41:10.790673,0 days 00:00:05.175423,5.673714564579408,6612672.5565802995,,COMPLETE
1411,1411,943599.1517442341,2022-01-14 12:41:10.960233,2022-01-14 12:41:15.461164,0 days 00:00:04.500931,10.735412841589419,58459.54395497913,,COMPLETE
1412,1412,724054371.4008652,2022-01-14 12:41:15.599185,2022-01-14 12:41:23.051809,0 days 00:00:07.452624,1.6091312622943357,44921871.85541929,,COMPLETE
1413,1413,1822268.5087188391,2022-01-14 12:41:23.178421,2022-01-14 12:41:28.076702,0 days 00:00:04.898281,4.658520510782809,113073.15415831325,,COMPLETE
1414,1414,1914961.4653913619,2022-01-14 12:41:28.205621,2022-01-14 12:41:30.768877,0 days 00:00:02.563256,8.216768150669402,118770.6541370568,,COMPLETE
1415,1415,1089544.9108919443,2022-01-14 12:41:30.910104,2022-01-14 12:41:33.591825,0 days 00:00:02.681721,13.160015309500878,67485.6198268887,,COMPLETE
1416,1416,121490.39650301816,2022-01-14 12:41:33.753734,2022-01-14 12:41:38.341936,0 days 00:00:04.588202,10.345901212170345,7460.937122877406,,COMPLETE
1417,1417,55306300.265827455,2022-01-14 12:41:38.490383,2022-01-14 12:41:40.848152,0 days 00:00:02.357769,3.1489123439946685,3431350.4081601757,,COMPLETE
1418,1418,51669427.620914936,2022-01-14 12:41:40.983759,2022-01-14 12:41:43.345049,0 days 00:00:02.361290,12.445131333800475,3205582.742252873,,COMPLETE
1419,1419,28627606.627627384,2022-01-14 12:41:43.515224,2022-01-14 12:41:50.023611,0 days 00:00:06.508387,6.235847671871639,1776109.7483501488,,COMPLETE
1420,1420,1622252.1158875064,2022-01-14 12:41:50.151534,2022-01-14 12:41:53.231505,0 days 00:00:03.079971,9.122451854798197,100593.63175664231,,COMPLETE
1421,1421,80309729.45506415,2022-01-14 12:41:53.381661,2022-01-14 12:41:57.106487,0 days 00:00:03.724826,7.702654654451107,4982551.59391664,,COMPLETE
1422,1422,370427.49932162877,2022-01-14 12:41:57.247802,2022-01-14 12:42:02.240109,0 days 00:00:04.992307,4.945212981433339,22994.08611423814,,COMPLETE
1423,1423,281638.9276885992,2022-01-14 12:42:02.405413,2022-01-14 12:42:05.350818,0 days 00:00:02.945405,12.418996751504503,17377.428241164216,,COMPLETE
1424,1424,130060.81257717522,2022-01-14 12:42:05.504711,2022-01-14 12:42:09.649345,0 days 00:00:04.144634,10.167487938766177,7996.080395078309,,COMPLETE
1425,1425,52763274.052456014,2022-01-14 12:42:09.818644,2022-01-14 12:42:10.692345,0 days 00:00:00.873701,60.32793176598777,3272248.01625307,,COMPLETE
1426,1426,31756763.334725894,2022-01-14 12:42:10.867942,2022-01-14 12:42:13.179839,0 days 00:00:02.311897,3.1401576712235046,1970288.4949292613,,COMPLETE
1427,1427,1112236.0400593928,2022-01-14 12:42:13.285542,2022-01-14 12:42:31.971274,0 days 00:00:18.685732,1.2399706453607333,69047.46739478153,,COMPLETE
1428,1428,1092297.2629214225,2022-01-14 12:42:32.094228,2022-01-14 12:42:50.532424,0 days 00:00:18.438196,7.192795468982184,67747.60396430724,,COMPLETE
1429,1429,30102333.04173227,2022-01-14 12:42:50.674398,2022-01-14 12:42:53.366283,0 days 00:00:02.691885,11.940603294705502,1867526.9641300023,,COMPLETE
1430,1430,111395865.25532337,2022-01-14 12:42:53.507135,2022-01-14 12:42:58.247062,0 days 00:00:04.739927,5.400756788458454,6911235.8088669,,COMPLETE
1431,1431,76774413.085267,2022-01-14 12:42:58.389771,2022-01-14 12:43:01.493058,0 days 00:00:03.103287,9.531690876748947,4763182.575150018,,COMPLETE
1432,1432,52073331.298343964,2022-01-14 12:43:01.629724,2022-01-14 12:43:20.123823,0 days 00:00:18.494099,1.71062697061374,3230777.431443318,,COMPLETE
1433,1433,1130422080.75664,2022-01-14 12:43:20.293935,2022-01-14 12:43:23.362659,0 days 00:00:03.068724,13.363135645534921,70133608.17644523,,COMPLETE
1434,1434,220028.2433569945,2022-01-14 12:43:23.497959,2022-01-14 12:43:41.814629,0 days 00:00:18.316670,6.378987006866202,13642.481427031973,,COMPLETE
1435,1435,35761578.44444627,2022-01-14 12:43:41.973481,2022-01-14 12:43:46.160162,0 days 00:00:04.186681,10.350855519238879,2218646.3618027843,,COMPLETE
1436,1436,291647.1041322931,2022-01-14 12:43:46.322866,2022-01-14 12:43:49.736331,0 days 00:00:03.413465,7.998870319145872,18060.182357928657,,COMPLETE
1437,1437,29257148.89670116,2022-01-14 12:43:49.900621,2022-01-14 12:43:53.215893,0 days 00:00:03.315272,0.13208633072845855,1815272.406105833,,COMPLETE
1438,1438,85738552.50549856,2022-01-14 12:43:53.346860,2022-01-14 12:43:54.707961,0 days 00:00:01.361101,27.620030622937243,5318931.755593016,,COMPLETE
1439,1439,51757527.43130494,2022-01-14 12:43:54.856230,2022-01-14 12:43:55.617381,0 days 00:00:00.761151,70.61998262125404,3209588.4813911393,,COMPLETE
1440,1440,1371022.6454725224,2022-01-14 12:43:55.769049,2022-01-14 12:44:00.889750,0 days 00:00:05.120701,4.665983729806889,85076.824207517,,COMPLETE
1441,1441,30592422.94031616,2022-01-14 12:44:01.051535,2022-01-14 12:44:03.586636,0 days 00:00:02.535101,12.14584457584838,1897928.5196206332,,COMPLETE
1442,1442,9.223372036854776e+18,2022-01-14 12:44:03.723733,2022-01-14 12:44:03.969385,0 days 00:00:00.245652,0.020413110530668632,21255.425740966617,,COMPLETE
1443,1443,59048921.71587477,2022-01-14 12:44:04.122880,2022-01-14 12:44:07.068860,0 days 00:00:02.945980,2.9820070718014966,3663551.9014824186,,COMPLETE
1444,1444,29913029.260452922,2022-01-14 12:44:07.211498,2022-01-14 12:44:10.999819,0 days 00:00:03.788321,9.987677287130047,1855797.0361502976,,COMPLETE
